TN:
SF:/home/runner/work/lpm/lpm/crates/lpm-core/src/core/credentials.rs
FN:18,CredentialStore::store
FN:30,CredentialStore::retrieve
FN:45,CredentialStore::delete
FN:57,CredentialStore::exists
FNF:4
FNDA:0,CredentialStore::store
FNDA:1,CredentialStore::retrieve
FNDA:0,CredentialStore::delete
FNDA:0,CredentialStore::exists
DA:18,0
DA:19,0
DA:20,0
DA:22,0
DA:23,0
DA:26,0
DA:30,1
DA:31,2
DA:32,1
DA:34,4
DA:35,2
DA:41,0
DA:45,0
DA:46,0
DA:47,0
DA:49,0
DA:50,0
DA:53,0
DA:57,0
DA:58,0
DA:66,0
DA:70,0
DA:71,0
DA:74,0
DA:75,0
DA:76,0
DA:78,0
LF:27
LH:5
end_of_record
TN:
SF:/home/runner/work/lpm/lpm/crates/lpm-core/src/core/error_help.rs
FN:9,<impl ErrorHelp for LpmError>::help
FN:126,format_error_with_help
FNF:2
FNDA:0,<impl ErrorHelp for LpmError>::help
FNDA:0,format_error_with_help
DA:9,0
DA:10,0
DA:11,0
DA:12,0
DA:15,0
DA:17,0
DA:20,0
DA:22,0
DA:25,0
DA:27,0
DA:30,0
DA:32,0
DA:35,0
DA:38,0
DA:41,0
DA:42,0
DA:45,0
DA:47,0
DA:50,0
DA:53,0
DA:56,0
DA:57,0
DA:60,0
DA:62,0
DA:65,0
DA:68,0
DA:71,0
DA:72,0
DA:77,0
DA:78,0
DA:81,0
DA:83,0
DA:86,0
DA:91,0
DA:95,0
DA:96,0
DA:99,0
DA:101,0
DA:104,0
DA:107,0
DA:110,0
DA:111,0
DA:114,0
DA:117,0
DA:120,0
DA:126,0
DA:127,0
DA:129,0
DA:130,0
DA:131,0
DA:134,0
LF:51
LH:0
end_of_record
TN:
SF:/home/runner/work/lpm/lpm/crates/lpm-core/src/core/path.rs
FN:10,lpm_home
FN:22,cache_dir
FN:34,config_file
FN:48,credentials_file
FN:53,lua_modules_dir
FN:58,lpm_metadata_dir
FN:63,packages_metadata_dir
FN:73,global_dir
FN:78,global_lua_modules_dir
FN:85,global_bin_dir
FN:90,global_packages_metadata_dir
FN:99,find_project_root
FN:135,is_project_root
FN:140,ensure_dir
FN:148,normalize_path
FNF:15
FNDA:5,lpm_home
FNDA:4,cache_dir
FNDA:4,config_file
FNDA:0,credentials_file
FNDA:1,lua_modules_dir
FNDA:1,lpm_metadata_dir
FNDA:1,packages_metadata_dir
FNDA:1,global_dir
FNDA:0,global_lua_modules_dir
FNDA:0,global_bin_dir
FNDA:1,global_packages_metadata_dir
FNDA:2,find_project_root
FNDA:0,is_project_root
FNDA:3,ensure_dir
FNDA:0,normalize_path
DA:10,5
DA:11,10
DA:12,5
DA:13,12
DA:22,4
DA:23,8
DA:24,4
DA:25,8
DA:34,4
DA:35,10
DA:48,0
DA:49,0
DA:53,1
DA:54,2
DA:58,1
DA:59,3
DA:63,1
DA:64,4
DA:73,1
DA:74,2
DA:78,0
DA:79,0
DA:85,0
DA:86,0
DA:90,1
DA:91,3
DA:99,2
DA:100,2
DA:104,4
DA:105,8
DA:106,0
DA:110,8
DA:111,8
DA:114,9
DA:115,9
DA:116,0
DA:120,3
DA:123,2
DA:124,2
DA:126,1
DA:128,1
DA:135,0
DA:136,0
DA:140,3
DA:141,3
DA:142,2
DA:144,3
DA:148,0
DA:150,0
LF:49
LH:37
end_of_record
TN:
SF:/home/runner/work/lpm/lpm/crates/lpm-core/src/core/version.rs
FN:30,Version::new
FN:39,Version::parse
FN:62,Version::satisfies
FN:83,<impl Display for Version>::fmt
FN:89,parse_constraint
FNF:5
FNDA:3,Version::new
FNDA:2,Version::parse
FNDA:4,Version::satisfies
FNDA:1,<impl Display for Version>::fmt
FNDA:3,parse_constraint
DA:30,3
DA:39,2
DA:41,2
DA:42,4
DA:44,4
DA:45,2
DA:48,9
DA:50,6
DA:51,12
DA:52,8
DA:54,3
DA:62,4
DA:63,4
DA:64,1
DA:65,1
DA:66,2
DA:67,1
DA:68,1
DA:70,1
DA:71,1
DA:72,1
DA:73,1
DA:75,4
DA:76,1
DA:77,0
DA:83,1
DA:84,1
DA:89,3
DA:90,3
DA:92,3
DA:93,3
DA:94,1
DA:95,5
DA:96,1
DA:97,1
DA:98,9
DA:99,4
DA:100,3
DA:101,3
DA:102,2
DA:103,1
DA:104,2
DA:105,0
DA:106,0
DA:109,2
DA:110,1
LF:46
LH:43
end_of_record
TN:
SF:/home/runner/work/lpm/lpm/crates/lpm-core/src/package/manifest.rs
FN:30,default_lua_version
FN:50,PackageManifest::load
FN:73,PackageManifest::validate
FN:126,PackageManifest::save
FN:136,PackageManifest::default
FN:155,PackageManifest::production_dependencies
FN:160,PackageManifest::is_dev_dependency
FN:168,PackageManifest::all_dependencies
FNF:8
FNDA:4,default_lua_version
FNDA:4,PackageManifest::load
FNDA:4,PackageManifest::validate
FNDA:2,PackageManifest::save
FNDA:5,PackageManifest::default
FNDA:0,PackageManifest::production_dependencies
FNDA:0,PackageManifest::is_dev_dependency
FNDA:0,PackageManifest::all_dependencies
DA:30,4
DA:31,4
DA:50,4
DA:51,4
DA:52,8
DA:53,1
DA:55,2
DA:59,8
DA:60,12
DA:61,4
DA:64,9
DA:69,5
DA:73,4
DA:75,5
DA:76,1
DA:77,1
DA:82,5
DA:83,1
DA:84,1
DA:89,5
DA:90,0
DA:94,10
DA:95,1
DA:96,0
DA:97,0
DA:100,1
DA:101,0
DA:108,10
DA:109,1
DA:110,0
DA:111,0
DA:114,1
DA:115,0
DA:122,5
DA:126,2
DA:127,2
DA:128,4
DA:129,2
DA:131,4
DA:132,2
DA:136,5
DA:139,5
DA:143,5
DA:144,5
DA:145,6
DA:146,5
DA:148,5
DA:155,0
DA:156,0
DA:160,0
DA:161,0
DA:168,0
DA:169,0
DA:170,0
DA:172,0
DA:173,0
DA:176,0
LF:57
LH:40
end_of_record
TN:
SF:/home/runner/work/lpm/lpm/crates/lpm-core/src/path_setup/loader.rs
FN:14,PathSetup::generate_loader
FN:69,PathSetup::install_loader
FN:82,PathSetup::loader_path
FN:87,PathSetup::lpm_module_dir
FNF:4
FNDA:0,PathSetup::generate_loader
FNDA:0,PathSetup::install_loader
FNDA:0,PathSetup::loader_path
FNDA:0,PathSetup::lpm_module_dir
DA:14,0
DA:15,0
DA:16,0
DA:28,0
DA:31,0
DA:69,0
DA:70,0
DA:71,0
DA:72,0
DA:75,0
DA:77,0
DA:78,0
DA:82,0
DA:83,0
DA:87,0
DA:88,0
LF:16
LH:0
end_of_record
TN:
SF:/home/runner/work/lpm/lpm/crates/lpm-core/src/path_setup/runner.rs
FN:23,LuaRunner::run_script
FN:89,LuaRunner::exec_command
FN:176,LuaRunner::exec_lua
FN:237,get_lpm_lua_binary
FNF:4
FNDA:0,LuaRunner::run_script
FNDA:0,LuaRunner::exec_command
FNDA:0,LuaRunner::exec_lua
FNDA:0,get_lpm_lua_binary
DA:23,0
DA:24,0
DA:25,0
DA:28,0
DA:29,0
DA:30,0
DA:35,0
DA:38,0
DA:39,0
DA:42,0
DA:46,0
DA:47,0
DA:49,0
DA:53,0
DA:56,0
DA:57,0
DA:61,0
DA:62,0
DA:64,0
DA:68,0
DA:69,0
DA:73,0
DA:75,0
DA:76,0
DA:78,0
DA:81,0
DA:82,0
DA:89,0
DA:90,0
DA:91,0
DA:92,0
DA:95,0
DA:98,0
DA:99,0
DA:100,0
DA:103,0
DA:104,0
DA:107,0
DA:108,0
DA:109,0
DA:111,0
DA:115,0
DA:119,0
DA:123,0
DA:124,0
DA:127,0
DA:128,0
DA:130,0
DA:134,0
DA:135,0
DA:136,0
DA:137,0
DA:139,0
DA:141,0
DA:142,0
DA:143,0
DA:145,0
DA:155,0
DA:157,0
DA:159,0
DA:162,0
DA:166,0
DA:167,0
DA:171,0
DA:172,0
DA:176,0
DA:178,0
DA:179,0
DA:180,0
DA:182,0
DA:183,0
DA:184,0
DA:189,0
DA:192,0
DA:193,0
DA:196,0
DA:199,0
DA:200,0
DA:202,0
DA:207,0
DA:208,0
DA:210,0
DA:214,0
DA:215,0
DA:219,0
DA:221,0
DA:222,0
DA:224,0
DA:227,0
DA:228,0
DA:237,0
DA:240,0
DA:241,0
LF:93
LH:0
end_of_record
TN:
SF:/home/runner/work/lpm/lpm/src/build/builder.rs
FN:23,RustBuilder::new
FN:51,RustBuilder::build
FN:147,RustBuilder::build_with_zigbuild
FN:208,RustBuilder::build_with_cargo
FN:263,RustBuilder::find_built_library
FN:302,RustBuilder::build_all_targets
FN:334,RustBuilder::detect_lua_version
FN:339,RustBuilder::get_mlua_features
FNF:8
FNDA:7,RustBuilder::new
FNDA:9,RustBuilder::build
FNDA:3,RustBuilder::build_with_zigbuild
FNDA:2,RustBuilder::build_with_cargo
FNDA:1,RustBuilder::find_built_library
FNDA:4,RustBuilder::build_all_targets
FNDA:3,RustBuilder::detect_lua_version
FNDA:1,RustBuilder::get_mlua_features
DA:23,7
DA:24,13
DA:27,8
DA:28,1
DA:32,14
DA:33,2
DA:39,6
DA:40,6
DA:41,5
DA:51,9
DA:52,2
DA:53,5
DA:56,4
DA:57,0
DA:59,0
DA:62,0
DA:63,0
DA:66,0
DA:67,0
DA:71,0
DA:72,0
DA:73,0
DA:74,0
DA:75,0
DA:76,0
DA:78,0
DA:79,0
DA:85,0
DA:86,0
DA:88,0
DA:89,0
DA:94,0
DA:98,0
DA:99,0
DA:101,0
DA:102,0
DA:103,0
DA:104,0
DA:105,0
DA:107,0
DA:109,0
DA:113,0
DA:118,0
DA:121,0
DA:123,0
DA:125,0
DA:128,0
DA:132,0
DA:135,0
DA:136,0
DA:137,0
DA:138,0
DA:139,0
DA:140,0
DA:143,0
DA:147,3
DA:148,3
DA:152,5
DA:153,6
DA:155,4
DA:156,1
DA:158,2
DA:163,6
DA:164,0
DA:165,0
DA:171,0
DA:172,0
DA:173,0
DA:174,0
DA:175,0
DA:179,0
DA:180,0
DA:181,0
DA:182,0
DA:184,0
DA:188,0
DA:189,0
DA:190,0
DA:194,0
DA:195,0
DA:196,0
DA:197,0
DA:201,0
DA:202,0
DA:204,0
DA:208,2
DA:209,2
DA:213,4
DA:214,3
DA:216,3
DA:217,1
DA:219,2
DA:224,5
DA:225,0
DA:226,0
DA:232,0
DA:235,0
DA:236,0
DA:237,0
DA:239,0
DA:243,0
DA:244,0
DA:245,0
DA:249,0
DA:250,0
DA:251,0
DA:252,0
DA:256,0
DA:257,0
DA:259,0
DA:263,1
DA:265,6
DA:266,3
DA:268,0
DA:272,3
DA:273,3
DA:274,3
DA:275,2
DA:279,2
DA:280,1
DA:281,1
DA:285,2
DA:286,2
DA:287,1
DA:288,1
DA:292,1
DA:294,1
DA:302,4
DA:303,1
DA:305,4
DA:306,2
DA:307,2
DA:309,4
DA:310,0
DA:311,0
DA:312,0
DA:314,1
DA:315,2
DA:321,1
DA:322,1
DA:323,1
DA:327,0
DA:334,3
DA:335,2
DA:339,1
DA:340,1
DA:341,0
LF:147
LH:60
end_of_record
TN:
SF:/home/runner/work/lpm/lpm/src/build/prebuilt.rs
FN:19,PrebuiltBinaryManager::new
FN:32,PrebuiltBinaryManager::has_prebuilt
FN:45,PrebuiltBinaryManager::get_prebuilt
FN:61,PrebuiltBinaryManager::download_prebuilt
FN:123,PrebuiltBinaryManager::find_binary_url
FN:136,PrebuiltBinaryManager::get_or_download
FNF:6
FNDA:0,PrebuiltBinaryManager::new
FNDA:1,PrebuiltBinaryManager::has_prebuilt
FNDA:0,PrebuiltBinaryManager::get_prebuilt
FNDA:0,PrebuiltBinaryManager::download_prebuilt
FNDA:0,PrebuiltBinaryManager::find_binary_url
FNDA:0,PrebuiltBinaryManager::get_or_download
DA:19,0
DA:20,0
DA:21,0
DA:32,1
DA:39,1
DA:41,2
DA:45,0
DA:52,0
DA:54,0
DA:61,0
DA:72,0
DA:73,0
DA:75,0
DA:78,0
DA:79,0
DA:82,0
DA:85,0
DA:86,0
DA:89,0
DA:90,0
DA:92,0
DA:96,0
DA:98,0
DA:99,0
DA:102,0
DA:103,0
DA:104,0
DA:106,0
DA:107,0
DA:108,0
DA:110,0
DA:111,0
DA:112,0
DA:114,0
DA:116,0
DA:123,0
DA:129,0
DA:130,0
DA:136,0
DA:145,0
DA:146,0
DA:150,0
DA:151,0
DA:152,0
DA:153,0
DA:155,0
DA:156,0
DA:157,0
DA:158,0
DA:162,0
LF:50
LH:3
end_of_record
TN:
SF:/home/runner/work/lpm/lpm/src/build/sandbox.rs
FN:15,BuildSandbox::execute_cargo
FN:52,BuildSandbox::check_cargo_zigbuild
FN:60,BuildSandbox::ensure_cargo_zigbuild
FNF:3
FNDA:1,BuildSandbox::execute_cargo
FNDA:1,BuildSandbox::check_cargo_zigbuild
FNDA:1,BuildSandbox::ensure_cargo_zigbuild
DA:15,1
DA:20,1
DA:21,1
DA:22,1
DA:25,1
DA:26,0
DA:31,1
DA:32,1
DA:36,1
DA:39,1
DA:41,1
DA:42,1
DA:44,2
DA:48,0
DA:52,1
DA:53,1
DA:54,1
DA:60,1
DA:61,1
DA:62,1
DA:65,0
DA:66,0
DA:67,0
DA:70,0
DA:71,0
DA:73,0
DA:77,0
DA:78,0
LF:28
LH:18
end_of_record
TN:
SF:/home/runner/work/lpm/lpm/src/build/targets.rs
FN:20,Target::new
FN:34,Target::default_target
FN:73,Target::module_extension
FNF:3
FNDA:2,Target::new
FNDA:2,Target::default_target
FNDA:1,Target::module_extension
DA:20,2
DA:21,2
DA:22,1
DA:25,1
DA:28,2
DA:29,2
DA:34,2
DA:38,3
DA:39,2
DA:73,1
DA:74,2
DA:75,1
DA:76,2
DA:77,1
DA:79,1
LF:15
LH:15
end_of_record
TN:
SF:/home/runner/work/lpm/lpm/src/cache/mod.rs
FN:17,Cache::new
FN:23,Cache::default_cache
FN:28,Cache::luarocks_dir
FN:33,Cache::rockspecs_dir
FN:38,Cache::sources_dir
FN:43,Cache::rust_builds_dir
FN:48,Cache::init
FN:57,Cache::rockspec_path
FN:63,Cache::source_path
FN:74,Cache::exists
FN:79,Cache::read
FN:90,Cache::write
FN:112,Cache::checksum
FN:121,Cache::url_hash
FN:132,Cache::rust_build_path
FN:157,Cache::has_rust_build
FN:170,Cache::store_rust_build
FN:194,Cache::get_rust_build
FN:210,Cache::clean
FN:235,Cache::clean_directory
FN:323,<impl AddAssign for CacheCleanResult>::add_assign
FNF:21
FNDA:3,Cache::new
FNDA:0,Cache::default_cache
FNDA:1,Cache::luarocks_dir
FNDA:1,Cache::rockspecs_dir
FNDA:2,Cache::sources_dir
FNDA:1,Cache::rust_builds_dir
FNDA:1,Cache::init
FNDA:1,Cache::rockspec_path
FNDA:1,Cache::source_path
FNDA:1,Cache::exists
FNDA:1,Cache::read
FNDA:1,Cache::write
FNDA:2,Cache::checksum
FNDA:1,Cache::url_hash
FNDA:1,Cache::rust_build_path
FNDA:1,Cache::has_rust_build
FNDA:1,Cache::store_rust_build
FNDA:0,Cache::get_rust_build
FNDA:1,Cache::clean
FNDA:1,Cache::clean_directory
FNDA:1,<impl AddAssign for CacheCleanResult>::add_assign
DA:17,3
DA:18,6
DA:19,3
DA:23,0
DA:24,0
DA:28,1
DA:29,1
DA:33,1
DA:34,2
DA:38,2
DA:39,2
DA:43,1
DA:44,1
DA:48,1
DA:49,1
DA:50,1
DA:51,1
DA:52,1
DA:53,1
DA:57,1
DA:58,1
DA:59,3
DA:63,1
DA:65,1
DA:66,3
DA:68,4
DA:70,2
DA:74,1
DA:75,1
DA:79,1
DA:80,2
DA:81,1
DA:83,2
DA:90,1
DA:91,1
DA:92,1
DA:94,1
DA:95,0
DA:97,0
DA:101,2
DA:102,0
DA:104,0
DA:108,1
DA:112,2
DA:113,2
DA:114,3
DA:115,2
DA:116,3
DA:117,2
DA:121,1
DA:122,1
DA:123,1
DA:124,1
DA:125,1
DA:132,1
DA:139,4
DA:141,1
DA:142,1
DA:143,1
DA:144,0
DA:146,1
DA:147,0
DA:148,3
DA:149,0
DA:151,1
DA:153,1
DA:157,1
DA:164,2
DA:170,1
DA:178,1
DA:181,2
DA:182,2
DA:186,2
DA:187,0
DA:190,1
DA:194,0
DA:201,0
DA:202,0
DA:203,0
DA:205,0
DA:210,1
DA:213,1
DA:214,2
DA:215,1
DA:223,1
DA:226,1
DA:229,1
DA:231,1
DA:235,1
DA:244,1
DA:245,1
DA:248,0
DA:249,0
DA:252,0
DA:253,0
DA:254,0
DA:255,0
DA:256,0
DA:257,0
DA:258,0
DA:265,0
DA:267,0
DA:270,0
DA:271,0
DA:272,0
DA:273,0
DA:274,0
DA:280,0
DA:281,0
DA:282,0
DA:289,0
DA:291,0
DA:292,0
DA:295,0
DA:296,0
DA:297,0
DA:303,0
DA:304,0
DA:305,0
DA:311,0
DA:323,1
DA:324,1
DA:325,2
LF:123
LH:79
end_of_record
TN:
SF:/home/runner/work/lpm/lpm/src/cli/audit.rs
FN:10,run
FN:16,run_in_dir
FNF:2
FNDA:0,run
FNDA:8,run_in_dir
DA:10,0
DA:11,0
DA:12,0
DA:13,0
DA:16,8
DA:17,4
DA:20,5
DA:21,4
DA:23,0
DA:24,0
DA:25,0
DA:28,0
DA:29,0
DA:30,0
DA:32,0
DA:33,0
DA:34,0
DA:35,0
DA:36,0
DA:38,0
DA:42,0
DA:43,0
DA:46,0
DA:47,0
DA:50,0
LF:25
LH:4
end_of_record
TN:
SF:/home/runner/work/lpm/lpm/src/cli/build.rs
FN:9,run
FN:15,run_in_dir
FNF:2
FNDA:0,run
FNDA:1,run_in_dir
DA:9,0
DA:10,0
DA:11,0
DA:12,0
DA:15,1
DA:16,5
DA:17,5
DA:20,8
DA:21,1
DA:23,1
DA:27,6
DA:29,1
DA:31,2
DA:34,1
DA:35,2
DA:37,3
DA:38,2
DA:39,2
DA:41,1
DA:42,0
DA:43,0
DA:44,0
DA:46,1
DA:47,2
DA:52,1
DA:53,1
DA:54,1
DA:58,0
DA:59,0
DA:60,0
DA:64,3
DA:65,2
DA:67,1
DA:70,1
DA:72,3
DA:74,1
DA:76,1
DA:77,2
DA:78,0
DA:81,0
LF:40
LH:28
end_of_record
TN:
SF:/home/runner/work/lpm/lpm/src/cli/clean.rs
FN:6,run
FN:32,count_packages
FNF:2
FNDA:0,run
FNDA:1,count_packages
DA:6,0
DA:7,0
DA:8,0
DA:10,0
DA:11,0
DA:13,0
DA:14,0
DA:15,0
DA:18,0
DA:21,0
DA:24,0
DA:26,0
DA:27,0
DA:29,0
DA:32,1
DA:33,1
DA:35,1
DA:36,2
DA:37,2
DA:38,1
DA:41,2
DA:43,3
DA:44,3
DA:50,3
DA:51,1
DA:56,1
LF:26
LH:12
end_of_record
TN:
SF:/home/runner/work/lpm/lpm/src/cli/exec.rs
FN:6,run
FNF:1
FNDA:1,run
DA:6,1
DA:7,2
DA:8,1
DA:9,1
DA:13,0
DA:15,0
DA:18,0
DA:21,0
DA:22,0
LF:9
LH:4
end_of_record
TN:
SF:/home/runner/work/lpm/lpm/src/cli/generate_rockspec.rs
FN:9,run
FN:15,run_in_dir
FNF:2
FNDA:0,run
FNDA:1,run_in_dir
DA:9,0
DA:10,0
DA:11,0
DA:12,0
DA:15,1
DA:16,1
DA:17,2
DA:19,2
DA:24,1
DA:27,2
DA:29,2
DA:30,2
DA:32,2
DA:34,1
DA:36,1
LF:15
LH:11
end_of_record
TN:
SF:/home/runner/work/lpm/lpm/src/cli/init.rs
FN:11,run
FN:17,run_in_dir
FN:41,run_wizard
FN:299,run_non_interactive
FNF:4
FNDA:0,run
FNDA:4,run_in_dir
FNDA:0,run_wizard
FNDA:1,run_non_interactive
DA:11,0
DA:12,0
DA:13,0
DA:14,0
DA:17,4
DA:19,2
DA:20,1
DA:21,1
DA:26,0
DA:28,0
DA:32,0
DA:34,0
DA:38,0
DA:41,0
DA:46,0
DA:49,0
DA:51,0
DA:52,0
DA:53,0
DA:54,0
DA:55,0
DA:56,0
DA:58,0
DA:62,0
DA:65,0
DA:67,0
DA:69,0
DA:72,0
DA:76,0
DA:79,0
DA:89,0
DA:91,0
DA:94,0
DA:95,0
DA:98,0
DA:99,0
DA:101,0
DA:104,0
DA:105,0
DA:108,0
DA:109,0
DA:112,0
DA:113,0
DA:114,0
DA:116,0
DA:118,0
DA:119,0
DA:120,0
DA:122,0
DA:125,0
DA:127,0
DA:128,0
DA:130,0
DA:133,0
DA:138,0
DA:142,0
DA:145,0
DA:146,0
DA:147,0
DA:148,0
DA:149,0
DA:152,0
DA:154,0
DA:157,0
DA:159,0
DA:161,0
DA:164,0
DA:165,0
DA:166,0
DA:167,0
DA:168,0
DA:170,0
DA:171,0
DA:172,0
DA:173,0
DA:175,0
DA:176,0
DA:178,0
DA:179,0
DA:189,0
DA:193,0
DA:195,0
DA:196,0
DA:197,0
DA:201,0
DA:202,0
DA:203,0
DA:204,0
DA:206,0
DA:207,0
DA:209,0
DA:212,0
DA:213,0
DA:215,0
DA:216,0
DA:218,0
DA:220,0
DA:221,0
DA:223,0
DA:225,0
DA:226,0
DA:228,0
DA:230,0
DA:231,0
DA:233,0
DA:240,0
DA:243,0
DA:244,0
DA:245,0
DA:246,0
DA:247,0
DA:249,0
DA:250,0
DA:251,0
DA:254,0
DA:255,0
DA:256,0
DA:259,0
DA:260,0
DA:263,0
DA:269,0
DA:272,0
DA:273,0
DA:274,0
DA:275,0
DA:277,0
DA:278,0
DA:282,0
DA:283,0
DA:284,0
DA:287,0
DA:288,0
DA:289,0
DA:290,0
DA:292,0
DA:293,0
DA:296,0
DA:299,1
DA:305,2
DA:308,2
DA:311,2
DA:312,3
DA:313,0
DA:314,0
DA:315,0
DA:316,0
DA:318,0
DA:319,0
DA:322,2
DA:323,1
DA:324,1
DA:327,2
DA:328,1
DA:329,1
DA:330,0
DA:333,1
LF:156
LH:16
end_of_record
TN:
SF:/home/runner/work/lpm/lpm/src/cli/install.rs
FN:28,run
FN:160,install_global
FN:244,create_global_executables
FN:332,save_global_package_metadata
FN:358,create_executable_wrapper
FN:431,install_from_path
FN:462,install_package
FN:538,install_all_dependencies
FN:590,install_workspace_dependencies
FN:670,generate_lockfile
FN:707,run_interactive
FNF:11
FNDA:0,run
FNDA:0,install_global
FNDA:0,create_global_executables
FNDA:1,save_global_package_metadata
FNDA:1,create_executable_wrapper
FNDA:1,install_from_path
FNDA:0,install_package
FNDA:0,install_all_dependencies
FNDA:0,install_workspace_dependencies
FNDA:0,generate_lockfile
FNDA:0,run_interactive
DA:28,0
DA:38,0
DA:39,0
DA:40,0
DA:45,0
DA:46,0
DA:47,0
DA:49,0
DA:52,0
DA:53,0
DA:55,0
DA:58,0
DA:61,0
DA:62,0
DA:64,0
DA:67,0
DA:69,0
DA:70,0
DA:72,0
DA:77,0
DA:79,0
DA:82,0
DA:83,0
DA:84,0
DA:85,0
DA:88,0
DA:89,0
DA:90,0
DA:94,0
DA:95,0
DA:96,0
DA:97,0
DA:98,0
DA:104,0
DA:105,0
DA:106,0
DA:107,0
DA:109,0
DA:110,0
DA:111,0
DA:116,0
DA:117,0
DA:120,0
DA:123,0
DA:126,0
DA:127,0
DA:130,0
DA:132,0
DA:133,0
DA:136,0
DA:137,0
DA:139,0
DA:142,0
DA:145,0
DA:147,0
DA:152,0
DA:154,0
DA:156,0
DA:160,0
DA:161,0
DA:164,0
DA:165,0
DA:166,0
DA:167,0
DA:168,0
DA:170,0
DA:172,0
DA:176,0
DA:177,0
DA:178,0
DA:180,0
DA:181,0
DA:182,0
DA:185,0
DA:186,0
DA:187,0
DA:188,0
DA:189,0
DA:191,0
DA:193,0
DA:194,0
DA:195,0
DA:197,0
DA:198,0
DA:199,0
DA:202,0
DA:203,0
DA:206,0
DA:207,0
DA:210,0
DA:211,0
DA:212,0
DA:215,0
DA:216,0
DA:217,0
DA:220,0
DA:221,0
DA:224,0
DA:225,0
DA:226,0
DA:227,0
DA:228,0
DA:230,0
DA:232,0
DA:233,0
DA:234,0
DA:235,0
DA:240,0
DA:244,0
DA:251,0
DA:254,0
DA:255,0
DA:256,0
DA:257,0
DA:260,0
DA:261,0
DA:262,0
DA:268,0
DA:269,0
DA:270,0
DA:271,0
DA:272,0
DA:273,0
DA:274,0
DA:275,0
DA:278,0
DA:279,0
DA:280,0
DA:282,0
DA:283,0
DA:284,0
DA:289,0
DA:290,0
DA:291,0
DA:292,0
DA:293,0
DA:294,0
DA:295,0
DA:296,0
DA:297,0
DA:298,0
DA:308,0
DA:310,0
DA:311,0
DA:312,0
DA:317,0
DA:320,0
DA:321,0
DA:322,0
DA:326,0
DA:328,0
DA:332,1
DA:342,1
DA:343,2
DA:346,1
DA:347,1
DA:350,2
DA:351,2
DA:352,2
DA:354,1
DA:358,1
DA:368,1
DA:369,2
DA:370,4
DA:371,4
DA:373,1
DA:378,1
DA:379,0
DA:381,2
DA:385,1
DA:389,1
DA:396,1
DA:397,1
DA:399,1
DA:401,1
DA:404,1
DA:405,1
DA:406,1
DA:426,1
DA:428,1
DA:431,1
DA:432,1
DA:433,1
DA:434,1
DA:441,1
DA:444,1
DA:445,2
DA:447,1
DA:448,2
DA:450,3
DA:451,1
DA:453,2
DA:455,3
DA:456,1
DA:459,1
DA:462,0
DA:469,0
DA:470,0
DA:471,0
DA:474,0
DA:475,0
DA:478,0
DA:480,0
DA:484,0
DA:486,0
DA:487,0
DA:489,0
DA:492,0
DA:493,0
DA:494,0
DA:495,0
DA:496,0
DA:499,0
DA:501,0
DA:502,0
DA:503,0
DA:506,0
DA:507,0
DA:508,0
DA:511,0
DA:512,0
DA:514,0
DA:515,0
DA:516,0
DA:517,0
DA:518,0
DA:521,0
DA:524,0
DA:525,0
DA:526,0
DA:528,0
DA:530,0
DA:532,0
DA:535,0
DA:538,0
DA:546,0
DA:549,0
DA:550,0
DA:552,0
DA:553,0
DA:556,0
DA:557,0
DA:558,0
DA:559,0
DA:560,0
DA:561,0
DA:566,0
DA:567,0
DA:568,0
DA:569,0
DA:570,0
DA:571,0
DA:575,0
DA:576,0
DA:577,0
DA:580,0
DA:581,0
DA:582,0
DA:583,0
DA:584,0
DA:587,0
DA:590,0
DA:596,0
DA:598,0
DA:599,0
DA:602,0
DA:603,0
DA:604,0
DA:605,0
DA:606,0
DA:609,0
DA:610,0
DA:612,0
DA:614,0
DA:615,0
DA:617,0
DA:618,0
DA:619,0
DA:624,0
DA:625,0
DA:626,0
DA:627,0
DA:628,0
DA:634,0
DA:635,0
DA:636,0
DA:638,0
DA:641,0
DA:644,0
DA:645,0
DA:646,0
DA:647,0
DA:648,0
DA:649,0
DA:652,0
DA:653,0
DA:654,0
DA:655,0
DA:656,0
DA:657,0
DA:658,0
DA:662,0
DA:667,0
DA:670,0
DA:676,0
DA:677,0
DA:680,0
DA:682,0
DA:683,0
DA:685,0
DA:686,0
DA:687,0
DA:690,0
DA:691,0
DA:692,0
DA:696,0
DA:698,0
DA:699,0
DA:700,0
DA:703,0
DA:707,0
DA:712,0
DA:715,0
DA:716,0
DA:717,0
DA:718,0
DA:719,0
DA:722,0
DA:726,0
DA:729,0
DA:730,0
DA:733,0
DA:734,0
DA:735,0
DA:736,0
DA:741,0
DA:742,0
DA:744,0
DA:745,0
DA:746,0
DA:750,0
DA:752,0
DA:753,0
DA:754,0
DA:755,0
DA:757,0
DA:762,0
DA:764,0
DA:766,0
DA:768,0
DA:769,0
DA:770,0
DA:784,0
DA:786,0
DA:788,0
DA:789,0
DA:792,0
DA:793,0
DA:794,0
DA:801,0
DA:802,0
DA:805,0
DA:806,0
DA:809,0
DA:810,0
DA:812,0
DA:815,0
DA:817,0
DA:820,0
DA:822,0
DA:823,0
DA:824,0
DA:831,0
DA:832,0
DA:833,0
DA:834,0
DA:835,0
DA:838,0
DA:839,0
DA:841,0
DA:843,0
DA:844,0
DA:846,0
DA:848,0
DA:850,0
DA:851,0
DA:852,0
DA:854,0
DA:855,0
DA:856,0
DA:857,0
DA:860,0
DA:863,0
DA:864,0
DA:865,0
DA:869,0
DA:870,0
DA:871,0
DA:872,0
DA:877,0
DA:878,0
DA:881,0
DA:882,0
DA:885,0
DA:886,0
DA:889,0
DA:890,0
DA:891,0
DA:892,0
DA:896,0
DA:899,0
DA:900,0
DA:903,0
DA:905,0
DA:906,0
DA:907,0
DA:911,0
DA:912,0
DA:914,0
DA:915,0
DA:918,0
DA:921,0
DA:922,0
DA:923,0
DA:926,0
DA:927,0
DA:929,0
DA:931,0
DA:933,0
DA:936,0
DA:940,0
DA:943,0
DA:945,0
DA:947,0
LF:434
LH:43
end_of_record
TN:
SF:/home/runner/work/lpm/lpm/src/cli/list.rs
FN:7,run
FN:36,list_global
FN:104,print_package_list
FN:166,print_dependency_tree
FNF:4
FNDA:0,run
FNDA:0,list_global
FNDA:1,print_package_list
FNDA:1,print_dependency_tree
DA:7,0
DA:8,0
DA:9,0
DA:12,0
DA:13,0
DA:15,0
DA:18,0
DA:21,0
DA:23,0
DA:25,0
DA:27,0
DA:30,0
DA:33,0
DA:36,0
DA:41,0
DA:43,0
DA:44,0
DA:45,0
DA:48,0
DA:50,0
DA:51,0
DA:52,0
DA:53,0
DA:54,0
DA:56,0
DA:57,0
DA:64,0
DA:65,0
DA:66,0
DA:69,0
DA:72,0
DA:74,0
DA:75,0
DA:77,0
DA:78,0
DA:79,0
DA:80,0
DA:86,0
DA:87,0
DA:88,0
DA:94,0
DA:95,0
DA:97,0
DA:101,0
DA:104,1
DA:109,1
DA:111,2
DA:112,1
DA:113,1
DA:117,2
DA:118,1
DA:119,1
DA:124,1
DA:125,1
DA:127,1
DA:128,0
DA:133,1
DA:138,1
DA:139,0
DA:140,0
DA:141,0
DA:142,0
DA:146,0
DA:147,0
DA:149,0
DA:150,0
DA:155,0
DA:163,1
DA:166,1
DA:174,1
DA:177,3
DA:178,1
DA:181,2
DA:182,2
DA:183,1
DA:184,1
DA:186,0
DA:188,1
DA:189,2
DA:191,0
DA:194,2
DA:195,1
DA:199,1
DA:200,1
DA:202,1
DA:204,1
DA:205,0
DA:210,2
DA:217,1
DA:218,0
DA:219,0
DA:220,0
DA:221,0
DA:222,0
DA:223,0
DA:224,0
DA:226,0
DA:229,0
DA:230,0
DA:232,0
DA:242,1
LF:101
LH:33
end_of_record
TN:
SF:/home/runner/work/lpm/lpm/src/cli/login.rs
FN:5,run
FNF:1
FNDA:0,run
DA:5,0
DA:6,0
DA:7,0
DA:8,0
DA:11,0
DA:12,0
DA:13,0
DA:14,0
DA:15,0
DA:17,0
DA:18,0
DA:22,0
DA:23,0
DA:24,0
DA:25,0
DA:26,0
DA:28,0
DA:29,0
DA:33,0
DA:34,0
DA:36,0
DA:37,0
DA:38,0
DA:39,0
DA:41,0
LF:25
LH:0
end_of_record
TN:
SF:/home/runner/work/lpm/lpm/src/cli/lua.rs
FN:50,run
FN:67,list_installed
FN:89,list_remote
FN:102,install
FN:158,use_version
FN:163,set_local
FN:169,show_current
FN:176,show_which
FN:208,uninstall
FN:235,exec
FNF:10
FNDA:0,run
FNDA:0,list_installed
FNDA:0,list_remote
FNDA:0,install
FNDA:0,use_version
FNDA:0,set_local
FNDA:0,show_current
FNDA:0,show_which
FNDA:0,uninstall
FNDA:0,exec
DA:50,0
DA:51,0
DA:52,0
DA:54,0
DA:55,0
DA:56,0
DA:57,0
DA:58,0
DA:59,0
DA:60,0
DA:61,0
DA:62,0
DA:63,0
DA:67,0
DA:68,0
DA:69,0
DA:71,0
DA:72,0
DA:73,0
DA:74,0
DA:77,0
DA:78,0
DA:79,0
DA:80,0
DA:82,0
DA:86,0
DA:89,0
DA:92,0
DA:93,0
DA:94,0
DA:95,0
DA:96,0
DA:97,0
DA:98,0
DA:99,0
DA:102,0
DA:103,0
DA:104,0
DA:105,0
DA:108,0
DA:109,0
DA:110,0
DA:111,0
DA:114,0
DA:117,0
DA:118,0
DA:119,0
DA:120,0
DA:123,0
DA:124,0
DA:125,0
DA:127,0
DA:128,0
DA:134,0
DA:135,0
DA:136,0
DA:137,0
DA:138,0
DA:139,0
DA:143,0
DA:144,0
DA:146,0
DA:147,0
DA:148,0
DA:151,0
DA:152,0
DA:155,0
DA:158,0
DA:159,0
DA:160,0
DA:163,0
DA:164,0
DA:165,0
DA:166,0
DA:169,0
DA:170,0
DA:171,0
DA:172,0
DA:173,0
DA:176,0
DA:177,0
DA:178,0
DA:179,0
DA:183,0
DA:184,0
DA:185,0
DA:186,0
DA:190,0
DA:191,0
DA:197,0
DA:198,0
DA:200,0
DA:201,0
DA:202,0
DA:205,0
DA:208,0
DA:209,0
DA:210,0
DA:212,0
DA:213,0
DA:220,0
DA:221,0
DA:222,0
DA:230,0
DA:231,0
DA:232,0
DA:235,0
DA:236,0
DA:237,0
DA:240,0
DA:241,0
DA:243,0
DA:244,0
DA:250,0
DA:252,0
LF:115
LH:0
end_of_record
TN:
SF:/home/runner/work/lpm/lpm/src/cli/outdated.rs
FN:14,run
FN:147,check_outdated
FNF:2
FNDA:0,run
FNDA:1,check_outdated
DA:14,0
DA:15,0
DA:16,0
DA:18,0
DA:21,0
DA:22,0
DA:24,0
DA:25,0
DA:26,0
DA:29,0
DA:32,0
DA:33,0
DA:36,0
DA:37,0
DA:39,0
DA:40,0
DA:43,0
DA:44,0
DA:46,0
DA:47,0
DA:49,0
DA:50,0
DA:51,0
DA:52,0
DA:53,0
DA:54,0
DA:56,0
DA:58,0
DA:59,0
DA:61,0
DA:62,0
DA:63,0
DA:64,0
DA:69,0
DA:76,0
DA:78,0
DA:79,0
DA:85,0
DA:86,0
DA:88,0
DA:89,0
DA:91,0
DA:92,0
DA:93,0
DA:94,0
DA:95,0
DA:96,0
DA:98,0
DA:100,0
DA:101,0
DA:103,0
DA:104,0
DA:105,0
DA:106,0
DA:111,0
DA:118,0
DA:120,0
DA:121,0
DA:126,0
DA:127,0
DA:128,0
DA:130,0
DA:131,0
DA:134,0
DA:147,1
DA:155,3
DA:156,3
DA:159,0
DA:160,0
DA:161,0
DA:165,2
DA:166,1
DA:170,2
DA:172,5
DA:175,6
DA:177,1
DA:178,0
DA:181,3
DA:184,2
DA:187,2
DA:189,0
DA:193,4
DA:194,6
DA:195,2
DA:196,4
DA:200,0
DA:204,0
DA:205,0
LF:88
LH:16
end_of_record
TN:
SF:/home/runner/work/lpm/lpm/src/cli/package.rs
FN:8,run
FNF:1
FNDA:0,run
DA:8,0
DA:9,0
DA:10,0
DA:12,0
DA:13,0
DA:16,0
DA:17,0
DA:19,0
DA:23,0
DA:25,0
DA:27,0
DA:28,0
DA:29,0
DA:32,0
DA:33,0
DA:35,0
DA:36,0
DA:37,0
DA:41,0
LF:19
LH:0
end_of_record
TN:
SF:/home/runner/work/lpm/lpm/src/cli/plugin/commands.rs
FN:70,run
FN:81,run_config_command
FN:128,list_installed_plugins
FN:152,show_plugin_info
FN:195,update_plugins
FN:225,check_outdated_plugins
FN:287,search_plugins
FNF:7
FNDA:0,run
FNDA:0,run_config_command
FNDA:0,list_installed_plugins
FNDA:0,show_plugin_info
FNDA:0,update_plugins
FNDA:0,check_outdated_plugins
FNDA:0,search_plugins
DA:70,0
DA:71,0
DA:72,0
DA:73,0
DA:74,0
DA:75,0
DA:76,0
DA:77,0
DA:81,0
DA:82,0
DA:83,0
DA:84,0
DA:85,0
DA:86,0
DA:87,0
DA:88,0
DA:89,0
DA:90,0
DA:92,0
DA:97,0
DA:99,0
DA:100,0
DA:102,0
DA:103,0
DA:104,0
DA:105,0
DA:107,0
DA:109,0
DA:110,0
DA:111,0
DA:113,0
DA:114,0
DA:115,0
DA:116,0
DA:118,0
DA:119,0
DA:120,0
DA:123,0
DA:128,0
DA:129,0
DA:131,0
DA:132,0
DA:133,0
DA:134,0
DA:137,0
DA:138,0
DA:139,0
DA:142,0
DA:143,0
DA:144,0
DA:145,0
DA:149,0
DA:152,0
DA:153,0
DA:154,0
DA:155,0
DA:163,0
DA:164,0
DA:166,0
DA:167,0
DA:169,0
DA:170,0
DA:173,0
DA:175,0
DA:176,0
DA:177,0
DA:178,0
DA:179,0
DA:181,0
DA:186,0
DA:192,0
DA:195,0
DA:196,0
DA:197,0
DA:199,0
DA:201,0
DA:202,0
DA:203,0
DA:208,0
DA:209,0
DA:210,0
DA:211,0
DA:214,0
DA:215,0
DA:216,0
DA:217,0
DA:222,0
DA:225,0
DA:226,0
DA:228,0
DA:229,0
DA:230,0
DA:233,0
DA:235,0
DA:236,0
DA:237,0
DA:239,0
DA:240,0
DA:243,0
DA:245,0
DA:246,0
DA:247,0
DA:248,0
DA:252,0
DA:254,0
DA:261,0
DA:266,0
DA:267,0
DA:275,0
DA:276,0
DA:278,0
DA:284,0
DA:287,0
DA:288,0
DA:289,0
DA:291,0
DA:292,0
DA:294,0
DA:295,0
DA:296,0
DA:297,0
DA:298,0
DA:300,0
DA:301,0
DA:302,0
DA:303,0
DA:304,0
DA:306,0
DA:307,0
DA:309,0
DA:311,0
DA:314,0
DA:315,0
DA:319,0
LF:134
LH:0
end_of_record
TN:
SF:/home/runner/work/lpm/lpm/src/cli/plugin/config.rs
FN:17,PluginConfig::load
FN:36,PluginConfig::save
FN:51,PluginConfig::config_path
FN:59,PluginConfig::get
FN:69,PluginConfig::set
FNF:5
FNDA:0,PluginConfig::load
FNDA:0,PluginConfig::save
FNDA:0,PluginConfig::config_path
FNDA:0,PluginConfig::get
FNDA:0,PluginConfig::set
DA:17,0
DA:18,0
DA:20,0
DA:22,0
DA:23,0
DA:24,0
DA:28,0
DA:29,0
DA:30,0
DA:32,0
DA:36,0
DA:37,0
DA:39,0
DA:40,0
DA:43,0
DA:44,0
DA:45,0
DA:47,0
DA:51,0
DA:52,0
DA:53,0
DA:54,0
DA:55,0
DA:59,0
DA:63,0
DA:64,0
DA:65,0
DA:69,0
DA:73,0
DA:74,0
DA:75,0
DA:76,0
LF:32
LH:0
end_of_record
TN:
SF:/home/runner/work/lpm/lpm/src/cli/plugin/installer.rs
FN:15,PluginInstaller::install
FN:101,PluginInstaller::update
FNF:2
FNDA:0,PluginInstaller::install
FNDA:0,PluginInstaller::update
DA:15,0
DA:18,0
DA:21,0
DA:22,0
DA:23,0
DA:24,0
DA:27,0
DA:28,0
DA:31,0
DA:32,0
DA:38,0
DA:41,0
DA:42,0
DA:43,0
DA:46,0
DA:47,0
DA:49,0
DA:50,0
DA:52,0
DA:56,0
DA:58,0
DA:59,0
DA:62,0
DA:63,0
DA:64,0
DA:66,0
DA:69,0
DA:70,0
DA:75,0
DA:76,0
DA:77,0
DA:82,0
DA:83,0
DA:84,0
DA:85,0
DA:86,0
DA:87,0
DA:91,0
DA:92,0
DA:94,0
DA:95,0
DA:97,0
DA:101,0
DA:106,0
DA:107,0
DA:110,0
DA:113,0
DA:116,0
DA:117,0
DA:118,0
DA:119,0
DA:125,0
DA:126,0
DA:130,0
DA:133,0
DA:139,0
LF:56
LH:0
end_of_record
TN:
SF:/home/runner/work/lpm/lpm/src/cli/plugin/metadata.rs
FN:36,PluginMetadata::load
FN:52,PluginMetadata::save
FN:65,PluginMetadata::metadata_path
FN:86,PluginInfo::from_installed
FN:123,PluginInfo::get_executable_version
FNF:5
FNDA:0,PluginMetadata::load
FNDA:0,PluginMetadata::save
FNDA:0,PluginMetadata::metadata_path
FNDA:0,PluginInfo::from_installed
FNDA:0,PluginInfo::get_executable_version
DA:36,0
DA:37,0
DA:38,0
DA:40,0
DA:44,0
DA:45,0
DA:46,0
DA:48,0
DA:52,0
DA:53,0
DA:54,0
DA:57,0
DA:58,0
DA:59,0
DA:61,0
DA:65,0
DA:66,0
DA:67,0
DA:68,0
DA:69,0
DA:86,0
DA:89,0
DA:91,0
DA:92,0
DA:93,0
DA:97,0
DA:98,0
DA:102,0
DA:108,0
DA:112,0
DA:113,0
DA:114,0
DA:118,0
DA:123,0
DA:126,0
DA:128,0
DA:129,0
DA:130,0
DA:131,0
DA:133,0
LF:40
LH:0
end_of_record
TN:
SF:/home/runner/work/lpm/lpm/src/cli/plugin/mod.rs
FN:18,find_plugin
FN:23,find_plugin_in_paths
FN:58,list_plugins
FN:108,run_plugin
FN:260,is_executable
FNF:5
FNDA:1,find_plugin
FNDA:1,find_plugin_in_paths
FNDA:1,list_plugins
FNDA:1,run_plugin
FNDA:1,is_executable
DA:18,1
DA:19,1
DA:23,1
DA:30,3
DA:31,1
DA:32,2
DA:33,2
DA:34,1
DA:35,1
DA:41,3
DA:42,3
DA:43,1
DA:44,3
DA:47,1
DA:48,1
DA:49,1
DA:54,2
DA:58,1
DA:59,1
DA:62,3
DA:63,2
DA:64,2
DA:65,0
DA:66,0
DA:67,0
DA:68,0
DA:69,0
DA:70,0
DA:71,0
DA:72,0
DA:82,1
DA:83,0
DA:84,0
DA:85,0
DA:86,0
DA:87,0
DA:88,0
DA:89,0
DA:90,0
DA:92,0
DA:93,0
DA:94,0
DA:104,1
DA:108,1
DA:111,2
DA:113,0
DA:114,0
DA:117,0
DA:123,0
DA:126,0
DA:127,0
DA:131,0
DA:132,0
DA:134,0
DA:135,0
DA:137,0
DA:138,0
DA:139,0
DA:140,0
DA:141,0
DA:142,0
DA:146,0
DA:147,0
DA:148,0
DA:150,0
DA:151,0
DA:154,0
DA:157,0
DA:158,0
DA:161,0
DA:165,0
DA:169,0
DA:173,0
DA:177,0
DA:178,0
DA:179,0
DA:182,0
DA:184,0
DA:185,0
DA:189,0
DA:190,0
DA:196,0
DA:199,0
DA:205,0
DA:206,0
DA:209,0
DA:210,0
DA:216,0
DA:217,0
DA:218,0
DA:225,0
DA:227,0
DA:230,2
DA:232,3
DA:238,2
DA:239,2
DA:240,2
DA:242,3
DA:246,1
DA:247,2
DA:248,2
DA:250,1
DA:251,0
DA:253,1
DA:255,1
DA:260,1
DA:263,2
DA:264,2
DA:265,1
DA:267,1
DA:269,1
LF:111
LH:44
end_of_record
TN:
SF:/home/runner/work/lpm/lpm/src/cli/plugin/registry.rs
FN:50,PluginRegistry::search
FN:116,PluginRegistry::get_plugin
FN:141,PluginRegistry::get_plugin_from_github
FN:191,PluginRegistry::get_latest_version
FNF:4
FNDA:0,PluginRegistry::search
FNDA:0,PluginRegistry::get_plugin
FNDA:0,PluginRegistry::get_plugin_from_github
FNDA:0,PluginRegistry::get_latest_version
DA:50,0
DA:51,0
DA:54,0
DA:56,0
DA:73,0
DA:74,0
DA:77,0
DA:78,0
DA:80,0
DA:81,0
DA:83,0
DA:87,0
DA:89,0
DA:90,0
DA:92,0
DA:93,0
DA:95,0
DA:96,0
DA:97,0
DA:98,0
DA:99,0
DA:100,0
DA:101,0
DA:102,0
DA:103,0
DA:104,0
DA:105,0
DA:110,0
DA:116,0
DA:124,0
DA:125,0
DA:126,0
DA:129,0
DA:130,0
DA:131,0
DA:136,0
DA:137,0
DA:141,0
DA:145,0
DA:146,0
DA:148,0
DA:149,0
DA:153,0
DA:155,0
DA:156,0
DA:157,0
DA:159,0
DA:163,0
DA:164,0
DA:165,0
DA:166,0
DA:167,0
DA:168,0
DA:169,0
DA:170,0
DA:171,0
DA:172,0
DA:175,0
DA:176,0
DA:177,0
DA:179,0
DA:180,0
DA:181,0
DA:182,0
DA:183,0
DA:184,0
DA:185,0
DA:186,0
DA:191,0
DA:192,0
DA:193,0
DA:195,0
LF:72
LH:0
end_of_record
TN:
SF:/home/runner/work/lpm/lpm/src/cli/publish.rs
FN:7,run
FNF:1
FNDA:0,run
DA:7,0
DA:8,0
DA:9,0
DA:11,0
DA:12,0
DA:14,0
DA:19,0
DA:20,0
DA:22,0
LF:9
LH:0
end_of_record
TN:
SF:/home/runner/work/lpm/lpm/src/cli/remove.rs
FN:7,run
FN:54,remove_global
FNF:2
FNDA:0,run
FNDA:0,remove_global
DA:7,0
DA:8,0
DA:9,0
DA:12,0
DA:13,0
DA:15,0
DA:16,0
DA:19,0
DA:22,0
DA:24,0
DA:25,0
DA:32,0
DA:33,0
DA:34,0
DA:38,0
DA:40,0
DA:41,0
DA:42,0
DA:43,0
DA:45,0
DA:48,0
DA:49,0
DA:51,0
DA:54,0
DA:59,0
DA:60,0
DA:61,0
DA:64,0
DA:65,0
DA:66,0
DA:73,0
DA:74,0
DA:80,0
DA:81,0
DA:82,0
DA:84,0
DA:87,0
DA:90,0
DA:94,0
DA:95,0
DA:99,0
DA:100,0
DA:101,0
DA:106,0
DA:109,0
DA:110,0
DA:113,0
DA:114,0
LF:48
LH:0
end_of_record
TN:
SF:/home/runner/work/lpm/lpm/src/cli/run.rs
FN:7,run
FNF:1
FNDA:1,run
DA:7,1
DA:8,2
DA:9,3
DA:12,0
DA:15,0
DA:16,0
DA:23,0
DA:26,0
DA:27,0
DA:28,0
DA:35,0
DA:36,0
LF:12
LH:3
end_of_record
TN:
SF:/home/runner/work/lpm/lpm/src/cli/template/commands.rs
FN:23,run
FN:30,list_templates
FN:80,create_template
FN:145,copy_template_files
FNF:4
FNDA:0,run
FNDA:0,list_templates
FNDA:0,create_template
FNDA:0,copy_template_files
DA:23,0
DA:24,0
DA:25,0
DA:26,0
DA:30,0
DA:31,0
DA:34,0
DA:35,0
DA:36,0
DA:37,0
DA:38,0
DA:39,0
DA:40,0
DA:44,0
DA:45,0
DA:46,0
DA:48,0
DA:50,0
DA:51,0
DA:52,0
DA:56,0
DA:57,0
DA:58,0
DA:61,0
DA:62,0
DA:64,0
DA:67,0
DA:68,0
DA:69,0
DA:70,0
DA:72,0
DA:73,0
DA:74,0
DA:77,0
DA:80,0
DA:85,0
DA:86,0
DA:89,0
DA:90,0
DA:91,0
DA:95,0
DA:96,0
DA:98,0
DA:99,0
DA:102,0
DA:107,0
DA:110,0
DA:113,0
DA:130,0
DA:132,0
DA:134,0
DA:139,0
DA:140,0
DA:142,0
DA:145,0
DA:152,0
DA:162,0
DA:163,0
DA:164,0
DA:167,0
DA:168,0
DA:169,0
DA:171,0
DA:172,0
DA:173,0
DA:174,0
DA:175,0
DA:176,0
DA:178,0
DA:179,0
DA:182,0
DA:186,0
DA:187,0
DA:189,0
DA:193,0
LF:75
LH:0
end_of_record
TN:
SF:/home/runner/work/lpm/lpm/src/cli/template/discovery.rs
FN:11,TemplateDiscovery::user_templates_dir
FN:17,TemplateDiscovery::builtin_templates_dir
FN:39,TemplateDiscovery::list_templates
FN:61,TemplateDiscovery::discover_in_dir
FN:101,TemplateDiscovery::find_template
FNF:5
FNDA:1,TemplateDiscovery::user_templates_dir
FNDA:1,TemplateDiscovery::builtin_templates_dir
FNDA:0,TemplateDiscovery::list_templates
FNDA:1,TemplateDiscovery::discover_in_dir
FNDA:1,TemplateDiscovery::find_template
DA:11,1
DA:12,2
DA:17,1
DA:20,2
DA:21,2
DA:23,2
DA:25,2
DA:27,3
DA:29,1
DA:35,0
DA:39,0
DA:40,0
DA:43,0
DA:44,0
DA:45,0
DA:46,0
DA:52,0
DA:53,0
DA:54,0
DA:58,0
DA:61,1
DA:62,1
DA:64,3
DA:65,0
DA:68,3
DA:69,3
DA:70,4
DA:72,4
DA:74,2
DA:75,4
DA:76,1
DA:77,1
DA:78,1
DA:79,1
DA:80,1
DA:81,1
DA:85,0
DA:86,0
DA:97,1
DA:101,1
DA:103,2
DA:104,3
DA:105,1
DA:106,2
DA:107,0
DA:108,0
DA:109,0
DA:110,0
DA:111,0
DA:119,1
DA:120,2
DA:121,2
DA:122,0
DA:123,0
DA:124,0
DA:125,0
DA:126,0
DA:131,2
LF:58
LH:34
end_of_record
TN:
SF:/home/runner/work/lpm/lpm/src/cli/template/metadata.rs
FN:24,TemplateMetadata::load
FNF:1
FNDA:1,TemplateMetadata::load
DA:24,1
DA:25,1
DA:26,2
DA:27,1
DA:29,2
DA:33,2
DA:34,2
DA:35,2
LF:8
LH:8
end_of_record
TN:
SF:/home/runner/work/lpm/lpm/src/cli/template/renderer.rs
FN:14,TemplateRenderer::new
FN:23,TemplateRenderer::render
FN:43,TemplateRenderer::render_directory
FN:75,TemplateRenderer::render_file
FN:87,TemplateRenderer::substitute_variables
FNF:5
FNDA:1,TemplateRenderer::new
FNDA:1,TemplateRenderer::render
FNDA:0,TemplateRenderer::render_directory
FNDA:0,TemplateRenderer::render_file
FNDA:0,TemplateRenderer::substitute_variables
DA:14,1
DA:15,2
DA:16,1
DA:17,1
DA:23,1
DA:25,2
DA:26,2
DA:27,1
DA:35,0
DA:38,0
DA:40,0
DA:43,0
DA:49,0
DA:50,0
DA:51,0
DA:52,0
DA:53,0
DA:56,0
DA:60,0
DA:62,0
DA:64,0
DA:65,0
DA:68,0
DA:72,0
DA:75,0
DA:81,0
DA:82,0
DA:83,0
DA:84,0
DA:87,0
DA:88,0
DA:91,0
DA:92,0
DA:93,0
DA:97,0
DA:98,0
DA:99,0
DA:100,0
DA:101,0
DA:106,0
LF:40
LH:8
end_of_record
TN:
SF:/home/runner/work/lpm/lpm/src/cli/update.rs
FN:18,run
FN:140,update_package
FN:207,update_all_packages
FNF:3
FNDA:0,run
FNDA:0,update_package
FNDA:0,update_all_packages
DA:18,0
DA:19,0
DA:20,0
DA:22,0
DA:25,0
DA:26,0
DA:27,0
DA:30,0
DA:31,0
DA:34,0
DA:35,0
DA:38,0
DA:41,0
DA:43,0
DA:44,0
DA:46,0
DA:47,0
DA:49,0
DA:51,0
DA:54,0
DA:57,0
DA:58,0
DA:60,0
DA:64,0
DA:67,0
DA:70,0
DA:73,0
DA:74,0
DA:75,0
DA:79,0
DA:80,0
DA:81,0
DA:82,0
DA:83,0
DA:87,0
DA:88,0
DA:91,0
DA:93,0
DA:94,0
DA:95,0
DA:96,0
DA:97,0
DA:98,0
DA:99,0
DA:101,0
DA:104,0
DA:105,0
DA:106,0
DA:107,0
DA:108,0
DA:109,0
DA:110,0
DA:111,0
DA:113,0
DA:117,0
DA:120,0
DA:123,0
DA:124,0
DA:125,0
DA:126,0
DA:127,0
DA:129,0
DA:130,0
DA:131,0
DA:133,0
DA:135,0
DA:137,0
DA:140,0
DA:149,0
DA:151,0
DA:152,0
DA:153,0
DA:154,0
DA:160,0
DA:163,0
DA:165,0
DA:166,0
DA:169,0
DA:170,0
DA:172,0
DA:173,0
DA:174,0
DA:177,0
DA:178,0
DA:179,0
DA:180,0
DA:184,0
DA:186,0
DA:188,0
DA:192,0
DA:193,0
DA:197,0
DA:198,0
DA:199,0
DA:200,0
DA:202,0
DA:204,0
DA:207,0
DA:216,0
DA:218,0
DA:221,0
DA:223,0
DA:224,0
DA:225,0
DA:226,0
DA:229,0
DA:232,0
DA:235,0
DA:237,0
DA:238,0
DA:242,0
DA:243,0
DA:244,0
DA:249,0
DA:251,0
DA:252,0
DA:253,0
DA:254,0
DA:257,0
DA:260,0
DA:263,0
DA:265,0
DA:266,0
DA:270,0
DA:271,0
DA:272,0
DA:276,0
DA:277,0
DA:279,0
LF:129
LH:0
end_of_record
TN:
SF:/home/runner/work/lpm/lpm/src/cli/verify.rs
FN:9,run
FNF:1
FNDA:0,run
DA:9,0
DA:10,0
DA:11,0
DA:13,0
DA:16,0
DA:17,0
DA:18,0
DA:22,0
DA:23,0
DA:24,0
DA:28,0
DA:29,0
DA:32,0
DA:34,0
DA:37,0
DA:40,0
DA:41,0
DA:42,0
DA:44,0
DA:45,0
DA:46,0
DA:48,0
DA:49,0
DA:52,0
DA:54,0
DA:58,0
LF:26
LH:0
end_of_record
TN:
SF:/home/runner/work/lpm/lpm/src/config/mod.rs
FN:39,default_luarocks_manifest_url
FNF:1
FNDA:3,default_luarocks_manifest_url
DA:39,3
DA:40,3
DA:48,4
DA:50,4
DA:67,4
DA:68,4
DA:70,11
DA:72,5
DA:73,8
DA:74,2
DA:77,10
DA:78,15
DA:79,5
DA:81,5
DA:90,5
DA:91,5
DA:92,10
DA:95,5
DA:97,10
DA:98,5
DA:100,8
DA:101,2
DA:105,1
DA:106,4
DA:107,0
DA:109,4
LF:26
LH:25
end_of_record
TN:
SF:/home/runner/work/lpm/lpm/src/core/path_setup.rs
FN:6,check_path_setup
FN:99,get_cargo_bin_dir
FN:113,expand_path_vars
FN:132,detect_shell
FN:142,get_shell_profile
FN:154,setup_path_auto
FNF:6
FNDA:0,check_path_setup
FNDA:1,get_cargo_bin_dir
FNDA:1,expand_path_vars
FNDA:1,detect_shell
FNDA:1,get_shell_profile
FNDA:0,setup_path_auto
DA:6,0
DA:8,0
DA:9,0
DA:12,0
DA:14,0
DA:17,0
DA:21,0
DA:25,0
DA:27,0
DA:28,0
DA:34,0
DA:35,0
DA:42,0
DA:44,0
DA:45,0
DA:46,0
DA:47,0
DA:49,0
DA:50,0
DA:51,0
DA:54,0
DA:55,0
DA:58,0
DA:59,0
DA:63,0
DA:65,0
DA:66,0
DA:78,0
DA:79,0
DA:81,0
DA:82,0
DA:83,0
DA:84,0
DA:88,0
DA:89,0
DA:92,0
DA:95,0
DA:99,1
DA:103,0
DA:107,2
DA:108,8
DA:113,1
DA:115,2
DA:116,2
DA:117,2
DA:122,2
DA:123,2
DA:124,2
DA:128,1
DA:132,1
DA:133,2
DA:134,1
DA:142,1
DA:144,2
DA:145,3
DA:146,3
DA:147,1
DA:154,0
DA:162,0
DA:163,0
DA:164,0
DA:167,0
DA:168,0
DA:172,0
DA:174,0
DA:175,0
DA:176,0
DA:180,0
DA:183,0
DA:186,0
DA:187,0
DA:189,0
DA:190,0
DA:192,0
DA:193,0
DA:195,0
LF:76
LH:19
end_of_record
TN:
SF:/home/runner/work/lpm/lpm/src/lua_manager/downloader.rs
FN:15,LuaDownloader::new
FN:32,LuaDownloader::get_source_url
FN:44,LuaDownloader::get_binary_name
FN:87,LuaDownloader::download_binary
FN:134,LuaDownloader::list_available_versions
FN:148,LuaDownloader::resolve_version
FN:162,LuaDownloader::is_known_version
FNF:7
FNDA:1,LuaDownloader::new
FNDA:1,LuaDownloader::get_source_url
FNDA:0,LuaDownloader::get_binary_name
FNDA:0,LuaDownloader::download_binary
FNDA:1,LuaDownloader::list_available_versions
FNDA:1,LuaDownloader::resolve_version
FNDA:1,LuaDownloader::is_known_version
DA:15,1
DA:17,6
DA:18,8
DA:19,4
DA:21,8
DA:23,4
DA:24,4
DA:25,4
DA:26,4
DA:27,4
DA:32,1
DA:33,1
DA:34,1
DA:35,1
DA:36,1
DA:44,0
DA:46,0
DA:49,0
DA:58,0
DA:87,0
DA:88,0
DA:89,0
DA:90,0
DA:92,0
DA:95,0
DA:96,0
DA:99,0
DA:101,0
DA:102,0
DA:103,0
DA:113,0
DA:114,0
DA:115,0
DA:121,0
DA:122,0
DA:123,0
DA:126,0
DA:127,0
DA:134,1
DA:135,3
DA:136,2
DA:137,2
DA:138,2
DA:148,1
DA:150,2
DA:151,2
DA:152,2
DA:153,2
DA:154,1
DA:162,1
DA:163,1
DA:164,1
LF:52
LH:29
end_of_record
TN:
SF:/home/runner/work/lpm/lpm/src/lua_manager/switcher.rs
FN:11,VersionSwitcher::new
FN:19,VersionSwitcher::switch
FN:55,VersionSwitcher::set_local
FN:76,VersionSwitcher::current
FN:108,VersionSwitcher::list_installed
FN:136,VersionSwitcher::verify_current_version
FNF:6
FNDA:2,VersionSwitcher::new
FNDA:1,VersionSwitcher::switch
FNDA:1,VersionSwitcher::set_local
FNDA:3,VersionSwitcher::current
FNDA:1,VersionSwitcher::list_installed
FNDA:0,VersionSwitcher::verify_current_version
DA:11,2
DA:13,3
DA:14,3
DA:19,1
DA:20,1
DA:22,2
DA:23,2
DA:24,1
DA:29,2
DA:35,0
DA:36,0
DA:37,0
DA:44,0
DA:46,0
DA:49,0
DA:51,0
DA:55,1
DA:57,1
DA:58,2
DA:59,0
DA:66,1
DA:67,2
DA:69,1
DA:70,1
DA:72,1
DA:76,3
DA:77,3
DA:78,2
DA:81,2
DA:85,1
DA:87,1
DA:88,0
DA:91,0
DA:96,2
DA:97,0
DA:104,1
DA:108,1
DA:109,1
DA:110,1
DA:113,1
DA:114,2
DA:116,3
DA:117,2
DA:118,1
DA:120,2
DA:122,1
DA:123,1
DA:124,3
DA:125,1
DA:131,1
DA:132,1
DA:136,0
DA:137,0
DA:138,0
DA:139,0
DA:144,0
LF:56
LH:40
end_of_record
TN:
SF:/home/runner/work/lpm/lpm/src/lua_manager/versions.rs
FN:4,parse_version
FN:34,version_code
FN:40,compare_versions
FNF:3
FNDA:1,parse_version
FNDA:1,version_code
FNDA:1,compare_versions
DA:4,1
DA:5,1
DA:7,2
DA:8,0
DA:14,9
DA:16,3
DA:18,9
DA:20,3
DA:22,6
DA:23,12
DA:25,3
DA:27,0
DA:30,3
DA:34,1
DA:35,1
DA:36,1
DA:40,1
DA:41,1
DA:42,1
DA:43,1
LF:20
LH:18
end_of_record
TN:
SF:/home/runner/work/lpm/lpm/src/lua_manager/wrappers.rs
FN:11,WrapperGenerator::new
FN:18,WrapperGenerator::generate
FN:36,WrapperGenerator::compile_wrapper
FN:67,WrapperGenerator::wrapper_source_code
FN:155,WrapperGenerator::print_setup_instructions
FNF:5
FNDA:0,WrapperGenerator::new
FNDA:0,WrapperGenerator::generate
FNDA:0,WrapperGenerator::compile_wrapper
FNDA:0,WrapperGenerator::wrapper_source_code
FNDA:0,WrapperGenerator::print_setup_instructions
DA:11,0
DA:13,0
DA:18,0
DA:19,0
DA:21,0
DA:22,0
DA:24,0
DA:25,0
DA:27,0
DA:36,0
DA:37,0
DA:38,0
DA:39,0
DA:44,0
DA:48,0
DA:49,0
DA:51,0
DA:54,0
DA:55,0
DA:62,0
DA:64,0
DA:67,0
DA:68,0
DA:155,0
DA:156,0
DA:157,0
DA:158,0
DA:159,0
DA:169,0
DA:170,0
LF:30
LH:0
end_of_record
TN:
SF:/home/runner/work/lpm/lpm/src/lua_version/compatibility.rs
FN:11,PackageCompatibility::check_package
FN:26,PackageCompatibility::check_rockspec
FN:31,PackageCompatibility::validate_project_constraint
FN:48,PackageCompatibility::filter_compatible_packages
FNF:4
FNDA:1,PackageCompatibility::check_package
FNDA:1,PackageCompatibility::check_rockspec
FNDA:1,PackageCompatibility::validate_project_constraint
FNDA:1,PackageCompatibility::filter_compatible_packages
DA:11,1
DA:15,1
DA:16,2
DA:19,1
DA:22,2
DA:26,1
DA:27,1
DA:31,1
DA:35,1
DA:37,2
DA:38,2
DA:44,1
DA:48,1
DA:54,6
DA:55,4
DA:56,4
DA:57,1
DA:58,1
LF:18
LH:18
end_of_record
TN:
SF:/home/runner/work/lpm/lpm/src/lua_version/constraint.rs
FN:25,LuaVersionConstraint::matches
FN:48,parse_lua_version_constraint
FNF:2
FNDA:2,LuaVersionConstraint::matches
FNDA:1,parse_lua_version_constraint
DA:25,2
DA:26,3
DA:27,1
DA:28,2
DA:29,4
DA:31,1
DA:32,2
DA:34,1
DA:36,3
DA:48,1
DA:49,1
DA:52,1
DA:53,2
DA:55,2
DA:56,1
DA:58,1
DA:59,0
DA:60,1
DA:61,0
DA:63,1
DA:68,2
DA:69,0
DA:70,0
DA:74,1
DA:78,2
DA:79,1
DA:80,1
DA:83,2
DA:85,1
DA:86,1
DA:87,1
DA:90,2
DA:91,1
DA:92,1
DA:95,3
DA:97,1
DA:98,1
DA:99,1
DA:103,3
DA:104,1
LF:40
LH:36
end_of_record
TN:
SF:/home/runner/work/lpm/lpm/src/lua_version/detector.rs
FN:15,<impl Display for LuaVersion>::fmt
FN:22,LuaVersion::new
FN:36,LuaVersion::parse
FN:78,LuaVersion::version_string
FN:83,LuaVersion::major_minor
FN:88,LuaVersion::is_5_1
FN:93,LuaVersion::is_5_3
FN:98,LuaVersion::is_5_4
FN:103,LuaVersion::mlua_feature
FN:122,LuaVersionDetector::detect
FN:145,LuaVersionDetector::detect_with_command
FNF:11
FNDA:1,<impl Display for LuaVersion>::fmt
FNDA:1,LuaVersion::new
FNDA:2,LuaVersion::parse
FNDA:1,LuaVersion::version_string
FNDA:1,LuaVersion::major_minor
FNDA:1,LuaVersion::is_5_1
FNDA:1,LuaVersion::is_5_3
FNDA:1,LuaVersion::is_5_4
FNDA:1,LuaVersion::mlua_feature
FNDA:3,LuaVersionDetector::detect
FNDA:0,LuaVersionDetector::detect_with_command
DA:15,1
DA:16,1
DA:22,1
DA:36,2
DA:38,2
DA:41,5
DA:42,2
DA:45,2
DA:47,8
DA:48,0
DA:54,13
DA:56,7
DA:58,9
DA:60,9
DA:63,4
DA:64,3
DA:70,2
DA:78,1
DA:79,1
DA:83,1
DA:84,1
DA:88,1
DA:89,2
DA:93,1
DA:94,1
DA:98,1
DA:99,1
DA:103,1
DA:104,2
DA:105,1
DA:106,2
DA:107,1
DA:108,1
DA:109,1
DA:112,0
DA:122,3
DA:123,17
DA:124,8
DA:127,0
DA:128,0
DA:129,0
DA:133,0
DA:134,0
DA:138,0
DA:139,0
DA:145,0
DA:146,0
DA:149,0
DA:151,0
DA:152,0
DA:158,0
DA:159,0
DA:162,0
DA:163,0
LF:54
LH:36
end_of_record
TN:
SF:/home/runner/work/lpm/lpm/src/luarocks/client.rs
FN:18,LuaRocksClient::new
FN:27,LuaRocksClient::fetch_manifest
FN:57,LuaRocksClient::download_rockspec
FN:86,LuaRocksClient::parse_rockspec
FN:91,LuaRocksClient::download_source
FN:117,extract_package_name_from_url
FN:127,extract_version_from_url
FNF:7
FNDA:2,LuaRocksClient::new
FNDA:5,LuaRocksClient::fetch_manifest
FNDA:4,LuaRocksClient::download_rockspec
FNDA:1,LuaRocksClient::parse_rockspec
FNDA:4,LuaRocksClient::download_source
FNDA:1,extract_package_name_from_url
FNDA:1,extract_version_from_url
DA:18,2
DA:20,7
DA:21,3
DA:27,5
DA:29,2
DA:31,1
DA:33,3
DA:34,1
DA:37,2
DA:38,1
DA:39,3
DA:41,2
DA:42,0
DA:45,3
DA:48,2
DA:49,1
DA:53,2
DA:57,4
DA:59,2
DA:60,2
DA:61,1
DA:64,1
DA:65,3
DA:66,1
DA:70,2
DA:71,7
DA:73,3
DA:74,2
DA:77,2
DA:80,2
DA:82,1
DA:86,1
DA:87,1
DA:91,4
DA:93,2
DA:95,2
DA:96,1
DA:100,2
DA:101,3
DA:103,2
DA:104,0
DA:107,2
DA:110,2
DA:112,1
DA:117,1
DA:119,1
DA:121,3
DA:127,1
DA:129,1
DA:131,4
DA:132,2
DA:133,7
LF:52
LH:50
end_of_record
TN:
SF:/home/runner/work/lpm/lpm/src/luarocks/manifest.rs
FN:48,Manifest::parse_json
FN:93,Manifest::parse_lua
FN:100,Manifest::get_package_versions
FN:105,Manifest::get_latest_version
FN:112,Manifest::get_package_version_strings
FN:120,<impl Default for Manifest>::default
FNF:6
FNDA:2,Manifest::parse_json
FNDA:1,Manifest::parse_lua
FNDA:2,Manifest::get_package_versions
FNDA:1,Manifest::get_latest_version
FNDA:2,Manifest::get_package_version_strings
FNDA:3,<impl Default for Manifest>::default
DA:48,2
DA:49,6
DA:50,7
DA:54,2
DA:57,2
DA:58,5
DA:59,1
DA:61,2
DA:63,4
DA:65,4
DA:67,1
DA:73,2
DA:74,2
DA:75,2
DA:76,2
DA:81,1
DA:82,4
DA:86,2
DA:87,2
DA:88,2
DA:93,1
DA:94,1
DA:95,1
DA:100,2
DA:101,3
DA:105,1
DA:106,1
DA:108,6
DA:112,2
DA:113,3
DA:114,14
DA:120,3
DA:122,2
DA:123,3
LF:34
LH:34
end_of_record
TN:
SF:/home/runner/work/lpm/lpm/src/luarocks/rockspec.rs
FN:57,InstallTable::is_empty
FN:68,Rockspec::parse_lua
FN:73,Rockspec::to_package_manifest
FNF:3
FNDA:1,InstallTable::is_empty
FNDA:2,Rockspec::parse_lua
FNDA:1,Rockspec::to_package_manifest
DA:57,1
DA:58,1
DA:68,2
DA:69,2
DA:73,1
DA:75,1
DA:76,5
DA:79,2
DA:80,2
DA:81,2
DA:82,2
DA:84,1
DA:85,2
DA:87,2
DA:89,2
DA:92,2
DA:97,3
DA:98,1
DA:100,1
DA:101,1
DA:102,1
DA:103,1
DA:104,1
DA:105,1
DA:110,1
DA:111,1
DA:112,1
DA:113,1
DA:114,2
DA:115,2
DA:120,2
DA:121,2
DA:123,2
LF:33
LH:33
end_of_record
TN:
SF:/home/runner/work/lpm/lpm/src/luarocks/rockspec_parser.rs
FN:10,parse_rockspec
FN:46,extract_string_field
FN:56,parse_source
FN:74,parse_dependencies
FN:91,parse_build
FN:113,parse_install_table
FN:132,parse_install_section
FN:160,parse_modules_table
FN:181,parse_binary_urls
FN:215,extract_table_block
FNF:10
FNDA:2,parse_rockspec
FNDA:2,extract_string_field
FNDA:2,parse_source
FNDA:2,parse_dependencies
FNDA:2,parse_build
FNDA:3,parse_install_table
FNDA:2,parse_install_section
FNDA:2,parse_modules_table
FNDA:2,parse_binary_urls
FNDA:2,extract_table_block
DA:10,2
DA:11,2
DA:12,4
DA:15,4
DA:18,5
DA:21,4
DA:24,4
DA:25,4
DA:26,4
DA:27,4
DA:30,4
DA:32,2
DA:33,2
DA:34,2
DA:35,2
DA:36,2
DA:37,2
DA:38,2
DA:39,2
DA:40,2
DA:41,2
DA:46,2
DA:47,4
DA:48,2
DA:50,2
DA:51,6
DA:52,6
DA:53,6
DA:56,2
DA:58,2
DA:60,6
DA:61,2
DA:63,4
DA:64,6
DA:67,4
DA:68,6
DA:71,2
DA:74,2
DA:75,2
DA:78,4
DA:79,2
DA:81,2
DA:82,6
DA:83,4
DA:84,4
DA:88,2
DA:91,2
DA:92,2
DA:94,4
DA:95,2
DA:96,2
DA:99,4
DA:102,6
DA:104,4
DA:105,4
DA:106,2
DA:113,3
DA:116,2
DA:118,5
DA:119,5
DA:120,8
DA:121,5
DA:123,2
DA:124,3
DA:125,3
DA:126,3
DA:132,2
DA:136,2
DA:139,5
DA:140,3
DA:142,3
DA:143,9
DA:144,1
DA:146,1
DA:147,3
DA:148,1
DA:149,0
DA:151,4
DA:152,0
DA:154,2
DA:157,3
DA:160,2
DA:162,2
DA:165,4
DA:166,3
DA:168,2
DA:169,6
DA:170,3
DA:171,1
DA:175,3
DA:181,2
DA:183,2
DA:184,4
DA:186,4
DA:187,0
DA:191,2
DA:192,2
DA:196,2
DA:197,1
DA:199,1
DA:200,3
DA:201,3
DA:202,1
DA:206,1
DA:215,2
DA:216,2
DA:217,4
DA:220,6
DA:221,2
DA:222,8
DA:224,2
DA:225,2
DA:226,2
DA:227,2
DA:229,8
DA:230,4
DA:231,4
DA:232,4
DA:235,4
DA:238,4
DA:239,2
DA:245,6
LF:122
LH:119
end_of_record
TN:
SF:/home/runner/work/lpm/lpm/src/luarocks/search_api.rs
FN:13,<impl Default for SearchAPI>::default
FN:23,SearchAPI::new
FN:28,SearchAPI::get_latest_version
FN:71,SearchAPI::get_rockspec_url
FN:86,SearchAPI::verify_rockspec_url
FNF:5
FNDA:2,<impl Default for SearchAPI>::default
FNDA:2,SearchAPI::new
FNDA:4,SearchAPI::get_latest_version
FNDA:1,SearchAPI::get_rockspec_url
FNDA:4,SearchAPI::verify_rockspec_url
DA:13,2
DA:15,2
DA:16,2
DA:23,2
DA:24,2
DA:28,4
DA:30,2
DA:31,4
DA:33,1
DA:35,4
DA:36,1
DA:38,2
DA:39,0
DA:41,0
DA:45,2
DA:48,3
DA:51,0
DA:52,0
DA:56,0
DA:58,0
DA:60,0
DA:62,0
DA:63,0
DA:66,0
DA:71,1
DA:77,1
DA:78,1
DA:79,2
DA:86,4
DA:87,3
DA:88,2
DA:89,2
DA:91,1
LF:33
LH:23
end_of_record
TN:
SF:/home/runner/work/lpm/lpm/src/luarocks/version.rs
FN:11,normalize_luarocks_version
FN:42,to_luarocks_version
FNF:2
FNDA:3,normalize_luarocks_version
FNDA:3,to_luarocks_version
DA:11,3
DA:13,3
DA:15,6
DA:16,0
DA:22,6
DA:23,4
DA:24,6
DA:26,1
DA:30,7
DA:34,6
DA:35,4
DA:38,3
DA:42,3
DA:45,4
DA:46,2
DA:48,2
LF:16
LH:15
end_of_record
TN:
SF:/home/runner/work/lpm/lpm/src/main.rs
FN:132,main
FNF:1
FNDA:0,main
DA:132,0
DA:134,0
DA:135,0
DA:144,0
DA:146,0
DA:147,0
DA:148,0
DA:157,0
DA:158,0
DA:159,0
DA:160,0
DA:161,0
DA:162,0
DA:163,0
DA:164,0
DA:165,0
DA:169,0
DA:170,0
DA:171,0
DA:172,0
DA:173,0
DA:175,0
DA:176,0
DA:178,0
DA:179,0
DA:180,0
DA:181,0
DA:182,0
DA:183,0
DA:185,0
DA:190,0
DA:191,0
DA:194,0
LF:33
LH:0
end_of_record
TN:
SF:/home/runner/work/lpm/lpm/src/package/checksum.rs
FN:11,ChecksumRecorder::new
FN:19,ChecksumRecorder::calculate_for_source
FN:33,ChecksumRecorder::calculate_for_file
FN:48,ChecksumRecorder::record_checksum
FNF:4
FNDA:2,ChecksumRecorder::new
FNDA:1,ChecksumRecorder::calculate_for_source
FNDA:2,ChecksumRecorder::calculate_for_file
FNDA:1,ChecksumRecorder::record_checksum
DA:11,2
DA:19,1
DA:20,1
DA:22,2
DA:23,1
DA:25,2
DA:29,2
DA:33,2
DA:34,2
DA:35,1
DA:37,1
DA:41,2
DA:48,1
DA:49,1
DA:52,2
DA:54,1
LF:16
LH:16
end_of_record
TN:
SF:/home/runner/work/lpm/lpm/src/package/conflict_checker.rs
FN:12,ConflictChecker::check_conflicts
FN:45,ConflictChecker::check_version_conflicts
FN:61,ConflictChecker::check_new_dependency
FNF:3
FNDA:1,ConflictChecker::check_conflicts
FNDA:1,ConflictChecker::check_version_conflicts
FNDA:1,ConflictChecker::check_new_dependency
DA:12,1
DA:14,1
DA:17,2
DA:18,2
DA:19,0
DA:24,3
DA:28,2
DA:29,2
DA:30,2
DA:35,2
DA:39,1
DA:40,1
DA:42,1
DA:45,1
DA:47,1
DA:49,2
DA:50,2
DA:51,1
DA:55,1
DA:57,1
DA:61,1
DA:67,1
DA:68,1
DA:71,1
DA:75,1
DA:76,1
DA:79,1
DA:84,3
DA:85,2
DA:91,1
LF:30
LH:29
end_of_record
TN:
SF:/home/runner/work/lpm/lpm/src/package/converter.rs
FN:9,convert_rockspec_to_manifest
FNF:1
FNDA:1,convert_rockspec_to_manifest
DA:9,1
DA:15,1
DA:18,2
DA:19,2
DA:20,3
DA:22,1
DA:23,4
DA:24,1
DA:26,3
DA:28,1
LF:10
LH:10
end_of_record
TN:
SF:/home/runner/work/lpm/lpm/src/package/downloader.rs
FN:40,ParallelDownloader::new
FN:48,ParallelDownloader::download_packages
FN:85,ParallelDownloader::download_single_package
FN:223,ParallelDownloader::download_with_progress
FN:271,create_download_tasks
FNF:5
FNDA:3,ParallelDownloader::new
FNDA:3,ParallelDownloader::download_packages
FNDA:1,ParallelDownloader::download_single_package
FNDA:1,ParallelDownloader::download_with_progress
FNDA:3,create_download_tasks
DA:40,3
DA:42,3
DA:43,3
DA:48,3
DA:53,3
DA:54,6
DA:57,12
DA:58,7
DA:60,7
DA:61,2
DA:65,6
DA:66,6
DA:67,3
DA:68,8
DA:69,10
DA:70,12
DA:75,4
DA:76,2
DA:77,2
DA:81,1
DA:85,1
DA:90,2
DA:91,2
DA:94,4
DA:95,1
DA:96,1
DA:97,2
DA:98,0
DA:100,0
DA:101,0
DA:102,0
DA:107,0
DA:113,0
DA:114,0
DA:115,0
DA:116,0
DA:117,0
DA:118,0
DA:122,0
DA:126,0
DA:128,0
DA:132,0
DA:134,1
DA:136,1
DA:137,1
DA:138,1
DA:139,1
DA:140,1
DA:141,1
DA:142,1
DA:143,1
DA:144,1
DA:145,1
DA:147,1
DA:148,1
DA:149,1
DA:150,1
DA:151,1
DA:153,1
DA:154,1
DA:155,1
DA:156,1
DA:157,1
DA:159,1
DA:160,1
DA:165,1
DA:166,1
DA:167,1
DA:168,1
DA:169,1
DA:170,1
DA:171,1
DA:172,1
DA:173,1
DA:174,1
DA:175,1
DA:177,1
DA:178,1
DA:179,1
DA:180,1
DA:181,1
DA:183,1
DA:184,1
DA:185,1
DA:186,1
DA:187,1
DA:189,1
DA:190,1
DA:196,0
DA:197,0
DA:198,0
DA:199,0
DA:200,0
DA:201,0
DA:202,0
DA:203,0
DA:204,0
DA:205,0
DA:210,0
DA:223,1
DA:228,2
DA:231,1
DA:232,2
DA:233,1
DA:234,1
DA:235,1
DA:236,1
DA:240,2
DA:243,1
DA:245,2
DA:246,1
DA:247,1
DA:248,0
DA:250,2
DA:251,2
DA:252,1
DA:257,1
DA:259,1
DA:260,2
DA:266,1
DA:271,3
DA:275,4
DA:277,8
DA:278,6
DA:280,11
DA:282,4
DA:283,4
DA:284,4
DA:285,4
DA:286,4
DA:292,1
LF:131
LH:104
end_of_record
TN:
SF:/home/runner/work/lpm/lpm/src/package/extractor.rs
FN:14,PackageExtractor::new
FN:20,PackageExtractor::extract
FN:51,PackageExtractor::extract_targz
FN:93,PackageExtractor::extract_zip
FNF:4
FNDA:1,PackageExtractor::new
FNDA:1,PackageExtractor::extract
FNDA:2,PackageExtractor::extract_targz
FNDA:1,PackageExtractor::extract_zip
DA:14,1
DA:20,1
DA:22,3
DA:24,5
DA:25,5
DA:28,2
DA:29,2
DA:30,1
DA:37,4
DA:38,4
DA:40,2
DA:41,2
DA:42,6
DA:43,2
DA:45,4
DA:48,2
DA:51,2
DA:52,2
DA:53,2
DA:54,2
DA:56,4
DA:58,2
DA:59,2
DA:60,6
DA:61,2
DA:65,4
DA:66,0
DA:68,4
DA:70,4
DA:73,0
DA:74,0
DA:75,0
DA:76,0
DA:77,0
DA:78,0
DA:80,0
DA:83,0
DA:85,0
DA:86,0
DA:90,0
DA:93,1
DA:96,1
DA:97,8
DA:100,5
DA:102,3
DA:103,2
DA:104,6
DA:105,3
DA:109,6
DA:110,1
DA:112,5
DA:114,3
DA:115,3
DA:116,3
DA:119,3
DA:120,3
DA:121,6
DA:122,3
DA:123,9
DA:124,4
DA:126,1
DA:129,2
DA:130,1
DA:131,1
DA:135,2
LF:65
LH:53
end_of_record
TN:
SF:/home/runner/work/lpm/lpm/src/package/installer.rs
FN:27,PackageInstaller::new
FN:49,PackageInstaller::init
FN:57,PackageInstaller::install_package
FN:105,PackageInstaller::install_from_source
FN:139,PackageInstaller::build_with_make
FN:287,PackageInstaller::build_with_cmake
FN:409,PackageInstaller::build_with_command
FN:500,PackageInstaller::build_with_rust
FN:646,PackageInstaller::install_builtin
FN:685,PackageInstaller::get_package_path
FN:690,PackageInstaller::is_installed
FN:695,PackageInstaller::remove_package
FN:712,copy_dir_recursive
FNF:13
FNDA:1,PackageInstaller::new
FNDA:1,PackageInstaller::init
FNDA:0,PackageInstaller::install_package
FNDA:1,PackageInstaller::install_from_source
FNDA:2,PackageInstaller::build_with_make
FNDA:2,PackageInstaller::build_with_cmake
FNDA:1,PackageInstaller::build_with_command
FNDA:1,PackageInstaller::build_with_rust
FNDA:1,PackageInstaller::install_builtin
FNDA:1,PackageInstaller::get_package_path
FNDA:1,PackageInstaller::is_installed
FNDA:1,PackageInstaller::remove_package
FNDA:1,copy_dir_recursive
DA:27,1
DA:28,1
DA:29,2
DA:30,3
DA:31,5
DA:32,3
DA:33,1
DA:34,2
DA:35,3
DA:37,2
DA:38,1
DA:39,2
DA:40,1
DA:41,2
DA:42,1
DA:43,2
DA:44,1
DA:49,1
DA:50,2
DA:51,1
DA:52,2
DA:53,1
DA:57,0
DA:58,0
DA:61,0
DA:62,0
DA:63,0
DA:66,0
DA:67,0
DA:68,0
DA:71,0
DA:72,0
DA:75,0
DA:76,0
DA:77,0
DA:78,0
DA:79,0
DA:80,0
DA:85,0
DA:90,0
DA:91,0
DA:94,0
DA:95,0
DA:98,0
DA:100,0
DA:102,0
DA:105,1
DA:111,1
DA:112,1
DA:114,1
DA:116,1
DA:118,1
DA:120,1
DA:122,1
DA:124,1
DA:126,1
DA:128,2
DA:130,1
DA:132,1
DA:139,2
DA:147,3
DA:149,3
DA:150,3
DA:152,3
DA:154,3
DA:156,3
DA:157,6
DA:161,2
DA:162,2
DA:165,2
DA:166,1
DA:167,2
DA:168,1
DA:170,1
DA:171,1
DA:172,2
DA:177,0
DA:178,0
DA:179,0
DA:180,0
DA:182,0
DA:184,0
DA:185,0
DA:186,0
DA:187,0
DA:188,0
DA:189,0
DA:190,0
DA:192,0
DA:193,0
DA:196,0
DA:197,0
DA:199,0
DA:205,0
DA:206,0
DA:207,0
DA:208,0
DA:209,0
DA:210,0
DA:211,0
DA:213,0
DA:214,0
DA:217,0
DA:218,0
DA:220,0
DA:226,0
DA:227,0
DA:228,0
DA:229,0
DA:230,0
DA:231,0
DA:232,0
DA:234,0
DA:235,0
DA:238,0
DA:243,0
DA:244,0
DA:245,0
DA:246,0
DA:247,0
DA:248,0
DA:249,0
DA:251,0
DA:252,0
DA:255,0
DA:256,0
DA:258,0
DA:262,0
DA:264,0
DA:265,0
DA:266,0
DA:267,0
DA:268,0
DA:269,0
DA:270,0
DA:272,0
DA:273,0
DA:275,0
DA:280,0
DA:283,0
DA:284,0
DA:287,2
DA:295,2
DA:298,2
DA:299,4
DA:302,2
DA:303,2
DA:304,1
DA:306,4
DA:308,4
DA:310,4
DA:311,8
DA:315,1
DA:316,1
DA:317,1
DA:319,1
DA:321,1
DA:323,1
DA:324,0
DA:328,2
DA:329,2
DA:332,1
DA:333,2
DA:334,1
DA:336,1
DA:337,1
DA:338,1
DA:342,0
DA:343,0
DA:344,0
DA:345,0
DA:347,0
DA:349,0
DA:350,0
DA:351,0
DA:352,0
DA:353,0
DA:354,0
DA:355,0
DA:357,0
DA:358,0
DA:361,0
DA:362,0
DA:364,0
DA:369,0
DA:370,0
DA:371,0
DA:372,0
DA:373,0
DA:374,0
DA:375,0
DA:377,0
DA:378,0
DA:381,0
DA:385,0
DA:386,0
DA:387,0
DA:388,0
DA:389,0
DA:390,0
DA:391,0
DA:393,0
DA:394,0
DA:397,0
DA:402,0
DA:405,0
DA:406,0
DA:409,1
DA:421,1
DA:425,1
DA:426,3
DA:427,1
DA:428,2
DA:429,1
DA:431,2
DA:433,2
DA:435,1
DA:436,0
DA:439,1
DA:441,1
DA:446,2
DA:447,3
DA:449,3
DA:450,2
DA:451,1
DA:452,2
DA:454,1
DA:456,2
DA:457,0
DA:458,0
DA:459,0
DA:460,0
DA:461,0
DA:462,0
DA:464,0
DA:465,0
DA:468,0
DA:469,0
DA:471,0
DA:476,1
DA:477,1
DA:478,2
DA:479,2
DA:480,1
DA:481,1
DA:482,1
DA:484,2
DA:485,2
DA:488,2
DA:493,2
DA:496,2
DA:497,1
DA:500,1
DA:508,1
DA:511,1
DA:512,2
DA:513,1
DA:514,1
DA:519,1
DA:520,1
DA:521,1
DA:523,2
DA:525,1
DA:527,1
DA:528,3
DA:533,0
DA:543,0
DA:544,0
DA:545,0
DA:546,0
DA:547,0
DA:548,0
DA:549,0
DA:550,0
DA:554,0
DA:555,0
DA:557,0
DA:559,0
DA:560,0
DA:562,0
DA:563,0
DA:564,0
DA:565,0
DA:569,0
DA:570,0
DA:571,0
DA:572,0
DA:573,0
DA:574,0
DA:575,0
DA:576,0
DA:578,0
DA:579,0
DA:581,0
DA:587,0
DA:588,0
DA:589,0
DA:590,0
DA:592,0
DA:593,0
DA:594,0
DA:595,0
DA:596,0
DA:597,0
DA:598,0
DA:599,0
DA:601,0
DA:602,0
DA:605,0
DA:609,0
DA:610,0
DA:611,0
DA:612,0
DA:613,0
DA:614,0
DA:615,0
DA:617,0
DA:618,0
DA:621,0
DA:625,0
DA:626,0
DA:627,0
DA:628,0
DA:629,0
DA:630,0
DA:631,0
DA:633,0
DA:634,0
DA:637,0
DA:642,0
DA:643,0
DA:646,1
DA:652,1
DA:653,3
DA:655,2
DA:657,2
DA:660,6
DA:661,3
DA:662,6
DA:663,6
DA:669,2
DA:670,1
DA:671,1
DA:672,1
DA:674,3
DA:675,3
DA:677,3
DA:681,2
DA:685,1
DA:686,1
DA:690,1
DA:691,2
DA:695,1
DA:696,2
DA:697,3
DA:699,3
DA:700,1
DA:703,2
DA:704,1
DA:707,1
DA:712,1
DA:713,4
DA:714,7
DA:715,4
DA:716,3
DA:717,2
DA:718,3
DA:719,3
DA:721,6
DA:722,6
DA:724,4
DA:725,4
DA:727,4
DA:730,1
LF:374
LH:166
end_of_record
TN:
SF:/home/runner/work/lpm/lpm/src/package/interactive.rs
FN:5,confirm
FN:21,confirm_with_default
FN:43,choose
FNF:3
FNDA:0,confirm
FNDA:0,confirm_with_default
FNDA:0,choose
DA:5,0
DA:6,0
DA:7,0
DA:9,0
DA:11,0
DA:12,0
DA:13,0
DA:14,0
DA:16,0
DA:17,0
DA:21,0
DA:22,0
DA:23,0
DA:24,0
DA:26,0
DA:28,0
DA:29,0
DA:30,0
DA:31,0
DA:33,0
DA:35,0
DA:36,0
DA:38,0
DA:43,0
DA:44,0
DA:45,0
DA:46,0
DA:47,0
DA:50,0
DA:51,0
DA:53,0
DA:55,0
DA:56,0
DA:57,0
DA:58,0
DA:60,0
DA:62,0
DA:63,0
DA:65,0
DA:66,0
DA:68,0
DA:69,0
LF:42
LH:0
end_of_record
TN:
SF:/home/runner/work/lpm/lpm/src/package/lockfile.rs
FNF:0
DA:50,2
DA:51,3
DA:52,5
DA:53,2
DA:56,2
DA:57,5
DA:58,4
DA:60,1
DA:64,1
DA:65,1
DA:68,1
DA:69,2
DA:70,1
DA:71,2
DA:73,1
DA:74,1
DA:78,2
DA:81,2
DA:82,2
DA:87,2
DA:88,2
DA:92,1
DA:93,1
DA:97,2
DA:98,2
DA:103,1
DA:104,1
LF:27
LH:27
end_of_record
TN:
SF:/home/runner/work/lpm/lpm/src/package/lockfile_builder.rs
FN:20,LockfileBuilder::new
FN:29,LockfileBuilder::with_config
FN:45,LockfileBuilder::build_lockfile
FN:202,LockfileBuilder::build_locked_package
FN:259,LockfileBuilder::update_lockfile
FNF:5
FNDA:1,LockfileBuilder::new
FNDA:1,LockfileBuilder::with_config
FNDA:1,LockfileBuilder::build_lockfile
FNDA:1,LockfileBuilder::build_locked_package
FNDA:1,LockfileBuilder::update_lockfile
DA:20,1
DA:29,1
DA:32,1
DA:45,1
DA:51,1
DA:54,1
DA:55,2
DA:56,2
DA:58,2
DA:59,1
DA:62,4
DA:63,2
DA:66,3
DA:67,0
DA:68,0
DA:70,0
DA:75,0
DA:80,0
DA:81,0
DA:82,0
DA:83,0
DA:86,0
DA:87,0
DA:88,0
DA:89,0
DA:90,0
DA:91,0
DA:92,0
DA:93,0
DA:96,0
DA:97,0
DA:98,0
DA:99,0
DA:100,0
DA:104,0
DA:105,0
DA:106,0
DA:107,0
DA:110,0
DA:112,0
DA:113,0
DA:114,0
DA:115,0
DA:116,0
DA:117,0
DA:118,0
DA:121,0
DA:122,0
DA:123,0
DA:124,0
DA:125,0
DA:131,0
DA:132,0
DA:133,0
DA:136,0
DA:137,0
DA:138,0
DA:142,0
DA:143,0
DA:145,0
DA:152,0
DA:155,0
DA:156,0
DA:159,0
DA:160,0
DA:162,0
DA:163,0
DA:164,0
DA:165,0
DA:166,0
DA:172,0
DA:173,0
DA:174,0
DA:175,0
DA:178,0
DA:182,0
DA:183,0
DA:185,0
DA:186,0
DA:187,0
DA:188,0
DA:195,0
DA:198,0
DA:202,1
DA:210,2
DA:211,4
DA:212,2
DA:215,3
DA:218,2
DA:221,4
DA:224,1
DA:225,2
DA:227,2
DA:228,1
DA:229,0
DA:230,0
DA:231,0
DA:237,3
DA:238,2
DA:239,2
DA:240,1
DA:242,1
DA:246,1
DA:247,1
DA:248,1
DA:249,1
DA:250,2
DA:251,1
DA:253,1
DA:254,1
DA:259,1
DA:266,1
DA:269,2
DA:270,2
DA:271,1
DA:274,3
DA:275,1
DA:278,3
DA:279,0
DA:280,0
DA:282,0
DA:286,0
DA:287,0
DA:288,0
DA:292,0
DA:295,0
DA:296,0
DA:299,0
DA:300,0
DA:302,0
DA:303,0
DA:309,0
DA:310,0
DA:314,0
DA:317,0
DA:318,0
DA:319,0
DA:321,0
DA:322,0
DA:325,0
LF:140
LH:45
end_of_record
TN:
SF:/home/runner/work/lpm/lpm/src/package/packager.rs
FN:19,BinaryPackager::new
FN:27,BinaryPackager::package_target
FN:62,BinaryPackager::create_package_manifest
FN:90,BinaryPackager::create_archive
FN:115,BinaryPackager::create_zip
FN:136,BinaryPackager::create_tar_gz
FN:157,BinaryPackager::package_all_targets
FNF:7
FNDA:1,BinaryPackager::new
FNDA:1,BinaryPackager::package_target
FNDA:1,BinaryPackager::create_package_manifest
FNDA:1,BinaryPackager::create_archive
FNDA:1,BinaryPackager::create_zip
FNDA:1,BinaryPackager::create_tar_gz
FNDA:0,BinaryPackager::package_all_targets
DA:19,1
DA:21,1
DA:27,1
DA:29,1
DA:30,0
DA:31,0
DA:34,0
DA:38,0
DA:39,0
DA:42,0
DA:44,0
DA:45,0
DA:46,0
DA:49,0
DA:52,0
DA:54,0
DA:55,0
DA:56,0
DA:58,0
DA:62,1
DA:68,2
DA:79,1
DA:80,2
DA:83,1
DA:84,2
DA:86,1
DA:90,1
DA:91,1
DA:92,1
DA:98,1
DA:101,1
DA:108,2
DA:111,1
DA:115,1
DA:119,3
DA:121,1
DA:123,1
DA:126,0
DA:127,0
DA:128,0
DA:132,0
DA:136,1
DA:139,2
DA:141,1
DA:143,1
DA:147,1
DA:148,1
DA:149,1
DA:153,1
DA:157,0
DA:158,0
DA:160,0
DA:161,0
DA:162,0
DA:164,0
DA:165,0
DA:166,0
DA:167,0
DA:169,0
DA:170,0
DA:176,0
DA:177,0
DA:178,0
DA:182,0
LF:64
LH:30
end_of_record
TN:
SF:/home/runner/work/lpm/lpm/src/package/rollback.rs
FN:14,RollbackManager::new
FN:28,RollbackManager::rollback
FN:45,RollbackManager::has_backup
FN:51,with_rollback
FN:77,with_rollback_async
FNF:5
FNDA:1,RollbackManager::new
FNDA:1,RollbackManager::rollback
FNDA:1,RollbackManager::has_backup
FNDA:2,with_rollback
FNDA:4,with_rollback_async
DA:14,1
DA:16,1
DA:19,2
DA:21,1
DA:22,1
DA:28,1
DA:30,1
DA:31,1
DA:32,1
DA:36,2
DA:37,1
DA:38,1
DA:41,1
DA:45,1
DA:46,1
DA:51,2
DA:56,4
DA:59,4
DA:60,1
DA:61,1
DA:63,2
DA:64,1
DA:65,1
DA:66,0
DA:68,2
DA:71,1
DA:77,4
DA:83,4
DA:86,6
DA:87,1
DA:88,1
DA:90,2
DA:91,1
DA:92,1
DA:93,0
DA:95,2
DA:98,1
LF:37
LH:35
end_of_record
TN:
SF:/home/runner/work/lpm/lpm/src/package/update_diff.rs
FN:40,UpdateDiff::new
FN:48,UpdateDiff::calculate
FN:144,UpdateDiff::calculate_file_changes
FN:231,UpdateDiff::display
FN:299,UpdateDiff::has_changes
FN:312,<impl Default for UpdateDiff>::default
FNF:6
FNDA:1,UpdateDiff::new
FNDA:1,UpdateDiff::calculate
FNDA:1,UpdateDiff::calculate_file_changes
FNDA:1,UpdateDiff::display
FNDA:1,UpdateDiff::has_changes
FNDA:1,<impl Default for UpdateDiff>::default
DA:40,1
DA:42,1
DA:43,1
DA:48,1
DA:53,1
DA:56,2
DA:57,2
DA:58,2
DA:59,3
DA:60,2
DA:61,1
DA:62,1
DA:63,1
DA:66,1
DA:67,1
DA:69,1
DA:74,1
DA:75,1
DA:76,1
DA:77,1
DA:82,0
DA:83,0
DA:84,0
DA:89,1
DA:90,1
DA:91,1
DA:97,1
DA:98,2
DA:99,2
DA:100,3
DA:101,2
DA:102,1
DA:103,1
DA:105,1
DA:110,1
DA:111,2
DA:112,1
DA:116,0
DA:117,0
DA:118,0
DA:124,1
DA:125,2
DA:127,1
DA:128,1
DA:130,2
DA:131,1
DA:132,1
DA:140,1
DA:144,1
DA:148,1
DA:150,2
DA:151,3
DA:152,2
DA:153,1
DA:155,1
DA:156,1
DA:157,1
DA:158,1
DA:162,1
DA:163,3
DA:165,2
DA:168,3
DA:169,2
DA:170,2
DA:171,1
DA:172,1
DA:173,5
DA:177,0
DA:182,1
DA:187,2
DA:190,2
DA:191,1
DA:192,0
DA:194,2
DA:197,1
DA:198,2
DA:200,1
DA:201,1
DA:202,1
DA:203,1
DA:206,2
DA:208,3
DA:209,2
DA:210,3
DA:211,2
DA:212,2
DA:213,1
DA:214,1
DA:215,5
DA:217,1
DA:221,2
DA:222,2
DA:231,1
DA:232,1
DA:233,1
DA:235,1
DA:236,1
DA:237,1
DA:238,1
DA:240,2
DA:241,1
DA:242,1
DA:247,1
DA:248,2
DA:250,1
DA:251,1
DA:252,2
DA:254,1
DA:255,1
DA:256,2
DA:258,1
DA:259,1
DA:260,2
DA:265,1
DA:266,1
DA:272,1
DA:273,1
DA:274,2
DA:275,1
DA:276,1
DA:277,1
DA:278,2
DA:279,1
DA:282,1
DA:283,1
DA:284,2
DA:285,1
DA:288,1
DA:289,1
DA:290,2
DA:291,1
DA:299,1
DA:300,2
DA:301,2
DA:302,1
DA:312,1
DA:313,1
LF:137
LH:129
end_of_record
TN:
SF:/home/runner/work/lpm/lpm/src/package/validator.rs
FN:11,ManifestValidator::validate
FN:27,ManifestValidator::validate_name
FN:57,ManifestValidator::validate_version_format
FN:85,ManifestValidator::validate_lua_version
FN:102,ManifestValidator::validate_dependencies
FN:130,ManifestValidator::validate_dev_dependencies
FN:137,ManifestValidator::validate_build_config
FN:179,ManifestValidator::validate_scripts
FNF:8
FNDA:1,ManifestValidator::validate
FNDA:1,ManifestValidator::validate_name
FNDA:1,ManifestValidator::validate_version_format
FNDA:1,ManifestValidator::validate_lua_version
FNDA:1,ManifestValidator::validate_dependencies
FNDA:1,ManifestValidator::validate_dev_dependencies
FNDA:1,ManifestValidator::validate_build_config
FNDA:1,ManifestValidator::validate_scripts
DA:11,1
DA:13,1
DA:16,1
DA:17,1
DA:18,1
DA:19,1
DA:20,1
DA:21,1
DA:22,1
DA:24,1
DA:27,1
DA:29,1
DA:30,1
DA:31,1
DA:36,2
DA:37,1
DA:38,3
DA:40,1
DA:47,2
DA:48,1
DA:54,1
DA:57,1
DA:59,1
DA:60,1
DA:64,1
DA:65,2
DA:66,2
DA:73,2
DA:74,4
DA:75,1
DA:82,1
DA:85,1
DA:86,1
DA:87,1
DA:93,1
DA:94,1
DA:95,1
DA:99,1
DA:102,1
DA:103,1
DA:105,3
DA:107,2
DA:108,0
DA:113,2
DA:116,2
DA:119,4
DA:120,2
DA:127,1
DA:130,1
DA:134,1
DA:137,1
DA:140,1
DA:142,1
DA:143,3
DA:145,1
DA:154,1
DA:155,1
DA:156,1
DA:157,1
DA:165,1
DA:166,1
DA:170,1
DA:176,1
DA:179,1
DA:180,2
DA:181,1
DA:182,1
DA:185,1
DA:186,1
DA:193,1
DA:200,1
DA:201,1
DA:208,1
LF:73
LH:72
end_of_record
TN:
SF:/home/runner/work/lpm/lpm/src/package/verifier.rs
FN:12,PackageVerifier::new
FN:17,PackageVerifier::verify_all
FN:35,PackageVerifier::verify_package
FN:85,PackageVerifier::verify_file
FN:120,VerificationResult::new
FN:127,VerificationResult::add_success
FN:131,VerificationResult::add_failure
FN:135,VerificationResult::is_success
FN:139,VerificationResult::total_verified
FN:145,<impl Default for VerificationResult>::default
FNF:10
FNDA:1,PackageVerifier::new
FNDA:1,PackageVerifier::verify_all
FNDA:1,PackageVerifier::verify_package
FNDA:1,PackageVerifier::verify_file
FNDA:1,VerificationResult::new
FNDA:1,VerificationResult::add_success
FNDA:1,VerificationResult::add_failure
FNDA:1,VerificationResult::is_success
FNDA:1,VerificationResult::total_verified
FNDA:1,<impl Default for VerificationResult>::default
DA:12,1
DA:17,1
DA:22,1
DA:24,2
DA:25,2
DA:26,0
DA:27,1
DA:31,1
DA:35,1
DA:42,1
DA:44,1
DA:45,1
DA:52,2
DA:53,1
DA:55,1
DA:62,2
DA:63,1
DA:66,2
DA:71,2
DA:74,2
DA:75,0
DA:81,1
DA:85,1
DA:86,1
DA:87,1
DA:88,1
DA:92,1
DA:93,1
DA:95,1
DA:99,1
DA:101,2
DA:102,1
DA:108,1
DA:120,1
DA:122,1
DA:123,1
DA:127,1
DA:128,1
DA:131,1
DA:132,1
DA:135,1
DA:136,1
DA:139,1
DA:140,1
DA:145,1
DA:146,1
LF:46
LH:44
end_of_record
TN:
SF:/home/runner/work/lpm/lpm/src/publish/packager.rs
FN:18,PublishPackager::new
FN:31,PublishPackager::package
FN:59,PublishPackager::copy_lua_files
FN:88,PublishPackager::copy_rust_binaries
FN:133,PublishPackager::copy_directory
FN:163,PublishPackager::create_archive
FN:186,PublishPackager::create_zip
FN:206,PublishPackager::create_tar_gz
FNF:8
FNDA:1,PublishPackager::new
FNDA:1,PublishPackager::package
FNDA:1,PublishPackager::copy_lua_files
FNDA:1,PublishPackager::copy_rust_binaries
FNDA:6,PublishPackager::copy_directory
FNDA:1,PublishPackager::create_archive
FNDA:0,PublishPackager::create_zip
FNDA:1,PublishPackager::create_tar_gz
DA:18,1
DA:20,1
DA:31,1
DA:32,1
DA:33,2
DA:34,2
DA:37,2
DA:38,1
DA:40,2
DA:43,1
DA:46,2
DA:47,0
DA:51,2
DA:53,2
DA:55,1
DA:59,1
DA:61,1
DA:63,3
DA:64,2
DA:65,3
DA:66,1
DA:67,3
DA:68,3
DA:74,2
DA:75,1
DA:76,1
DA:77,1
DA:78,5
DA:79,1
DA:80,2
DA:84,1
DA:88,1
DA:90,1
DA:91,0
DA:93,2
DA:94,1
DA:98,0
DA:99,0
DA:101,0
DA:102,0
DA:106,0
DA:109,0
DA:110,0
DA:111,0
DA:116,0
DA:117,0
DA:119,0
DA:121,0
DA:122,0
DA:123,0
DA:124,0
DA:126,0
DA:129,0
DA:133,6
DA:137,12
DA:139,12
DA:140,8
DA:141,9
DA:142,10
DA:144,9
DA:145,4
DA:146,4
DA:147,4
DA:148,4
DA:151,8
DA:152,8
DA:155,8
DA:159,5
DA:163,1
DA:164,1
DA:165,1
DA:171,1
DA:174,1
DA:179,2
DA:182,1
DA:186,0
DA:189,0
DA:191,0
DA:193,0
DA:196,0
DA:197,0
DA:198,0
DA:202,0
DA:206,1
DA:209,2
DA:211,1
DA:213,1
DA:217,1
DA:218,0
DA:219,0
DA:223,1
LF:91
LH:62
end_of_record
TN:
SF:/home/runner/work/lpm/lpm/src/publish/publisher.rs
FN:18,Publisher::new
FN:26,Publisher::publish
FN:71,Publisher::upload_to_luarocks
FNF:3
FNDA:1,Publisher::new
FNDA:4,Publisher::publish
FNDA:1,Publisher::upload_to_luarocks
DA:18,1
DA:20,1
DA:26,4
DA:28,2
DA:29,2
DA:32,4
DA:33,2
DA:36,0
DA:37,0
DA:40,0
DA:43,0
DA:44,0
DA:45,0
DA:48,0
DA:49,0
DA:52,0
DA:53,0
DA:56,0
DA:57,0
DA:58,0
DA:61,0
DA:62,0
DA:63,0
DA:65,0
DA:67,0
DA:71,1
DA:79,1
DA:86,6
DA:87,4
DA:88,4
DA:89,4
DA:90,4
DA:91,1
DA:93,1
DA:94,6
DA:95,1
DA:96,4
DA:97,4
DA:99,1
DA:100,4
DA:101,1
DA:102,4
DA:103,1
DA:105,4
DA:107,1
DA:108,1
DA:109,1
DA:110,1
DA:111,1
DA:114,1
DA:116,4
DA:118,1
DA:119,1
DA:120,1
DA:121,1
DA:122,1
DA:125,1
DA:127,3
DA:128,2
DA:129,2
DA:130,1
DA:131,1
DA:133,2
DA:134,4
DA:135,1
DA:136,1
DA:138,4
DA:139,1
DA:141,2
DA:142,2
DA:143,1
DA:144,2
DA:150,0
LF:73
LH:54
end_of_record
TN:
SF:/home/runner/work/lpm/lpm/src/publish/rockspec_generator.rs
FN:11,RockspecGenerator::generate
FN:98,RockspecGenerator::format_dependency
FN:138,escape_lua_string
FNF:3
FNDA:2,RockspecGenerator::generate
FNDA:1,RockspecGenerator::format_dependency
FNDA:2,escape_lua_string
DA:11,2
DA:13,2
DA:15,3
DA:18,6
DA:19,3
DA:20,3
DA:23,3
DA:24,4
DA:28,3
DA:29,2
DA:33,3
DA:34,3
DA:38,6
DA:39,3
DA:42,3
DA:43,3
DA:44,3
DA:45,3
DA:48,3
DA:49,1
DA:50,1
DA:52,2
DA:53,2
DA:55,1
DA:56,1
DA:60,2
DA:61,2
DA:62,2
DA:63,1
DA:64,1
DA:65,1
DA:66,1
DA:68,2
DA:69,2
DA:74,1
DA:76,2
DA:77,2
DA:79,2
DA:80,2
DA:83,2
DA:90,4
DA:92,2
DA:94,3
DA:98,1
DA:99,2
DA:100,1
DA:104,2
DA:106,1
DA:107,1
DA:108,1
DA:109,2
DA:111,1
DA:113,1
DA:114,2
DA:116,1
DA:118,1
DA:119,2
DA:121,1
DA:122,1
DA:123,2
DA:125,1
DA:126,1
DA:127,2
DA:129,0
DA:130,0
DA:131,0
DA:138,2
DA:139,11
LF:68
LH:65
end_of_record
TN:
SF:/home/runner/work/lpm/lpm/src/publish/validator.rs
FN:13,PublishValidator::validate
FN:36,PublishValidator::validate_has_lua_files
FN:84,PublishValidator::validate_rust_build
FN:109,PublishValidator::validate_metadata
FNF:4
FNDA:1,PublishValidator::validate
FNDA:1,PublishValidator::validate_has_lua_files
FNDA:2,PublishValidator::validate_rust_build
FNDA:1,PublishValidator::validate_metadata
DA:13,1
DA:15,1
DA:18,1
DA:21,1
DA:22,2
DA:23,2
DA:28,1
DA:30,1
DA:32,1
DA:36,1
DA:37,1
DA:38,1
DA:40,3
DA:41,1
DA:42,3
DA:43,2
DA:44,2
DA:45,0
DA:47,2
DA:48,4
DA:49,1
DA:56,1
DA:57,3
DA:58,2
DA:59,0
DA:61,1
DA:62,5
DA:63,1
DA:69,1
DA:74,1
DA:75,1
DA:76,1
DA:80,1
DA:84,2
DA:89,2
DA:91,4
DA:92,1
DA:94,2
DA:99,2
DA:100,0
DA:101,0
DA:105,1
DA:109,1
DA:110,1
DA:111,0
DA:112,0
DA:116,1
DA:117,0
DA:118,0
DA:123,1
DA:124,1
DA:128,1
DA:129,1
DA:132,1
LF:54
LH:46
end_of_record
TN:
SF:/home/runner/work/lpm/lpm/src/resolver/dependency_graph.rs
FN:21,DependencyGraph::new
FN:28,DependencyGraph::add_node
FN:41,DependencyGraph::add_dependency
FN:54,DependencyGraph::get_node
FN:59,DependencyGraph::node_names
FN:64,DependencyGraph::set_resolved_version
FN:77,DependencyGraph::detect_circular_dependencies
FN:105,DependencyGraph::dfs_detect_cycles
FN:136,DependencyGraph::get_all_dependencies
FN:156,<impl Default for DependencyGraph>::default
FNF:10
FNDA:1,DependencyGraph::new
FNDA:1,DependencyGraph::add_node
FNDA:1,DependencyGraph::add_dependency
FNDA:1,DependencyGraph::get_node
FNDA:0,DependencyGraph::node_names
FNDA:1,DependencyGraph::set_resolved_version
FNDA:1,DependencyGraph::detect_circular_dependencies
FNDA:1,DependencyGraph::dfs_detect_cycles
FNDA:1,DependencyGraph::get_all_dependencies
FNDA:1,<impl Default for DependencyGraph>::default
DA:21,1
DA:23,1
DA:28,1
DA:29,3
DA:30,3
DA:31,1
DA:32,1
DA:34,2
DA:35,1
DA:41,1
DA:42,5
DA:43,1
DA:44,1
DA:46,2
DA:54,1
DA:55,2
DA:59,0
DA:60,0
DA:64,1
DA:65,2
DA:66,1
DA:67,1
DA:69,1
DA:77,1
DA:78,1
DA:79,1
DA:80,1
DA:81,1
DA:83,2
DA:84,2
DA:85,1
DA:86,1
DA:95,2
DA:96,1
DA:98,2
DA:105,1
DA:113,1
DA:114,1
DA:115,1
DA:117,1
DA:118,2
DA:119,1
DA:120,1
DA:121,1
DA:123,3
DA:124,1
DA:125,1
DA:130,1
DA:131,1
DA:132,1
DA:136,1
DA:137,1
DA:138,2
DA:140,2
DA:141,2
DA:142,3
DA:143,1
DA:144,1
DA:145,1
DA:151,1
DA:156,1
DA:157,1
LF:62
LH:60
end_of_record
TN:
SF:/home/runner/work/lpm/lpm/src/resolver/dependency_resolver.rs
FN:18,DependencyResolver::new
FN:30,DependencyResolver::resolve
FN:123,DependencyResolver::get_available_versions
FN:147,DependencyResolver::select_version
FN:165,DependencyResolver::resolve_conflicts
FN:201,parse_dependency_string
FN:229,get_rockspec
FNF:7
FNDA:1,DependencyResolver::new
FNDA:1,DependencyResolver::resolve
FNDA:1,DependencyResolver::get_available_versions
FNDA:1,DependencyResolver::select_version
FNDA:1,DependencyResolver::resolve_conflicts
FNDA:1,parse_dependency_string
FNDA:0,get_rockspec
DA:18,1
DA:30,1
DA:34,1
DA:35,1
DA:38,2
DA:39,2
DA:41,0
DA:43,1
DA:47,1
DA:48,2
DA:49,1
DA:50,1
DA:53,1
DA:55,3
DA:56,1
DA:57,0
DA:59,1
DA:62,2
DA:64,2
DA:65,2
DA:68,2
DA:71,2
DA:72,0
DA:73,0
DA:80,0
DA:81,0
DA:82,0
DA:83,0
DA:87,0
DA:88,0
DA:89,0
DA:90,0
DA:92,0
DA:94,0
DA:96,0
DA:97,0
DA:98,0
DA:99,0
DA:100,0
DA:106,0
DA:108,0
DA:110,0
DA:111,0
DA:117,0
DA:119,0
DA:123,1
DA:125,1
DA:127,2
DA:128,2
DA:134,1
DA:135,5
DA:137,4
DA:138,2
DA:142,6
DA:143,2
DA:147,1
DA:152,2
DA:153,1
DA:154,1
DA:158,1
DA:165,1
DA:170,1
DA:171,1
DA:174,1
DA:175,2
DA:179,2
DA:182,2
DA:183,4
DA:184,1
DA:187,1
DA:192,1
DA:201,1
DA:202,2
DA:205,3
DA:206,1
DA:207,2
DA:210,1
DA:211,2
DA:213,2
DA:216,6
DA:217,4
DA:218,2
DA:221,1
DA:222,1
DA:223,2
DA:229,0
DA:235,0
DA:236,0
DA:237,0
LF:89
LH:60
end_of_record
TN:
SF:/home/runner/work/lpm/lpm/src/security/advisory.rs
FN:14,AdvisoryDatabase::new
FN:21,AdvisoryDatabase::load
FN:39,AdvisoryDatabase::load_builtin_advisories
FN:58,AdvisoryDatabase::add_advisory
FN:66,AdvisoryDatabase::check_package
FN:81,AdvisoryDatabase::get_advisories
FN:89,AdvisoryDatabase::has_vulnerabilities
FN:100,AdvisoryDatabase::load_from_osv
FN:139,AdvisoryDatabase::parse_osv_vulnerability
FN:225,AdvisoryDatabase::load_from_osv_batch
FN:239,<impl Default for AdvisoryDatabase>::default
FNF:11
FNDA:1,AdvisoryDatabase::new
FNDA:1,AdvisoryDatabase::load
FNDA:1,AdvisoryDatabase::load_builtin_advisories
FNDA:1,AdvisoryDatabase::add_advisory
FNDA:2,AdvisoryDatabase::check_package
FNDA:1,AdvisoryDatabase::get_advisories
FNDA:1,AdvisoryDatabase::has_vulnerabilities
FNDA:4,AdvisoryDatabase::load_from_osv
FNDA:1,AdvisoryDatabase::parse_osv_vulnerability
FNDA:4,AdvisoryDatabase::load_from_osv_batch
FNDA:1,<impl Default for AdvisoryDatabase>::default
DA:14,1
DA:16,1
DA:21,1
DA:22,1
DA:25,1
DA:32,1
DA:39,1
DA:58,1
DA:59,2
DA:60,4
DA:62,2
DA:66,2
DA:67,2
DA:69,4
DA:70,4
DA:71,2
DA:72,1
DA:77,1
DA:81,1
DA:83,1
DA:84,3
DA:89,1
DA:90,1
DA:100,4
DA:103,2
DA:104,2
DA:112,4
DA:114,1
DA:116,6
DA:117,1
DA:119,3
DA:120,0
DA:122,0
DA:123,0
DA:126,0
DA:127,0
DA:128,0
DA:129,0
DA:135,1
DA:139,1
DA:144,1
DA:147,3
DA:151,3
DA:152,1
DA:157,3
DA:158,3
DA:159,4
DA:160,1
DA:161,3
DA:162,3
DA:163,0
DA:164,0
DA:166,1
DA:170,1
DA:175,3
DA:176,3
DA:177,3
DA:178,3
DA:179,3
DA:180,3
DA:181,3
DA:182,2
DA:183,2
DA:184,2
DA:185,1
DA:186,1
DA:190,0
DA:196,3
DA:197,2
DA:198,1
DA:199,5
DA:200,3
DA:201,1
DA:206,4
DA:207,2
DA:209,1
DA:212,1
DA:213,1
DA:214,1
DA:216,1
DA:217,1
DA:218,1
DA:219,1
DA:220,1
DA:225,4
DA:226,4
DA:227,5
DA:228,0
DA:234,1
DA:239,1
DA:240,1
LF:91
LH:80
end_of_record
TN:
SF:/home/runner/work/lpm/lpm/src/security/audit.rs
FN:14,SecurityAuditor::new
FN:22,SecurityAuditor::new_with_osv
FN:32,SecurityAuditor::audit_project
FN:38,SecurityAuditor::audit_project_with_osv
FN:52,SecurityAuditor::audit
FN:79,SecurityAuditor::check_package
FN:84,SecurityAuditor::get_advisories
FN:90,format_report
FNF:8
FNDA:1,SecurityAuditor::new
FNDA:4,SecurityAuditor::new_with_osv
FNDA:1,SecurityAuditor::audit_project
FNDA:4,SecurityAuditor::audit_project_with_osv
FNDA:1,SecurityAuditor::audit
FNDA:1,SecurityAuditor::check_package
FNDA:1,SecurityAuditor::get_advisories
FNDA:1,format_report
DA:14,1
DA:15,1
DA:16,1
DA:22,4
DA:23,2
DA:26,3
DA:28,1
DA:32,1
DA:33,1
DA:34,1
DA:38,4
DA:40,5
DA:42,1
DA:45,0
DA:47,0
DA:48,0
DA:52,1
DA:54,3
DA:55,1
DA:58,1
DA:59,2
DA:62,1
DA:63,0
DA:68,0
DA:70,0
DA:71,0
DA:75,1
DA:79,1
DA:80,1
DA:84,1
DA:85,1
DA:90,1
DA:93,1
DA:95,2
DA:96,2
DA:97,1
DA:98,1
DA:102,1
DA:103,4
DA:106,1
DA:108,2
DA:109,1
DA:110,1
DA:111,1
DA:114,1
DA:117,1
DA:120,1
DA:121,2
DA:124,2
DA:129,2
DA:130,2
DA:132,2
DA:133,2
DA:135,2
DA:136,2
DA:139,2
DA:140,1
DA:141,1
DA:144,1
DA:145,1
DA:148,2
DA:149,2
DA:150,1
DA:154,1
DA:160,1
DA:162,1
DA:163,2
DA:166,2
DA:167,2
DA:170,2
DA:172,1
DA:173,2
DA:174,1
DA:175,1
DA:179,2
DA:183,1
DA:184,2
DA:185,2
DA:186,1
DA:188,1
DA:190,2
DA:191,1
DA:197,1
LF:83
LH:76
end_of_record
TN:
SF:/home/runner/work/lpm/lpm/src/security/osv.rs
FN:45,<impl Default for OsvApi>::default
FN:55,OsvApi::new
FN:61,OsvApi::query_package
FNF:3
FNDA:2,<impl Default for OsvApi>::default
FNDA:2,OsvApi::new
FNDA:4,OsvApi::query_package
DA:45,2
DA:47,2
DA:48,2
DA:55,2
DA:56,2
DA:61,4
DA:63,1
DA:68,1
DA:71,2
DA:72,4
DA:74,1
DA:75,1
DA:77,4
DA:78,1
DA:81,2
DA:82,2
DA:85,4
DA:87,3
DA:88,1
DA:90,2
DA:92,1
DA:93,2
DA:95,3
DA:97,1
DA:98,3
DA:99,3
DA:100,2
DA:101,2
DA:102,2
DA:103,1
DA:104,2
DA:105,1
DA:106,2
DA:107,1
DA:109,1
DA:113,1
DA:115,1
DA:116,1
DA:117,1
DA:119,1
DA:120,1
DA:121,1
DA:122,1
DA:123,1
DA:126,1
LF:45
LH:45
end_of_record
TN:
SF:/home/runner/work/lpm/lpm/src/security/vulnerability.rs
FN:18,Severity::as_str
FN:27,Severity::emoji
FN:60,Vulnerability::affects_version
FN:93,VulnerabilityReport::new
FN:101,VulnerabilityReport::add
FN:105,VulnerabilityReport::is_empty
FN:109,VulnerabilityReport::count_by_severity
FN:117,VulnerabilityReport::has_critical
FN:123,VulnerabilityReport::has_high
FNF:9
FNDA:1,Severity::as_str
FNDA:1,Severity::emoji
FNDA:2,Vulnerability::affects_version
FNDA:2,VulnerabilityReport::new
FNDA:1,VulnerabilityReport::add
FNDA:1,VulnerabilityReport::is_empty
FNDA:1,VulnerabilityReport::count_by_severity
FNDA:2,VulnerabilityReport::has_critical
FNDA:2,VulnerabilityReport::has_high
DA:18,1
DA:19,1
DA:20,1
DA:21,1
DA:22,1
DA:23,1
DA:27,1
DA:28,1
DA:29,1
DA:30,1
DA:31,1
DA:32,1
DA:60,2
DA:64,3
DA:65,3
DA:66,2
DA:71,1
DA:72,2
DA:73,1
DA:74,1
DA:76,0
DA:80,1
DA:93,2
DA:95,2
DA:101,1
DA:102,1
DA:105,1
DA:106,1
DA:109,1
DA:110,1
DA:111,3
DA:112,2
DA:114,1
DA:117,2
DA:118,2
DA:120,4
DA:123,2
DA:124,2
DA:126,4
LF:39
LH:38
end_of_record
TN:
SF:/home/runner/work/lpm/lpm/src/workspace/finder.rs
FN:12,WorkspaceFinder::find_workspace_root
FN:38,WorkspaceFinder::find_package_manifests
FN:56,WorkspaceFinder::is_in_workspace
FNF:3
FNDA:1,WorkspaceFinder::find_workspace_root
FNDA:1,WorkspaceFinder::find_package_manifests
FNDA:2,WorkspaceFinder::is_in_workspace
DA:12,1
DA:13,3
DA:17,6
DA:18,1
DA:22,3
DA:23,7
DA:24,1
DA:28,6
DA:29,6
DA:34,1
DA:38,1
DA:41,1
DA:43,4
DA:44,1
DA:45,4
DA:47,3
DA:48,1
DA:52,1
DA:56,2
DA:57,2
LF:20
LH:20
end_of_record
TN:
SF:/home/runner/work/lpm/lpm/src/workspace/workspace_config.rs
FN:38,Workspace::load
FN:53,Workspace::load_config
FN:80,Workspace::load_workspace_yaml
FN:101,Workspace::load_from_package_yaml
FN:133,Workspace::find_packages
FN:218,Workspace::get_package
FN:223,Workspace::package_names
FN:231,Workspace::shared_dependencies
FN:258,Workspace::is_workspace
FN:266,<impl Default for WorkspaceConfig>::default
FNF:10
FNDA:0,Workspace::load
FNDA:1,Workspace::load_config
FNDA:1,Workspace::load_workspace_yaml
FNDA:1,Workspace::load_from_package_yaml
FNDA:1,Workspace::find_packages
FNDA:1,Workspace::get_package
FNDA:1,Workspace::package_names
FNDA:1,Workspace::shared_dependencies
FNDA:1,Workspace::is_workspace
FNDA:1,<impl Default for WorkspaceConfig>::default
DA:38,0
DA:40,0
DA:43,0
DA:45,0
DA:46,0
DA:47,0
DA:48,0
DA:53,1
DA:55,1
DA:56,2
DA:57,2
DA:61,1
DA:62,2
DA:63,2
DA:64,1
DA:69,1
DA:71,1
DA:72,3
DA:73,1
DA:74,1
DA:75,2
DA:80,1
DA:90,1
DA:91,4
DA:92,4
DA:94,1
DA:95,1
DA:96,1
DA:101,1
DA:116,1
DA:117,3
DA:118,1
DA:120,3
DA:121,1
DA:122,1
DA:123,1
DA:126,1
DA:127,1
DA:133,1
DA:139,2
DA:142,4
DA:144,4
DA:146,2
DA:147,2
DA:149,0
DA:152,1
DA:153,2
DA:155,5
DA:156,1
DA:157,2
DA:158,6
DA:160,3
DA:161,1
DA:162,1
DA:163,1
DA:165,1
DA:172,2
DA:174,0
DA:175,0
DA:188,1
DA:189,2
DA:190,1
DA:191,1
DA:193,1
DA:194,1
DA:200,2
DA:202,0
DA:203,0
DA:214,1
DA:218,1
DA:219,1
DA:223,1
DA:224,1
DA:231,1
DA:232,1
DA:234,3
DA:236,4
DA:237,2
DA:238,4
DA:240,2
DA:244,2
DA:245,1
DA:246,1
DA:248,1
DA:253,3
DA:254,2
DA:258,1
DA:259,2
DA:260,1
DA:261,1
DA:266,1
DA:268,2
DA:269,4
LF:93
LH:81
end_of_record
