TN:
SF:/Users/forge18/Documents/Repos/lpm/crates/lpm-core/src/core/credentials.rs
FN:18,CredentialStore::store
FN:30,CredentialStore::retrieve
FN:45,CredentialStore::delete
FN:57,CredentialStore::exists
FNF:4
FNDA:0,CredentialStore::store
FNDA:5,CredentialStore::retrieve
FNDA:0,CredentialStore::delete
FNDA:0,CredentialStore::exists
DA:18,0
DA:19,0
DA:20,0
DA:22,0
DA:23,0
DA:26,0
DA:30,5
DA:31,20
DA:32,5
DA:34,21
DA:35,6
DA:36,6
DA:37,6
DA:41,0
DA:45,0
DA:46,0
DA:47,0
DA:49,0
DA:50,0
DA:53,0
DA:57,0
DA:58,0
DA:66,0
DA:70,0
DA:71,0
DA:74,0
DA:75,0
DA:76,0
DA:78,0
LF:29
LH:7
end_of_record
TN:
SF:/Users/forge18/Documents/Repos/lpm/crates/lpm-core/src/core/error_help.rs
FN:9,<impl ErrorHelp for LpmError>::help
FN:126,format_error_with_help
FNF:2
FNDA:110,<impl ErrorHelp for LpmError>::help
FNDA:55,format_error_with_help
DA:9,110
DA:10,110
DA:11,70
DA:12,70
DA:14,0
DA:15,0
DA:17,70
DA:19,2
DA:20,2
DA:22,68
DA:24,0
DA:25,0
DA:27,68
DA:29,0
DA:30,0
DA:32,68
DA:34,0
DA:35,0
DA:38,68
DA:41,14
DA:42,14
DA:44,0
DA:45,0
DA:47,14
DA:49,0
DA:50,0
DA:53,14
DA:56,22
DA:57,22
DA:59,22
DA:60,22
DA:62,0
DA:64,0
DA:65,0
DA:68,0
DA:71,0
DA:72,0
DA:73,0
DA:74,0
DA:77,0
DA:78,0
DA:80,0
DA:81,0
DA:83,0
DA:85,0
DA:86,0
DA:90,0
DA:91,0
DA:95,0
DA:96,0
DA:98,0
DA:99,0
DA:101,0
DA:103,0
DA:104,0
DA:107,0
DA:110,0
DA:111,0
DA:113,0
DA:114,0
DA:117,0
DA:120,4
DA:126,55
DA:127,165
DA:129,79
DA:130,48
DA:131,24
DA:134,55
LF:68
LH:26
end_of_record
TN:
SF:/Users/forge18/Documents/Repos/lpm/crates/lpm-core/src/core/path.rs
FN:10,lpm_home
FN:22,cache_dir
FN:34,config_file
FN:48,credentials_file
FN:53,lua_modules_dir
FN:58,lpm_metadata_dir
FN:63,packages_metadata_dir
FN:73,global_dir
FN:78,global_lua_modules_dir
FN:85,global_bin_dir
FN:90,global_packages_metadata_dir
FN:99,find_project_root
FN:135,is_project_root
FN:140,ensure_dir
FN:148,normalize_path
FNF:15
FNDA:1520,lpm_home
FNDA:756,cache_dir
FNDA:1408,config_file
FNDA:0,credentials_file
FNDA:1652,lua_modules_dir
FNDA:1060,lpm_metadata_dir
FNDA:538,packages_metadata_dir
FNDA:4,global_dir
FNDA:2,global_lua_modules_dir
FNDA:0,global_bin_dir
FNDA:2,global_packages_metadata_dir
FNDA:198,find_project_root
FNDA:0,is_project_root
FNDA:3276,ensure_dir
FNDA:0,normalize_path
DA:10,1520
DA:11,3040
DA:12,1520
DA:13,1520
DA:22,756
DA:23,1512
DA:24,756
DA:25,756
DA:34,1408
DA:35,2816
DA:48,0
DA:49,0
DA:53,1652
DA:54,3304
DA:58,1060
DA:59,1060
DA:63,538
DA:64,538
DA:73,4
DA:74,8
DA:78,2
DA:79,4
DA:85,0
DA:86,0
DA:90,2
DA:91,6
DA:99,198
DA:100,594
DA:104,1340
DA:105,670
DA:106,0
DA:110,1340
DA:111,670
DA:114,260
DA:115,260
DA:116,0
DA:120,130
DA:123,1484
DA:124,944
DA:126,68
DA:127,68
DA:128,68
DA:135,0
DA:136,0
DA:140,3276
DA:141,3276
DA:142,5296
DA:144,3276
DA:148,0
DA:150,0
LF:50
LH:40
end_of_record
TN:
SF:/Users/forge18/Documents/Repos/lpm/crates/lpm-core/src/core/version.rs
FN:30,Version::new
FN:39,Version::parse
FN:62,Version::satisfies
FN:83,<impl Display for Version>::fmt
FN:89,parse_constraint
FNF:5
FNDA:450,Version::new
FNDA:734,Version::parse
FNDA:172,Version::satisfies
FNDA:40,<impl Display for Version>::fmt
FNDA:520,parse_constraint
DA:30,450
DA:39,734
DA:41,2936
DA:42,2936
DA:44,734
DA:45,26
DA:48,1346
DA:50,918
DA:51,4466
DA:52,4394
DA:54,638
DA:55,1276
DA:56,638
DA:57,638
DA:62,172
DA:63,172
DA:64,40
DA:65,52
DA:66,52
DA:67,40
DA:68,56
DA:70,4
DA:71,4
DA:72,8
DA:73,12
DA:75,88
DA:76,104
DA:77,0
DA:83,40
DA:84,120
DA:89,520
DA:90,1560
DA:92,672
DA:93,456
DA:94,140
DA:95,392
DA:96,72
DA:97,12
DA:98,392
DA:99,144
DA:100,28
DA:101,356
DA:102,180
DA:103,56
DA:104,236
DA:105,0
DA:106,0
DA:109,708
DA:110,208
LF:49
LH:46
end_of_record
TN:
SF:/Users/forge18/Documents/Repos/lpm/crates/lpm-core/src/package/manifest.rs
FN:30,default_lua_version
FN:50,PackageManifest::load
FN:73,PackageManifest::validate
FN:126,PackageManifest::save
FN:136,PackageManifest::default
FN:155,PackageManifest::production_dependencies
FN:160,PackageManifest::is_dev_dependency
FN:168,PackageManifest::all_dependencies
FNF:8
FNDA:196,default_lua_version
FNDA:288,PackageManifest::load
FNDA:316,PackageManifest::validate
FNDA:108,PackageManifest::save
FNDA:536,PackageManifest::default
FNDA:0,PackageManifest::production_dependencies
FNDA:0,PackageManifest::is_dev_dependency
FNDA:0,PackageManifest::all_dependencies
DA:30,196
DA:31,392
DA:50,288
DA:51,864
DA:52,288
DA:53,104
DA:54,104
DA:55,52
DA:59,708
DA:60,936
DA:61,248
DA:64,466
DA:69,230
DA:73,316
DA:75,632
DA:76,8
DA:77,8
DA:82,616
DA:83,6
DA:84,6
DA:89,604
DA:90,0
DA:94,440
DA:95,92
DA:96,0
DA:97,0
DA:100,92
DA:101,0
DA:102,0
DA:103,0
DA:108,344
DA:109,28
DA:110,0
DA:111,0
DA:114,28
DA:115,0
DA:116,0
DA:117,0
DA:122,302
DA:126,108
DA:127,324
DA:128,324
DA:129,108
DA:131,324
DA:132,108
DA:136,536
DA:139,1608
DA:143,1608
DA:144,1072
DA:145,1072
DA:146,1072
DA:148,536
DA:155,0
DA:156,0
DA:160,0
DA:161,0
DA:168,0
DA:169,0
DA:170,0
DA:172,0
DA:173,0
DA:176,0
LF:62
LH:41
end_of_record
TN:
SF:/Users/forge18/Documents/Repos/lpm/crates/lpm-core/src/path_setup/loader.rs
FN:14,PathSetup::generate_loader
FN:69,PathSetup::install_loader
FN:82,PathSetup::loader_path
FN:87,PathSetup::lpm_module_dir
FNF:4
FNDA:4,PathSetup::generate_loader
FNDA:4,PathSetup::install_loader
FNDA:0,PathSetup::loader_path
FNDA:0,PathSetup::lpm_module_dir
DA:14,4
DA:15,12
DA:16,8
DA:20,0
DA:22,4
DA:28,0
DA:31,4
DA:69,4
DA:70,12
DA:71,8
DA:72,8
DA:75,8
DA:77,12
DA:78,4
DA:82,0
DA:83,0
DA:87,0
DA:88,0
LF:18
LH:12
end_of_record
TN:
SF:/Users/forge18/Documents/Repos/lpm/crates/lpm-core/src/path_setup/runner.rs
FN:23,LuaRunner::run_script
FN:89,LuaRunner::exec_command
FN:176,LuaRunner::exec_lua
FN:237,get_lpm_lua_binary
FNF:4
FNDA:0,LuaRunner::run_script
FNDA:1,LuaRunner::exec_command
FNDA:0,LuaRunner::exec_lua
FNDA:1,get_lpm_lua_binary
DA:23,0
DA:24,0
DA:25,0
DA:28,0
DA:29,0
DA:30,0
DA:35,0
DA:38,0
DA:39,0
DA:42,0
DA:46,0
DA:47,0
DA:48,0
DA:49,0
DA:53,0
DA:56,0
DA:57,0
DA:61,0
DA:62,0
DA:64,0
DA:68,0
DA:69,0
DA:73,0
DA:75,0
DA:76,0
DA:78,0
DA:81,0
DA:82,0
DA:89,1
DA:90,2
DA:91,3
DA:92,3
DA:95,2
DA:98,5
DA:99,2
DA:100,0
DA:103,2
DA:104,2
DA:107,2
DA:108,2
DA:109,0
DA:111,0
DA:115,2
DA:119,0
DA:123,3
DA:124,3
DA:127,1
DA:128,0
DA:130,2
DA:134,1
DA:135,0
DA:136,0
DA:137,0
DA:139,2
DA:141,1
DA:142,1
DA:143,1
DA:145,3
DA:149,0
DA:151,1
DA:153,0
DA:155,2
DA:157,1
DA:159,1
DA:162,3
DA:166,1
DA:167,0
DA:171,3
DA:172,2
DA:176,0
DA:178,0
DA:179,0
DA:180,0
DA:182,0
DA:183,0
DA:184,0
DA:189,0
DA:192,0
DA:193,0
DA:196,0
DA:199,0
DA:200,0
DA:201,0
DA:202,0
DA:207,0
DA:208,0
DA:210,0
DA:214,0
DA:215,0
DA:219,0
DA:221,0
DA:222,0
DA:224,0
DA:227,0
DA:228,0
DA:237,1
DA:240,1
DA:241,1
LF:98
LH:33
end_of_record
TN:
SF:/Users/forge18/Documents/Repos/lpm/src/build/builder.rs
FN:23,RustBuilder::new
FN:51,RustBuilder::build
FN:147,RustBuilder::build_with_zigbuild
FN:208,RustBuilder::build_with_cargo
FN:263,RustBuilder::find_built_library
FN:302,RustBuilder::build_all_targets
FN:334,RustBuilder::detect_lua_version
FN:339,RustBuilder::get_mlua_features
FNF:8
FNDA:58,RustBuilder::new
FNDA:66,RustBuilder::build
FNDA:22,RustBuilder::build_with_zigbuild
FNDA:14,RustBuilder::build_with_cargo
FNDA:10,RustBuilder::find_built_library
FNDA:4,RustBuilder::build_all_targets
FNDA:46,RustBuilder::detect_lua_version
FNDA:2,RustBuilder::get_mlua_features
DA:23,58
DA:24,112
DA:25,58
DA:27,62
DA:28,4
DA:32,54
DA:33,2
DA:34,2
DA:35,2
DA:39,52
DA:40,104
DA:41,52
DA:51,66
DA:52,60
DA:53,120
DA:56,60
DA:57,90
DA:59,90
DA:62,32
DA:63,0
DA:64,80
DA:66,0
DA:67,0
DA:71,48
DA:72,48
DA:73,32
DA:74,32
DA:75,16
DA:76,16
DA:78,0
DA:79,0
DA:83,32
DA:85,64
DA:86,80
DA:88,48
DA:89,64
DA:94,16
DA:98,16
DA:99,0
DA:101,0
DA:102,0
DA:103,0
DA:104,0
DA:105,0
DA:107,0
DA:109,0
DA:110,0
DA:113,0
DA:118,16
DA:121,32
DA:123,16
DA:125,48
DA:128,12
DA:132,0
DA:135,0
DA:136,0
DA:137,0
DA:138,0
DA:139,0
DA:140,0
DA:143,0
DA:147,22
DA:148,44
DA:149,22
DA:150,22
DA:152,28
DA:153,62
DA:155,22
DA:156,32
DA:157,32
DA:158,16
DA:163,12
DA:164,18
DA:165,6
DA:166,6
DA:171,18
DA:172,18
DA:173,12
DA:174,12
DA:175,6
DA:179,10
DA:180,10
DA:181,10
DA:182,6
DA:184,12
DA:188,18
DA:189,24
DA:190,18
DA:194,12
DA:195,24
DA:196,30
DA:197,12
DA:201,110
DA:202,30
DA:204,0
DA:208,14
DA:209,28
DA:210,14
DA:211,14
DA:213,20
DA:214,38
DA:216,14
DA:217,16
DA:218,16
DA:219,8
DA:224,12
DA:225,18
DA:226,6
DA:227,6
DA:232,30
DA:235,10
DA:236,10
DA:237,6
DA:239,12
DA:243,18
DA:244,24
DA:245,18
DA:249,12
DA:250,24
DA:251,30
DA:252,12
DA:256,82
DA:257,30
DA:259,0
DA:263,10
DA:265,20
DA:266,8
DA:268,2
DA:272,26
DA:273,24
DA:274,8
DA:275,2
DA:279,24
DA:280,6
DA:281,4
DA:285,10
DA:286,8
DA:287,2
DA:288,2
DA:292,2
DA:293,2
DA:294,2
DA:302,4
DA:303,4
DA:305,26
DA:306,36
DA:307,24
DA:309,48
DA:310,0
DA:311,0
DA:312,0
DA:314,24
DA:315,12
DA:321,4
DA:322,2
DA:323,2
DA:327,0
DA:334,46
DA:335,46
DA:339,2
DA:340,4
DA:341,2
LF:162
LH:133
end_of_record
TN:
SF:/Users/forge18/Documents/Repos/lpm/src/build/prebuilt.rs
FN:19,PrebuiltBinaryManager::new
FN:32,PrebuiltBinaryManager::has_prebuilt
FN:45,PrebuiltBinaryManager::get_prebuilt
FN:61,PrebuiltBinaryManager::download_prebuilt
FN:123,PrebuiltBinaryManager::find_binary_url
FN:136,PrebuiltBinaryManager::get_or_download
FNF:6
FNDA:18,PrebuiltBinaryManager::new
FNDA:2,PrebuiltBinaryManager::has_prebuilt
FNDA:18,PrebuiltBinaryManager::get_prebuilt
FNDA:0,PrebuiltBinaryManager::download_prebuilt
FNDA:0,PrebuiltBinaryManager::find_binary_url
FNDA:0,PrebuiltBinaryManager::get_or_download
DA:19,18
DA:20,54
DA:21,18
DA:32,2
DA:39,6
DA:40,2
DA:41,10
DA:45,18
DA:52,54
DA:53,18
DA:54,90
DA:61,0
DA:72,0
DA:73,0
DA:74,0
DA:75,0
DA:78,0
DA:79,0
DA:82,0
DA:85,0
DA:86,0
DA:89,0
DA:90,0
DA:91,0
DA:92,0
DA:96,0
DA:98,0
DA:99,0
DA:102,0
DA:103,0
DA:104,0
DA:106,0
DA:107,0
DA:108,0
DA:110,0
DA:111,0
DA:112,0
DA:114,0
DA:116,0
DA:123,0
DA:129,0
DA:130,0
DA:136,0
DA:145,0
DA:146,0
DA:150,0
DA:151,0
DA:152,0
DA:153,0
DA:155,0
DA:156,0
DA:157,0
DA:158,0
DA:162,0
LF:54
LH:11
end_of_record
TN:
SF:/Users/forge18/Documents/Repos/lpm/src/build/sandbox.rs
FN:15,BuildSandbox::execute_cargo
FN:52,BuildSandbox::check_cargo_zigbuild
FN:60,BuildSandbox::ensure_cargo_zigbuild
FNF:3
FNDA:14,BuildSandbox::execute_cargo
FNDA:20,BuildSandbox::check_cargo_zigbuild
FNDA:18,BuildSandbox::ensure_cargo_zigbuild
DA:15,14
DA:20,28
DA:21,42
DA:22,42
DA:25,14
DA:26,0
DA:31,42
DA:32,42
DA:36,28
DA:39,42
DA:41,14
DA:42,28
DA:43,28
DA:44,28
DA:48,0
DA:52,20
DA:53,40
DA:54,20
DA:60,18
DA:61,18
DA:62,18
DA:65,0
DA:66,0
DA:67,0
DA:70,0
DA:71,0
DA:72,0
DA:73,0
DA:77,0
DA:78,0
LF:30
LH:19
end_of_record
TN:
SF:/Users/forge18/Documents/Repos/lpm/src/build/targets.rs
FN:20,Target::new
FN:34,Target::default_target
FN:73,Target::module_extension
FNF:3
FNDA:52,Target::new
FNDA:78,Target::default_target
FNDA:10,Target::module_extension
DA:20,52
DA:21,104
DA:22,4
DA:23,4
DA:24,2
DA:25,4
DA:28,50
DA:29,50
DA:34,78
DA:53,78
DA:54,78
DA:73,10
DA:74,10
DA:75,2
DA:76,8
DA:77,6
DA:79,2
LF:17
LH:17
end_of_record
TN:
SF:/Users/forge18/Documents/Repos/lpm/src/cache/mod.rs
FN:17,Cache::new
FN:23,Cache::default_cache
FN:28,Cache::luarocks_dir
FN:33,Cache::rockspecs_dir
FN:38,Cache::sources_dir
FN:43,Cache::rust_builds_dir
FN:48,Cache::init
FN:57,Cache::rockspec_path
FN:63,Cache::source_path
FN:74,Cache::exists
FN:79,Cache::read
FN:90,Cache::write
FN:112,Cache::checksum
FN:121,Cache::url_hash
FN:132,Cache::rust_build_path
FN:157,Cache::has_rust_build
FN:170,Cache::store_rust_build
FN:194,Cache::get_rust_build
FN:210,Cache::clean
FN:235,Cache::clean_directory
FN:323,<impl AddAssign for CacheCleanResult>::add_assign
FNF:21
FNDA:564,Cache::new
FNDA:0,Cache::default_cache
FNDA:186,Cache::luarocks_dir
FNDA:136,Cache::rockspecs_dir
FNDA:38,Cache::sources_dir
FNDA:56,Cache::rust_builds_dir
FNDA:8,Cache::init
FNDA:60,Cache::rockspec_path
FNDA:24,Cache::source_path
FNDA:144,Cache::exists
FNDA:28,Cache::read
FNDA:48,Cache::write
FNDA:30,Cache::checksum
FNDA:24,Cache::url_hash
FNDA:42,Cache::rust_build_path
FNDA:4,Cache::has_rust_build
FNDA:2,Cache::store_rust_build
FNDA:34,Cache::get_rust_build
FNDA:2,Cache::clean
FNDA:6,Cache::clean_directory
FNDA:6,<impl AddAssign for CacheCleanResult>::add_assign
DA:17,564
DA:18,1128
DA:19,564
DA:23,0
DA:24,0
DA:28,186
DA:29,186
DA:33,136
DA:34,136
DA:38,38
DA:39,38
DA:43,56
DA:44,56
DA:48,8
DA:49,16
DA:50,16
DA:51,16
DA:52,16
DA:53,8
DA:57,60
DA:58,180
DA:59,120
DA:63,24
DA:65,72
DA:66,48
DA:68,72
DA:70,72
DA:74,144
DA:75,288
DA:79,28
DA:80,86
DA:81,4
DA:82,4
DA:83,2
DA:84,2
DA:90,48
DA:91,96
DA:92,96
DA:94,192
DA:95,0
DA:96,0
DA:97,0
DA:98,0
DA:101,192
DA:102,0
DA:103,0
DA:104,0
DA:105,0
DA:108,48
DA:112,30
DA:113,90
DA:114,60
DA:115,90
DA:116,90
DA:117,90
DA:121,24
DA:122,48
DA:123,96
DA:124,72
DA:125,48
DA:132,42
DA:139,252
DA:141,168
DA:142,126
DA:143,84
DA:144,42
DA:146,126
DA:147,4
DA:148,120
DA:149,16
DA:151,22
DA:153,252
DA:157,4
DA:164,28
DA:170,2
DA:178,14
DA:181,4
DA:182,4
DA:186,8
DA:187,0
DA:190,2
DA:194,34
DA:201,238
DA:202,102
DA:203,0
DA:205,34
DA:210,2
DA:213,6
DA:214,4
DA:215,4
DA:223,14
DA:226,14
DA:229,14
DA:231,2
DA:235,6
DA:244,6
DA:245,6
DA:248,0
DA:249,0
DA:252,0
DA:253,0
DA:254,0
DA:255,0
DA:256,0
DA:257,0
DA:258,0
DA:265,0
DA:267,0
DA:270,0
DA:271,0
DA:272,0
DA:273,0
DA:274,0
DA:275,0
DA:276,0
DA:277,0
DA:280,0
DA:281,0
DA:282,0
DA:289,0
DA:290,0
DA:291,0
DA:292,0
DA:293,0
DA:295,0
DA:296,0
DA:297,0
DA:298,0
DA:299,0
DA:300,0
DA:303,0
DA:304,0
DA:305,0
DA:311,0
DA:323,6
DA:324,6
DA:325,6
LF:137
LH:88
end_of_record
TN:
SF:/Users/forge18/Documents/Repos/lpm/src/cli/audit.rs
FN:9,run
FNF:1
FNDA:10,run
DA:9,10
DA:10,10
DA:11,5
DA:13,15
DA:16,9
DA:17,12
DA:19,0
DA:20,0
DA:21,0
DA:24,0
DA:25,0
DA:26,0
DA:28,0
DA:29,0
DA:30,0
DA:31,0
DA:32,0
DA:34,0
DA:38,0
DA:39,0
DA:42,0
DA:43,0
DA:46,0
LF:23
LH:6
end_of_record
TN:
SF:/Users/forge18/Documents/Repos/lpm/src/cli/build.rs
FN:8,run
FNF:1
FNDA:9,run
DA:8,9
DA:9,18
DA:10,9
DA:12,27
DA:13,21
DA:16,12
DA:17,2
DA:18,2
DA:19,2
DA:23,16
DA:25,4
DA:27,2
DA:30,2
DA:31,3
DA:33,13
DA:34,18
DA:35,12
DA:37,24
DA:38,0
DA:39,0
DA:40,0
DA:42,12
DA:43,6
DA:48,2
DA:49,1
DA:50,1
DA:54,0
DA:55,0
DA:56,0
DA:60,7
DA:61,2
DA:63,2
DA:66,6
DA:68,5
DA:70,6
DA:72,9
DA:73,21
DA:74,3
DA:77,1
LF:39
LH:33
end_of_record
TN:
SF:/Users/forge18/Documents/Repos/lpm/src/cli/clean.rs
FN:6,run
FN:32,count_packages
FNF:2
FNDA:5,run
FNDA:7,count_packages
DA:6,5
DA:7,10
DA:8,5
DA:10,15
DA:11,12
DA:13,4
DA:14,2
DA:15,1
DA:18,6
DA:21,9
DA:24,6
DA:26,6
DA:27,9
DA:29,3
DA:32,7
DA:33,14
DA:35,14
DA:36,22
DA:37,20
DA:38,30
DA:41,10
DA:43,30
DA:44,30
DA:47,2
DA:50,14
DA:51,6
DA:56,7
LF:27
LH:27
end_of_record
TN:
SF:/Users/forge18/Documents/Repos/lpm/src/cli/exec.rs
FN:6,run
FNF:1
FNDA:1,run
DA:6,1
DA:7,2
DA:8,1
DA:9,1
DA:13,0
DA:15,0
DA:18,0
DA:21,0
DA:22,0
LF:9
LH:4
end_of_record
TN:
SF:/Users/forge18/Documents/Repos/lpm/src/cli/generate_rockspec.rs
FN:8,run
FNF:1
FNDA:2,run
DA:8,2
DA:9,4
DA:10,2
DA:12,6
DA:13,3
DA:15,1
DA:16,1
DA:20,3
DA:23,2
DA:25,3
DA:26,3
DA:28,3
DA:30,3
DA:32,1
LF:14
LH:14
end_of_record
TN:
SF:/Users/forge18/Documents/Repos/lpm/src/cli/init.rs
FN:11,run
FN:38,run_wizard
FN:330,run_non_interactive
FNF:3
FNDA:42,run
FNDA:0,run_wizard
FNDA:20,run_non_interactive
DA:11,42
DA:12,42
DA:13,21
DA:16,42
DA:17,3
DA:18,3
DA:23,36
DA:25,54
DA:29,18
DA:31,72
DA:35,0
DA:38,0
DA:43,0
DA:46,0
DA:48,0
DA:49,0
DA:50,0
DA:51,0
DA:52,0
DA:53,0
DA:55,0
DA:59,0
DA:62,0
DA:64,0
DA:66,0
DA:69,0
DA:73,0
DA:76,0
DA:86,0
DA:88,0
DA:91,0
DA:92,0
DA:95,0
DA:96,0
DA:98,0
DA:101,0
DA:102,0
DA:105,0
DA:106,0
DA:109,0
DA:110,0
DA:111,0
DA:113,0
DA:115,0
DA:116,0
DA:117,0
DA:119,0
DA:122,0
DA:124,0
DA:125,0
DA:127,0
DA:130,0
DA:135,0
DA:139,0
DA:142,0
DA:143,0
DA:144,0
DA:145,0
DA:146,0
DA:149,0
DA:151,0
DA:154,0
DA:156,0
DA:158,0
DA:161,0
DA:162,0
DA:163,0
DA:164,0
DA:165,0
DA:167,0
DA:168,0
DA:169,0
DA:170,0
DA:172,0
DA:173,0
DA:175,0
DA:176,0
DA:177,0
DA:178,0
DA:179,0
DA:180,0
DA:181,0
DA:182,0
DA:186,0
DA:190,0
DA:192,0
DA:193,0
DA:194,0
DA:198,0
DA:199,0
DA:200,0
DA:201,0
DA:203,0
DA:204,0
DA:206,0
DA:209,0
DA:210,0
DA:211,0
DA:212,0
DA:213,0
DA:214,0
DA:215,0
DA:217,0
DA:218,0
DA:219,0
DA:220,0
DA:222,0
DA:223,0
DA:224,0
DA:225,0
DA:227,0
DA:228,0
DA:229,0
DA:230,0
DA:232,0
DA:237,0
DA:240,0
DA:241,0
DA:242,0
DA:243,0
DA:244,0
DA:246,0
DA:247,0
DA:248,0
DA:251,0
DA:252,0
DA:253,0
DA:256,0
DA:257,0
DA:259,0
DA:260,0
DA:261,0
DA:266,0
DA:269,0
DA:270,0
DA:271,0
DA:272,0
DA:274,0
DA:275,0
DA:279,0
DA:280,0
DA:281,0
DA:284,0
DA:285,0
DA:286,0
DA:287,0
DA:289,0
DA:290,0
DA:293,0
DA:330,20
DA:336,80
DA:339,60
DA:342,31
DA:343,33
DA:344,18
DA:345,54
DA:346,54
DA:347,54
DA:349,27
DA:350,36
DA:353,27
DA:354,27
DA:355,27
DA:358,36
DA:359,36
DA:360,45
DA:361,9
DA:364,18
LF:168
LH:29
end_of_record
TN:
SF:/Users/forge18/Documents/Repos/lpm/src/cli/install.rs
FN:28,run
FN:129,install_global
FN:213,create_global_executables
FN:301,save_global_package_metadata
FN:327,create_executable_wrapper
FN:400,install_from_path
FN:431,install_package
FN:507,install_all_dependencies
FN:563,install_workspace_dependencies
FN:643,generate_lockfile
FN:680,run_interactive
FNF:11
FNDA:15,run
FNDA:0,install_global
FNDA:0,create_global_executables
FNDA:1,save_global_package_metadata
FNDA:1,create_executable_wrapper
FNDA:6,install_from_path
FNDA:3,install_package
FNDA:2,install_all_dependencies
FNDA:0,install_workspace_dependencies
FNDA:1,generate_lockfile
FNDA:0,run_interactive
DA:28,15
DA:38,15
DA:39,4
DA:40,1
DA:41,1
DA:42,1
DA:45,2
DA:46,1
DA:47,1
DA:48,1
DA:51,0
DA:54,26
DA:55,13
DA:57,39
DA:60,35
DA:62,33
DA:63,0
DA:65,11
DA:70,22
DA:72,33
DA:75,22
DA:76,44
DA:79,33
DA:82,25
DA:85,8
DA:86,0
DA:89,16
DA:91,3
DA:92,13
DA:95,3
DA:96,18
DA:100,2
DA:102,0
DA:105,11
DA:108,2
DA:110,4
DA:114,0
DA:115,0
DA:121,9
DA:123,3
DA:125,12
DA:129,0
DA:130,0
DA:133,0
DA:134,0
DA:135,0
DA:136,0
DA:137,0
DA:139,0
DA:141,0
DA:145,0
DA:146,0
DA:147,0
DA:149,0
DA:150,0
DA:151,0
DA:154,0
DA:155,0
DA:156,0
DA:157,0
DA:158,0
DA:160,0
DA:162,0
DA:163,0
DA:164,0
DA:166,0
DA:167,0
DA:168,0
DA:171,0
DA:172,0
DA:175,0
DA:176,0
DA:179,0
DA:180,0
DA:181,0
DA:184,0
DA:185,0
DA:186,0
DA:187,0
DA:189,0
DA:190,0
DA:193,0
DA:194,0
DA:195,0
DA:196,0
DA:197,0
DA:199,0
DA:201,0
DA:202,0
DA:203,0
DA:204,0
DA:205,0
DA:206,0
DA:209,0
DA:213,0
DA:220,0
DA:223,0
DA:224,0
DA:225,0
DA:226,0
DA:229,0
DA:230,0
DA:231,0
DA:237,0
DA:238,0
DA:239,0
DA:240,0
DA:241,0
DA:242,0
DA:243,0
DA:244,0
DA:247,0
DA:248,0
DA:249,0
DA:251,0
DA:252,0
DA:253,0
DA:258,0
DA:259,0
DA:260,0
DA:261,0
DA:262,0
DA:263,0
DA:264,0
DA:265,0
DA:266,0
DA:267,0
DA:277,0
DA:279,0
DA:280,0
DA:281,0
DA:286,0
DA:289,0
DA:290,0
DA:291,0
DA:295,0
DA:297,0
DA:301,1
DA:311,2
DA:312,2
DA:315,3
DA:316,1
DA:319,4
DA:320,3
DA:321,3
DA:323,1
DA:327,1
DA:337,2
DA:338,3
DA:339,4
DA:340,3
DA:342,1
DA:347,2
DA:348,2
DA:350,0
DA:354,4
DA:358,2
DA:365,2
DA:366,2
DA:368,2
DA:370,3
DA:373,4
DA:374,2
DA:375,3
DA:395,2
DA:397,1
DA:400,6
DA:401,18
DA:402,6
DA:403,2
DA:404,2
DA:405,2
DA:410,12
DA:413,12
DA:414,12
DA:416,6
DA:417,4
DA:418,4
DA:419,12
DA:420,2
DA:422,4
DA:423,4
DA:424,12
DA:425,2
DA:428,4
DA:431,3
DA:438,7
DA:439,6
DA:440,6
DA:443,8
DA:444,2
DA:447,0
DA:449,2
DA:453,2
DA:455,3
DA:456,5
DA:458,0
DA:461,0
DA:462,0
DA:463,0
DA:464,0
DA:465,0
DA:468,0
DA:470,0
DA:471,0
DA:472,0
DA:475,0
DA:476,0
DA:477,0
DA:480,0
DA:481,0
DA:483,0
DA:484,0
DA:485,0
DA:486,0
DA:487,0
DA:490,0
DA:493,0
DA:494,0
DA:495,0
DA:496,0
DA:497,0
DA:499,0
DA:500,0
DA:501,0
DA:504,0
DA:507,2
DA:513,3
DA:514,1
DA:515,1
DA:519,2
DA:522,3
DA:523,2
DA:525,2
DA:526,2
DA:529,1
DA:530,1
DA:531,1
DA:532,0
DA:533,0
DA:534,0
DA:539,1
DA:540,1
DA:541,1
DA:542,0
DA:543,0
DA:544,0
DA:548,1
DA:549,2
DA:550,1
DA:553,0
DA:554,0
DA:555,0
DA:556,0
DA:557,0
DA:560,0
DA:563,0
DA:569,0
DA:571,0
DA:572,0
DA:575,0
DA:576,0
DA:577,0
DA:578,0
DA:579,0
DA:582,0
DA:583,0
DA:585,0
DA:587,0
DA:588,0
DA:590,0
DA:591,0
DA:592,0
DA:597,0
DA:598,0
DA:599,0
DA:600,0
DA:601,0
DA:607,0
DA:608,0
DA:609,0
DA:611,0
DA:614,0
DA:617,0
DA:618,0
DA:619,0
DA:620,0
DA:621,0
DA:622,0
DA:625,0
DA:626,0
DA:627,0
DA:628,0
DA:629,0
DA:630,0
DA:631,0
DA:635,0
DA:636,0
DA:640,0
DA:643,1
DA:649,2
DA:650,4
DA:653,3
DA:655,3
DA:656,2
DA:658,0
DA:659,0
DA:660,0
DA:663,2
DA:664,4
DA:665,1
DA:669,3
DA:671,2
DA:672,1
DA:673,0
DA:676,1
DA:680,0
DA:685,0
DA:688,0
DA:689,0
DA:690,0
DA:691,0
DA:692,0
DA:695,0
DA:699,0
DA:702,0
DA:703,0
DA:704,0
DA:706,0
DA:707,0
DA:708,0
DA:709,0
DA:714,0
DA:715,0
DA:717,0
DA:718,0
DA:719,0
DA:723,0
DA:725,0
DA:726,0
DA:727,0
DA:728,0
DA:730,0
DA:735,0
DA:737,0
DA:739,0
DA:741,0
DA:742,0
DA:743,0
DA:757,0
DA:759,0
DA:761,0
DA:762,0
DA:765,0
DA:766,0
DA:767,0
DA:768,0
DA:771,0
DA:774,0
DA:775,0
DA:778,0
DA:779,0
DA:782,0
DA:783,0
DA:785,0
DA:788,0
DA:790,0
DA:793,0
DA:795,0
DA:796,0
DA:797,0
DA:798,0
DA:799,0
DA:804,0
DA:805,0
DA:806,0
DA:807,0
DA:808,0
DA:811,0
DA:812,0
DA:814,0
DA:816,0
DA:817,0
DA:819,0
DA:821,0
DA:823,0
DA:824,0
DA:825,0
DA:826,0
DA:827,0
DA:828,0
DA:829,0
DA:830,0
DA:833,0
DA:836,0
DA:837,0
DA:838,0
DA:842,0
DA:843,0
DA:844,0
DA:845,0
DA:846,0
DA:850,0
DA:851,0
DA:854,0
DA:855,0
DA:858,0
DA:859,0
DA:862,0
DA:863,0
DA:864,0
DA:865,0
DA:869,0
DA:872,0
DA:873,0
DA:876,0
DA:878,0
DA:879,0
DA:880,0
DA:884,0
DA:885,0
DA:887,0
DA:888,0
DA:891,0
DA:894,0
DA:895,0
DA:896,0
DA:899,0
DA:900,0
DA:901,0
DA:902,0
DA:904,0
DA:905,0
DA:906,0
DA:909,0
DA:913,0
DA:916,0
DA:918,0
DA:920,0
LF:439
LH:123
end_of_record
TN:
SF:/Users/forge18/Documents/Repos/lpm/src/cli/list.rs
FN:7,run
FN:36,list_global
FN:104,print_package_list
FN:166,print_dependency_tree
FNF:4
FNDA:9,run
FNDA:1,list_global
FNDA:7,print_package_list
FNDA:2,print_dependency_tree
DA:7,9
DA:8,9
DA:9,1
DA:12,16
DA:13,8
DA:15,24
DA:18,18
DA:21,18
DA:23,18
DA:25,6
DA:27,5
DA:30,20
DA:33,6
DA:36,1
DA:41,2
DA:43,1
DA:44,2
DA:45,1
DA:48,0
DA:50,0
DA:51,0
DA:52,0
DA:53,0
DA:54,0
DA:56,0
DA:57,0
DA:64,0
DA:65,0
DA:66,0
DA:69,0
DA:72,0
DA:74,0
DA:75,0
DA:77,0
DA:78,0
DA:79,0
DA:80,0
DA:86,0
DA:87,0
DA:88,0
DA:94,0
DA:95,0
DA:97,0
DA:101,0
DA:104,7
DA:109,14
DA:111,24
DA:112,8
DA:113,4
DA:117,9
DA:118,6
DA:119,6
DA:122,4
DA:124,2
DA:125,2
DA:127,2
DA:128,0
DA:129,0
DA:130,0
DA:133,2
DA:138,3
DA:139,2
DA:140,4
DA:141,3
DA:142,3
DA:144,2
DA:146,1
DA:147,1
DA:149,1
DA:150,0
DA:151,0
DA:152,0
DA:155,1
DA:156,1
DA:157,1
DA:163,3
DA:166,2
DA:174,6
DA:175,2
DA:177,4
DA:178,8
DA:181,8
DA:182,3
DA:183,2
DA:184,1
DA:186,0
DA:188,2
DA:189,2
DA:191,0
DA:194,3
DA:195,3
DA:197,2
DA:199,1
DA:200,1
DA:202,3
DA:204,1
DA:205,0
DA:206,0
DA:207,0
DA:210,1
DA:211,1
DA:212,1
DA:217,1
DA:218,0
DA:219,0
DA:220,0
DA:221,0
DA:222,0
DA:223,0
DA:224,0
DA:226,0
DA:229,0
DA:230,0
DA:232,0
DA:233,0
DA:242,2
LF:116
LH:67
end_of_record
TN:
SF:/Users/forge18/Documents/Repos/lpm/src/cli/login.rs
FN:5,run
FNF:1
FNDA:4,run
DA:5,4
DA:6,4
DA:7,4
DA:8,2
DA:11,4
DA:12,4
DA:13,4
DA:14,6
DA:15,6
DA:17,4
DA:18,2
DA:22,0
DA:23,0
DA:24,0
DA:25,0
DA:26,0
DA:28,0
DA:29,0
DA:33,0
DA:34,0
DA:36,0
DA:37,0
DA:38,0
DA:39,0
DA:41,0
LF:25
LH:11
end_of_record
TN:
SF:/Users/forge18/Documents/Repos/lpm/src/cli/lua.rs
FN:50,run
FN:67,list_installed
FN:89,list_remote
FN:102,install
FN:158,use_version
FN:163,set_local
FN:169,show_current
FN:176,show_which
FN:208,uninstall
FN:235,exec
FNF:10
FNDA:18,run
FNDA:1,list_installed
FNDA:1,list_remote
FNDA:0,install
FNDA:1,use_version
FNDA:1,set_local
FNDA:1,show_current
FNDA:2,show_which
FNDA:1,uninstall
FNDA:1,exec
DA:50,18
DA:51,18
DA:52,18
DA:54,9
DA:55,2
DA:56,2
DA:57,0
DA:58,4
DA:59,4
DA:60,2
DA:61,4
DA:62,4
DA:63,6
DA:67,1
DA:68,3
DA:69,3
DA:71,2
DA:72,0
DA:73,0
DA:74,0
DA:77,4
DA:78,5
DA:79,5
DA:80,1
DA:82,1
DA:86,1
DA:89,1
DA:92,2
DA:93,2
DA:94,2
DA:95,2
DA:96,1
DA:97,2
DA:98,2
DA:99,1
DA:102,0
DA:103,0
DA:104,0
DA:105,0
DA:108,0
DA:109,0
DA:110,0
DA:111,0
DA:114,0
DA:117,0
DA:118,0
DA:119,0
DA:120,0
DA:123,0
DA:124,0
DA:125,0
DA:127,0
DA:128,0
DA:134,0
DA:135,0
DA:136,0
DA:137,0
DA:138,0
DA:139,0
DA:143,0
DA:144,0
DA:146,0
DA:147,0
DA:148,0
DA:151,0
DA:152,0
DA:155,0
DA:158,1
DA:159,3
DA:160,3
DA:163,1
DA:164,3
DA:165,2
DA:166,4
DA:169,1
DA:170,3
DA:171,3
DA:172,2
DA:173,1
DA:176,2
DA:177,4
DA:178,6
DA:179,4
DA:183,18
DA:184,9
DA:185,2
DA:186,2
DA:187,1
DA:190,22
DA:191,14
DA:193,1
DA:197,4
DA:198,1
DA:200,3
DA:201,3
DA:202,2
DA:205,2
DA:208,1
DA:209,3
DA:210,3
DA:212,1
DA:213,1
DA:214,1
DA:215,1
DA:220,0
DA:221,0
DA:222,0
DA:223,0
DA:224,0
DA:225,0
DA:230,0
DA:231,0
DA:232,0
DA:235,1
DA:236,2
DA:237,1
DA:240,0
DA:241,0
DA:243,0
DA:244,0
DA:245,0
DA:246,0
DA:250,0
DA:252,0
LF:124
LH:71
end_of_record
TN:
SF:/Users/forge18/Documents/Repos/lpm/src/cli/outdated.rs
FN:14,run
FN:147,check_outdated
FNF:2
FNDA:8,run
FNDA:4,check_outdated
DA:14,8
DA:15,8
DA:16,4
DA:18,12
DA:21,9
DA:22,9
DA:24,6
DA:25,2
DA:26,1
DA:29,2
DA:32,2
DA:33,4
DA:36,4
DA:37,4
DA:39,2
DA:40,2
DA:43,4
DA:44,2
DA:46,1
DA:47,1
DA:49,1
DA:50,1
DA:51,1
DA:52,1
DA:53,1
DA:54,2
DA:56,1
DA:58,0
DA:59,0
DA:61,0
DA:62,0
DA:63,0
DA:64,0
DA:65,0
DA:66,0
DA:69,0
DA:70,0
DA:71,0
DA:75,1
DA:76,1
DA:78,0
DA:79,0
DA:85,1
DA:86,0
DA:88,0
DA:89,0
DA:91,0
DA:92,0
DA:93,0
DA:94,0
DA:95,0
DA:96,0
DA:98,0
DA:100,0
DA:101,0
DA:103,0
DA:104,0
DA:105,0
DA:106,0
DA:107,0
DA:108,0
DA:111,0
DA:112,0
DA:113,0
DA:117,0
DA:118,0
DA:120,0
DA:121,0
DA:126,2
DA:127,2
DA:128,2
DA:130,1
DA:131,0
DA:134,1
DA:147,4
DA:155,12
DA:156,12
DA:159,0
DA:160,0
DA:161,0
DA:165,8
DA:166,2
DA:170,6
DA:172,11
DA:175,7
DA:177,4
DA:178,0
DA:181,6
DA:184,6
DA:187,4
DA:189,0
DA:193,4
DA:194,2
DA:195,2
DA:196,2
DA:197,2
DA:200,0
DA:204,0
DA:205,0
DA:206,0
LF:100
LH:52
end_of_record
TN:
SF:/Users/forge18/Documents/Repos/lpm/src/cli/package.rs
FN:8,run
FNF:1
FNDA:4,run
DA:8,4
DA:9,8
DA:10,4
DA:12,12
DA:13,12
DA:16,8
DA:17,2
DA:18,2
DA:19,2
DA:23,8
DA:25,3
DA:27,3
DA:28,2
DA:29,3
DA:32,2
DA:33,3
DA:35,4
DA:36,18446744073709551613
DA:37,18446744073709551613
DA:41,2
LF:20
LH:20
end_of_record
TN:
SF:/Users/forge18/Documents/Repos/lpm/src/cli/plugin/commands.rs
FN:70,run
FN:81,run_config_command
FN:128,list_installed_plugins
FN:152,show_plugin_info
FN:195,update_plugins
FN:225,check_outdated_plugins
FN:287,search_plugins
FNF:7
FNDA:9,run
FNDA:2,run_config_command
FNDA:2,list_installed_plugins
FNDA:1,show_plugin_info
FNDA:1,update_plugins
FNDA:1,check_outdated_plugins
FNDA:2,search_plugins
DA:70,9
DA:71,9
DA:72,2
DA:73,3
DA:74,3
DA:75,1
DA:76,6
DA:77,6
DA:81,2
DA:82,2
DA:83,2
DA:84,3
DA:85,2
DA:86,0
DA:87,2
DA:88,0
DA:89,2
DA:90,0
DA:92,1
DA:93,1
DA:94,1
DA:97,1
DA:99,0
DA:100,0
DA:102,0
DA:103,0
DA:104,0
DA:105,0
DA:107,0
DA:109,0
DA:110,0
DA:111,0
DA:113,1
DA:114,3
DA:115,3
DA:116,1
DA:118,0
DA:119,0
DA:120,0
DA:123,1
DA:128,2
DA:129,4
DA:131,4
DA:132,2
DA:133,2
DA:134,1
DA:137,2
DA:138,5
DA:139,4
DA:140,2
DA:142,4
DA:143,4
DA:144,2
DA:145,0
DA:149,1
DA:152,1
DA:153,2
DA:154,0
DA:155,0
DA:156,0
DA:157,0
DA:158,0
DA:159,0
DA:160,0
DA:163,0
DA:164,0
DA:166,0
DA:167,0
DA:169,0
DA:170,0
DA:173,0
DA:175,0
DA:176,0
DA:177,0
DA:178,0
DA:179,0
DA:181,0
DA:186,1
DA:187,1
DA:188,1
DA:192,0
DA:195,1
DA:196,2
DA:197,1
DA:199,2
DA:201,1
DA:202,0
DA:203,0
DA:208,0
DA:209,0
DA:210,0
DA:211,0
DA:214,0
DA:215,0
DA:216,0
DA:217,0
DA:222,1
DA:225,1
DA:226,2
DA:228,2
DA:229,0
DA:230,0
DA:233,2
DA:235,2
DA:236,1
DA:237,2
DA:239,1
DA:240,0
DA:241,0
DA:243,0
DA:245,0
DA:246,0
DA:247,0
DA:248,0
DA:249,0
DA:250,0
DA:252,0
DA:254,0
DA:255,0
DA:256,0
DA:260,0
DA:261,0
DA:262,0
DA:263,0
DA:266,0
DA:267,0
DA:268,0
DA:269,0
DA:275,1
DA:276,0
DA:278,1
DA:279,1
DA:280,1
DA:284,1
DA:287,2
DA:288,10
DA:289,4
DA:291,4
DA:292,2
DA:294,6
DA:295,2
DA:296,4
DA:297,0
DA:298,0
DA:300,8
DA:301,18446744073709551614
DA:302,18446744073709551612
DA:303,18446744073709551610
DA:304,18446744073709551614
DA:306,18446744073709551610
DA:307,18446744073709551614
DA:309,18446744073709551614
DA:311,4
DA:314,0
DA:315,0
DA:319,2
LF:156
LH:80
end_of_record
TN:
SF:/Users/forge18/Documents/Repos/lpm/src/cli/plugin/config.rs
FN:17,PluginConfig::load
FN:36,PluginConfig::save
FN:51,PluginConfig::config_path
FN:59,PluginConfig::get
FN:69,PluginConfig::set
FNF:5
FNDA:2,PluginConfig::load
FNDA:0,PluginConfig::save
FNDA:2,PluginConfig::config_path
FNDA:3,PluginConfig::get
FNDA:0,PluginConfig::set
DA:17,2
DA:18,6
DA:20,2
DA:22,2
DA:23,4
DA:24,2
DA:28,0
DA:29,0
DA:30,0
DA:32,0
DA:36,0
DA:37,0
DA:39,0
DA:40,0
DA:43,0
DA:44,0
DA:45,0
DA:47,0
DA:51,2
DA:52,4
DA:53,4
DA:54,4
DA:55,4
DA:59,3
DA:63,3
DA:64,6
DA:65,3
DA:69,0
DA:73,0
DA:74,0
DA:75,0
DA:76,0
LF:32
LH:15
end_of_record
TN:
SF:/Users/forge18/Documents/Repos/lpm/src/cli/plugin/installer.rs
FN:15,PluginInstaller::install
FN:101,PluginInstaller::update
FNF:2
FNDA:0,PluginInstaller::install
FNDA:1,PluginInstaller::update
DA:15,0
DA:18,0
DA:21,0
DA:22,0
DA:23,0
DA:24,0
DA:27,0
DA:28,0
DA:31,0
DA:32,0
DA:33,0
DA:34,0
DA:38,0
DA:41,0
DA:42,0
DA:43,0
DA:46,0
DA:47,0
DA:49,0
DA:50,0
DA:51,0
DA:52,0
DA:56,0
DA:58,0
DA:59,0
DA:62,0
DA:63,0
DA:64,0
DA:66,0
DA:69,0
DA:70,0
DA:75,0
DA:76,0
DA:77,0
DA:82,0
DA:83,0
DA:84,0
DA:85,0
DA:86,0
DA:87,0
DA:91,0
DA:92,0
DA:94,0
DA:95,0
DA:97,0
DA:101,1
DA:106,0
DA:107,0
DA:110,0
DA:111,0
DA:113,0
DA:116,0
DA:117,0
DA:118,0
DA:119,0
DA:120,0
DA:121,0
DA:125,0
DA:126,0
DA:127,0
DA:130,0
DA:133,0
DA:134,0
DA:139,0
LF:64
LH:1
end_of_record
TN:
SF:/Users/forge18/Documents/Repos/lpm/src/cli/plugin/metadata.rs
FN:36,PluginMetadata::load
FN:52,PluginMetadata::save
FN:65,PluginMetadata::metadata_path
FN:86,PluginInfo::from_installed
FN:123,PluginInfo::get_executable_version
FNF:5
FNDA:0,PluginMetadata::load
FNDA:0,PluginMetadata::save
FNDA:5,PluginMetadata::metadata_path
FNDA:6,PluginInfo::from_installed
FNDA:5,PluginInfo::get_executable_version
DA:36,0
DA:37,0
DA:38,0
DA:39,0
DA:40,0
DA:44,0
DA:45,0
DA:46,0
DA:48,0
DA:52,0
DA:53,0
DA:54,0
DA:57,0
DA:58,0
DA:59,0
DA:61,0
DA:65,5
DA:66,10
DA:67,10
DA:68,10
DA:69,10
DA:86,6
DA:89,11
DA:91,15
DA:92,10
DA:93,0
DA:97,15
DA:98,15
DA:102,5
DA:108,15
DA:112,5
DA:113,10
DA:114,5
DA:115,5
DA:118,1
DA:123,5
DA:126,15
DA:128,5
DA:129,16
DA:130,9
DA:131,3
DA:133,2
LF:42
LH:25
end_of_record
TN:
SF:/Users/forge18/Documents/Repos/lpm/src/cli/plugin/mod.rs
FN:18,find_plugin
FN:43,list_plugins
FN:93,run_plugin
FN:245,is_executable
FNF:4
FNDA:11,find_plugin
FNDA:5,list_plugins
FNDA:1,run_plugin
FNDA:3,is_executable
DA:18,11
DA:20,22
DA:21,44
DA:22,11
DA:23,4
DA:28,13
DA:29,18
DA:32,12
DA:33,6
DA:34,3
DA:39,16
DA:43,5
DA:44,10
DA:47,10
DA:48,10
DA:49,5
DA:50,6
DA:51,9
DA:52,9
DA:53,15
DA:54,6
DA:55,9
DA:56,12
DA:57,6
DA:67,10
DA:68,10
DA:69,5
DA:70,4
DA:71,6
DA:72,6
DA:73,10
DA:74,4
DA:75,6
DA:77,8
DA:78,8
DA:79,4
DA:89,5
DA:93,1
DA:96,1
DA:98,0
DA:99,0
DA:100,0
DA:101,0
DA:102,0
DA:103,0
DA:108,0
DA:111,0
DA:112,0
DA:116,0
DA:117,0
DA:119,0
DA:120,0
DA:122,0
DA:123,0
DA:124,0
DA:125,0
DA:126,0
DA:127,0
DA:131,0
DA:132,0
DA:133,0
DA:135,0
DA:136,0
DA:139,0
DA:142,0
DA:143,0
DA:146,0
DA:150,0
DA:154,0
DA:158,0
DA:162,0
DA:163,0
DA:164,0
DA:167,0
DA:168,0
DA:169,0
DA:170,0
DA:171,0
DA:172,0
DA:174,0
DA:175,0
DA:176,0
DA:177,0
DA:180,0
DA:181,0
DA:184,0
DA:185,0
DA:186,0
DA:189,0
DA:190,0
DA:191,0
DA:193,0
DA:194,0
DA:195,0
DA:196,0
DA:197,0
DA:200,0
DA:201,0
DA:202,0
DA:203,0
DA:204,0
DA:205,0
DA:210,0
DA:212,0
DA:215,3
DA:217,3
DA:218,1
DA:219,1
DA:223,3
DA:224,3
DA:225,4
DA:226,2
DA:227,3
DA:231,3
DA:232,3
DA:233,5
DA:235,3
DA:236,3
DA:238,3
DA:240,1
DA:245,3
DA:248,5
DA:249,6
DA:250,6
DA:252,2
DA:254,1
LF:126
LH:61
end_of_record
TN:
SF:/Users/forge18/Documents/Repos/lpm/src/cli/plugin/registry.rs
FN:50,PluginRegistry::search
FN:116,PluginRegistry::get_plugin
FN:141,PluginRegistry::get_plugin_from_github
FN:191,PluginRegistry::get_latest_version
FNF:4
FNDA:2,PluginRegistry::search
FNDA:0,PluginRegistry::get_plugin
FNDA:0,PluginRegistry::get_plugin_from_github
FNDA:1,PluginRegistry::get_latest_version
DA:50,2
DA:51,0
DA:54,0
DA:56,0
DA:73,0
DA:74,0
DA:77,0
DA:78,0
DA:80,0
DA:81,0
DA:82,0
DA:83,0
DA:87,0
DA:89,0
DA:90,0
DA:92,0
DA:93,0
DA:95,0
DA:96,0
DA:97,0
DA:98,0
DA:99,0
DA:100,0
DA:101,0
DA:102,0
DA:103,0
DA:104,0
DA:105,0
DA:110,0
DA:116,0
DA:124,0
DA:125,0
DA:126,0
DA:129,0
DA:130,0
DA:131,0
DA:136,0
DA:137,0
DA:141,0
DA:145,0
DA:146,0
DA:148,0
DA:149,0
DA:153,0
DA:155,0
DA:156,0
DA:157,0
DA:159,0
DA:163,0
DA:164,0
DA:165,0
DA:166,0
DA:167,0
DA:168,0
DA:169,0
DA:170,0
DA:171,0
DA:172,0
DA:176,0
DA:177,0
DA:178,0
DA:179,0
DA:180,0
DA:181,0
DA:182,0
DA:183,0
DA:184,0
DA:185,0
DA:186,0
DA:191,1
DA:192,0
DA:193,0
DA:195,0
LF:73
LH:2
end_of_record
TN:
SF:/Users/forge18/Documents/Repos/lpm/src/cli/publish.rs
FN:7,run
FNF:1
FNDA:10,run
DA:7,10
DA:8,10
DA:9,5
DA:11,15
DA:12,12
DA:14,2
DA:15,2
DA:19,8
DA:20,8
DA:22,0
LF:10
LH:9
end_of_record
TN:
SF:/Users/forge18/Documents/Repos/lpm/src/cli/remove.rs
FN:7,run
FN:54,remove_global
FNF:2
FNDA:4,run
FNDA:0,remove_global
DA:7,4
DA:8,4
DA:9,0
DA:12,8
DA:13,4
DA:15,12
DA:16,12
DA:19,16
DA:22,16
DA:24,8
DA:25,4
DA:26,4
DA:27,4
DA:32,0
DA:33,0
DA:34,0
DA:38,0
DA:40,0
DA:41,0
DA:42,0
DA:43,0
DA:45,0
DA:48,0
DA:49,0
DA:51,0
DA:54,0
DA:59,0
DA:60,0
DA:61,0
DA:64,0
DA:65,0
DA:66,0
DA:67,0
DA:68,0
DA:73,0
DA:74,0
DA:80,0
DA:81,0
DA:82,0
DA:84,0
DA:87,0
DA:90,0
DA:94,0
DA:95,0
DA:99,0
DA:100,0
DA:101,0
DA:106,0
DA:109,0
DA:110,0
DA:113,0
DA:114,0
LF:52
LH:12
end_of_record
TN:
SF:/Users/forge18/Documents/Repos/lpm/src/cli/run.rs
FN:7,run
FNF:1
FNDA:6,run
DA:7,6
DA:8,12
DA:9,18
DA:12,9
DA:15,15
DA:16,1
DA:17,1
DA:18,1
DA:23,4
DA:26,8
DA:27,4
DA:28,1
DA:29,1
DA:30,1
DA:35,4
DA:36,2
LF:16
LH:16
end_of_record
TN:
SF:/Users/forge18/Documents/Repos/lpm/src/cli/template/commands.rs
FN:23,run
FN:30,list_templates
FN:80,create_template
FN:145,copy_template_files
FNF:4
FNDA:5,run
FNDA:3,list_templates
FNDA:2,create_template
FNDA:0,copy_template_files
DA:23,5
DA:24,5
DA:25,9
DA:26,10
DA:30,3
DA:31,6
DA:34,9
DA:35,9
DA:36,4
DA:37,2
DA:38,8
DA:39,12
DA:40,10
DA:44,6
DA:45,0
DA:46,0
DA:48,0
DA:50,0
DA:51,0
DA:52,0
DA:53,0
DA:54,0
DA:56,0
DA:57,0
DA:58,0
DA:61,4
DA:62,3
DA:64,2
DA:67,31
DA:68,28
DA:69,13
DA:70,1
DA:72,28
DA:73,28
DA:74,14
DA:77,3
DA:80,2
DA:85,4
DA:86,6
DA:89,1
DA:90,0
DA:91,0
DA:95,2
DA:96,3
DA:98,1
DA:99,2
DA:100,2
DA:101,1
DA:102,1
DA:107,0
DA:110,0
DA:113,0
DA:130,0
DA:132,0
DA:134,0
DA:135,0
DA:137,0
DA:139,0
DA:140,0
DA:142,0
DA:145,0
DA:152,0
DA:153,0
DA:154,0
DA:155,0
DA:156,0
DA:157,0
DA:158,0
DA:159,0
DA:162,0
DA:163,0
DA:164,0
DA:167,0
DA:168,0
DA:169,0
DA:171,0
DA:172,0
DA:173,0
DA:174,0
DA:175,0
DA:176,0
DA:178,0
DA:179,0
DA:182,0
DA:183,0
DA:186,0
DA:187,0
DA:189,0
DA:193,0
LF:89
LH:36
end_of_record
TN:
SF:/Users/forge18/Documents/Repos/lpm/src/cli/template/discovery.rs
FN:11,TemplateDiscovery::user_templates_dir
FN:17,TemplateDiscovery::builtin_templates_dir
FN:39,TemplateDiscovery::list_templates
FN:61,TemplateDiscovery::discover_in_dir
FN:101,TemplateDiscovery::find_template
FNF:5
FNDA:16,TemplateDiscovery::user_templates_dir
FNDA:15,TemplateDiscovery::builtin_templates_dir
FNDA:3,TemplateDiscovery::list_templates
FNDA:7,TemplateDiscovery::discover_in_dir
FNDA:11,TemplateDiscovery::find_template
DA:11,16
DA:12,32
DA:17,15
DA:20,30
DA:21,30
DA:23,15
DA:25,30
DA:27,77
DA:29,15
DA:35,0
DA:39,3
DA:40,6
DA:43,6
DA:44,3
DA:45,9
DA:46,3
DA:47,3
DA:52,6
DA:53,3
DA:54,10
DA:58,3
DA:61,7
DA:62,14
DA:64,14
DA:65,0
DA:68,33
DA:69,38
DA:70,57
DA:72,19
DA:74,38
DA:75,19
DA:76,18
DA:77,36
DA:78,54
DA:79,54
DA:80,36
DA:81,18
DA:82,18
DA:85,0
DA:86,0
DA:87,0
DA:88,0
DA:89,0
DA:97,7
DA:101,11
DA:103,22
DA:104,11
DA:105,15
DA:106,5
DA:107,0
DA:108,0
DA:109,0
DA:110,0
DA:111,0
DA:112,0
DA:119,22
DA:120,33
DA:121,20
DA:122,27
DA:123,9
DA:124,18
DA:125,18
DA:126,9
DA:127,9
DA:131,2
LF:65
LH:52
end_of_record
TN:
SF:/Users/forge18/Documents/Repos/lpm/src/cli/template/metadata.rs
FN:24,TemplateMetadata::load
FNF:1
FNDA:41,TemplateMetadata::load
DA:24,41
DA:25,123
DA:26,41
DA:27,4
DA:28,4
DA:29,2
DA:33,117
DA:34,156
DA:35,39
LF:9
LH:9
end_of_record
TN:
SF:/Users/forge18/Documents/Repos/lpm/src/cli/template/renderer.rs
FN:14,TemplateRenderer::new
FN:23,TemplateRenderer::render
FN:43,TemplateRenderer::render_directory
FN:75,TemplateRenderer::render_file
FN:87,TemplateRenderer::substitute_variables
FNF:5
FNDA:12,TemplateRenderer::new
FNDA:10,TemplateRenderer::render
FNDA:18,TemplateRenderer::render_directory
FNDA:21,TemplateRenderer::render_file
FNDA:21,TemplateRenderer::substitute_variables
DA:14,12
DA:15,36
DA:16,11
DA:17,11
DA:18,11
DA:23,10
DA:25,65
DA:26,48
DA:27,1
DA:28,1
DA:29,1
DA:35,18
DA:38,45
DA:40,9
DA:43,18
DA:49,76
DA:50,80
DA:51,120
DA:52,120
DA:53,80
DA:56,71
DA:57,10
DA:60,120
DA:62,30
DA:64,18
DA:65,45
DA:68,105
DA:72,18
DA:75,21
DA:81,63
DA:82,105
DA:83,63
DA:84,21
DA:87,21
DA:88,63
DA:91,273
DA:92,252
DA:93,252
DA:97,147
DA:98,126
DA:99,0
DA:100,0
DA:101,0
DA:106,21
LF:44
LH:41
end_of_record
TN:
SF:/Users/forge18/Documents/Repos/lpm/src/cli/update.rs
FN:18,run
FN:140,update_package
FN:207,update_all_packages
FNF:3
FNDA:12,run
FNDA:0,update_package
FNDA:0,update_all_packages
DA:18,12
DA:19,12
DA:20,6
DA:22,18
DA:25,15
DA:26,15
DA:27,15
DA:30,10
DA:31,20
DA:34,25
DA:35,15
DA:38,15
DA:41,8
DA:43,2
DA:44,2
DA:45,1
DA:46,2
DA:47,1
DA:49,5
DA:51,4
DA:54,14
DA:57,6
DA:58,6
DA:60,0
DA:64,10
DA:67,6
DA:70,4
DA:73,2
DA:74,4
DA:75,2
DA:79,0
DA:80,0
DA:81,0
DA:82,0
DA:83,0
DA:87,0
DA:88,0
DA:91,0
DA:93,0
DA:94,0
DA:95,0
DA:96,0
DA:97,0
DA:98,0
DA:99,0
DA:101,0
DA:104,0
DA:105,0
DA:106,0
DA:107,0
DA:108,0
DA:109,0
DA:110,0
DA:111,0
DA:113,0
DA:117,0
DA:120,0
DA:123,0
DA:124,0
DA:125,0
DA:126,0
DA:127,0
DA:129,0
DA:130,0
DA:131,0
DA:133,0
DA:135,0
DA:137,5
DA:140,0
DA:149,0
DA:150,0
DA:151,0
DA:152,0
DA:153,0
DA:154,0
DA:155,0
DA:156,0
DA:160,0
DA:163,0
DA:165,0
DA:166,0
DA:169,0
DA:170,0
DA:172,0
DA:173,0
DA:174,0
DA:177,0
DA:178,0
DA:179,0
DA:180,0
DA:181,0
DA:184,0
DA:186,0
DA:188,0
DA:192,0
DA:193,0
DA:197,0
DA:198,0
DA:199,0
DA:200,0
DA:202,0
DA:204,0
DA:207,0
DA:216,0
DA:218,0
DA:221,0
DA:223,0
DA:224,0
DA:225,0
DA:226,0
DA:229,0
DA:232,0
DA:235,0
DA:237,0
DA:238,0
DA:242,0
DA:243,0
DA:244,0
DA:249,0
DA:251,0
DA:252,0
DA:253,0
DA:254,0
DA:257,0
DA:260,0
DA:263,0
DA:265,0
DA:266,0
DA:270,0
DA:271,0
DA:272,0
DA:276,0
DA:277,0
DA:279,0
LF:134
LH:30
end_of_record
TN:
SF:/Users/forge18/Documents/Repos/lpm/src/cli/verify.rs
FN:9,run
FNF:1
FNDA:4,run
DA:9,4
DA:10,8
DA:11,4
DA:13,12
DA:16,12
DA:17,2
DA:18,2
DA:22,2
DA:23,2
DA:24,1
DA:28,0
DA:29,0
DA:32,0
DA:34,0
DA:37,0
DA:40,0
DA:41,0
DA:42,0
DA:44,0
DA:45,0
DA:46,0
DA:48,0
DA:49,0
DA:52,0
DA:53,0
DA:54,0
DA:58,0
LF:27
LH:10
end_of_record
TN:
SF:/Users/forge18/Documents/Repos/lpm/src/config/mod.rs
FN:39,default_luarocks_manifest_url
FN:43,default_true
FN:48,<impl Default for Config>::default
FN:67,Config::load
FN:90,Config::save
FN:105,Config::get_cache_dir
FNF:6
FNDA:273,default_luarocks_manifest_url
FNDA:0,default_true
FNDA:273,<impl Default for Config>::default
FNDA:458,Config::load
FNDA:265,Config::save
FNDA:366,Config::get_cache_dir
DA:39,273
DA:40,546
DA:43,0
DA:44,0
DA:48,273
DA:50,546
DA:67,458
DA:68,916
DA:70,458
DA:72,530
DA:73,530
DA:74,265
DA:77,579
DA:78,772
DA:79,193
DA:81,193
DA:90,265
DA:91,530
DA:92,795
DA:95,530
DA:97,795
DA:98,265
DA:100,795
DA:101,265
DA:105,366
DA:106,366
DA:107,0
DA:109,366
LF:28
LH:25
end_of_record
TN:
SF:/Users/forge18/Documents/Repos/lpm/src/core/path_setup.rs
FN:6,check_path_setup
FN:99,get_cargo_bin_dir
FN:113,expand_path_vars
FN:132,detect_shell
FN:142,get_shell_profile
FN:154,setup_path_auto
FNF:6
FNDA:0,check_path_setup
FNDA:4,get_cargo_bin_dir
FNDA:6,expand_path_vars
FNDA:2,detect_shell
FNDA:8,get_shell_profile
FNDA:0,setup_path_auto
DA:6,0
DA:8,0
DA:9,0
DA:12,0
DA:14,0
DA:17,0
DA:21,0
DA:25,0
DA:27,0
DA:28,0
DA:34,0
DA:35,0
DA:40,0
DA:42,0
DA:44,0
DA:45,0
DA:46,0
DA:47,0
DA:49,0
DA:50,0
DA:51,0
DA:54,0
DA:55,0
DA:58,0
DA:59,0
DA:63,0
DA:65,0
DA:66,0
DA:69,0
DA:70,0
DA:71,0
DA:72,0
DA:73,0
DA:74,0
DA:78,0
DA:79,0
DA:81,0
DA:82,0
DA:83,0
DA:84,0
DA:85,0
DA:86,0
DA:88,0
DA:89,0
DA:92,0
DA:95,0
DA:99,4
DA:102,0
DA:103,0
DA:104,0
DA:107,12
DA:108,4
DA:113,6
DA:115,12
DA:116,4
DA:117,6
DA:122,8
DA:123,4
DA:124,6
DA:128,4
DA:132,2
DA:133,2
DA:134,2
DA:142,8
DA:143,8
DA:144,12
DA:145,10
DA:146,8
DA:147,4
DA:154,0
DA:156,0
DA:157,0
DA:162,0
DA:163,0
DA:164,0
DA:167,0
DA:168,0
DA:172,0
DA:174,0
DA:175,0
DA:176,0
DA:180,0
DA:183,0
DA:186,0
DA:187,0
DA:189,0
DA:190,0
DA:192,0
DA:193,0
DA:195,0
LF:90
LH:20
end_of_record
TN:
SF:/Users/forge18/Documents/Repos/lpm/src/lua_manager/downloader.rs
FN:15,LuaDownloader::new
FN:32,LuaDownloader::get_source_url
FN:44,LuaDownloader::get_binary_name
FN:87,LuaDownloader::download_binary
FN:134,LuaDownloader::list_available_versions
FN:148,LuaDownloader::resolve_version
FN:162,LuaDownloader::is_known_version
FNF:7
FNDA:8,LuaDownloader::new
FNDA:2,LuaDownloader::get_source_url
FNDA:0,LuaDownloader::get_binary_name
FNDA:0,LuaDownloader::download_binary
FNDA:10,LuaDownloader::list_available_versions
FNDA:10,LuaDownloader::resolve_version
FNDA:8,LuaDownloader::is_known_version
DA:15,8
DA:17,24
DA:18,32
DA:19,16
DA:21,32
DA:23,8
DA:24,16
DA:25,16
DA:26,8
DA:27,8
DA:32,2
DA:33,2
DA:34,4
DA:35,2
DA:36,4
DA:44,0
DA:46,0
DA:49,0
DA:73,0
DA:87,0
DA:88,0
DA:89,0
DA:90,0
DA:92,0
DA:95,0
DA:96,0
DA:99,0
DA:101,0
DA:102,0
DA:103,0
DA:104,0
DA:105,0
DA:106,0
DA:107,0
DA:108,0
DA:109,0
DA:113,0
DA:114,0
DA:115,0
DA:121,0
DA:122,0
DA:123,0
DA:126,0
DA:127,0
DA:134,10
DA:135,10
DA:136,20
DA:137,20
DA:138,20
DA:148,10
DA:149,10
DA:150,14
DA:151,12
DA:152,10
DA:153,8
DA:154,4
DA:162,8
DA:163,16
DA:164,16
LF:59
LH:30
end_of_record
TN:
SF:/Users/forge18/Documents/Repos/lpm/src/lua_manager/switcher.rs
FN:11,VersionSwitcher::new
FN:19,VersionSwitcher::switch
FN:55,VersionSwitcher::set_local
FN:76,VersionSwitcher::current
FN:108,VersionSwitcher::list_installed
FN:136,VersionSwitcher::verify_current_version
FNF:6
FNDA:22,VersionSwitcher::new
FNDA:3,VersionSwitcher::switch
FNDA:3,VersionSwitcher::set_local
FNDA:9,VersionSwitcher::current
FNDA:8,VersionSwitcher::list_installed
FNDA:0,VersionSwitcher::verify_current_version
DA:11,22
DA:13,66
DA:14,22
DA:19,3
DA:20,9
DA:22,3
DA:23,9
DA:24,6
DA:25,6
DA:26,6
DA:27,6
DA:28,3
DA:29,6
DA:30,3
DA:35,0
DA:36,0
DA:37,0
DA:38,0
DA:39,0
DA:44,0
DA:46,0
DA:49,0
DA:51,0
DA:55,3
DA:57,9
DA:58,3
DA:59,0
DA:60,0
DA:61,0
DA:66,9
DA:67,12
DA:69,6
DA:70,9
DA:72,3
DA:76,9
DA:77,9
DA:78,2
DA:79,2
DA:80,2
DA:81,2
DA:85,35
DA:87,14
DA:88,0
DA:89,0
DA:90,0
DA:91,0
DA:96,14
DA:97,0
DA:98,0
DA:99,0
DA:100,0
DA:104,7
DA:108,8
DA:109,8
DA:110,4
DA:113,8
DA:114,12
DA:116,16
DA:117,12
DA:118,18
DA:120,6
DA:122,12
DA:123,6
DA:124,44
DA:125,18
DA:131,4
DA:132,4
DA:136,0
DA:137,0
DA:138,0
DA:139,0
DA:140,0
DA:141,0
DA:144,0
LF:74
LH:47
end_of_record
TN:
SF:/Users/forge18/Documents/Repos/lpm/src/lua_manager/versions.rs
FN:4,parse_version
FN:34,version_code
FN:40,compare_versions
FNF:3
FNDA:24,parse_version
FNDA:6,version_code
FNDA:6,compare_versions
DA:4,24
DA:5,120
DA:7,24
DA:8,0
DA:9,0
DA:10,0
DA:14,48
DA:16,24
DA:18,48
DA:20,24
DA:22,48
DA:23,24
DA:25,24
DA:27,0
DA:30,48
DA:34,6
DA:35,24
DA:36,6
DA:40,6
DA:41,18
DA:42,18
DA:43,12
LF:22
LH:18
end_of_record
TN:
SF:/Users/forge18/Documents/Repos/lpm/src/lua_manager/wrappers.rs
FN:11,WrapperGenerator::new
FN:18,WrapperGenerator::generate
FN:36,WrapperGenerator::compile_wrapper
FN:67,WrapperGenerator::wrapper_source_code
FN:155,WrapperGenerator::print_setup_instructions
FNF:5
FNDA:0,WrapperGenerator::new
FNDA:0,WrapperGenerator::generate
FNDA:0,WrapperGenerator::compile_wrapper
FNDA:0,WrapperGenerator::wrapper_source_code
FNDA:0,WrapperGenerator::print_setup_instructions
DA:11,0
DA:13,0
DA:18,0
DA:19,0
DA:21,0
DA:22,0
DA:24,0
DA:25,0
DA:27,0
DA:36,0
DA:37,0
DA:38,0
DA:39,0
DA:42,0
DA:44,0
DA:48,0
DA:49,0
DA:51,0
DA:54,0
DA:55,0
DA:56,0
DA:57,0
DA:62,0
DA:64,0
DA:67,0
DA:68,0
DA:155,0
DA:156,0
DA:157,0
DA:158,0
DA:159,0
DA:169,0
DA:170,0
LF:33
LH:0
end_of_record
TN:
SF:/Users/forge18/Documents/Repos/lpm/src/lua_version/compatibility.rs
FN:11,PackageCompatibility::check_package
FN:26,PackageCompatibility::check_rockspec
FN:31,PackageCompatibility::validate_project_constraint
FN:48,PackageCompatibility::filter_compatible_packages
FNF:4
FNDA:32,PackageCompatibility::check_package
FNDA:4,PackageCompatibility::check_rockspec
FNDA:30,PackageCompatibility::validate_project_constraint
FNDA:6,PackageCompatibility::filter_compatible_packages
DA:11,32
DA:15,76
DA:16,52
DA:19,8
DA:22,40
DA:26,4
DA:27,16
DA:31,30
DA:35,90
DA:37,56
DA:38,2
DA:39,2
DA:40,2
DA:44,26
DA:48,6
DA:52,6
DA:54,20
DA:55,42
DA:56,10
DA:57,2
DA:58,2
LF:21
LH:21
end_of_record
TN:
SF:/Users/forge18/Documents/Repos/lpm/src/lua_version/constraint.rs
FN:25,LuaVersionConstraint::matches
FN:48,parse_lua_version_constraint
FNF:2
FNDA:108,LuaVersionConstraint::matches
FNDA:70,parse_lua_version_constraint
DA:25,108
DA:26,108
DA:27,114
DA:28,28
DA:29,82
DA:31,24
DA:32,72
DA:34,36
DA:36,98
DA:48,70
DA:49,210
DA:52,140
DA:53,14
DA:55,20
DA:56,42
DA:58,14
DA:59,0
DA:60,14
DA:61,0
DA:63,28
DA:68,8
DA:69,0
DA:70,0
DA:74,4
DA:78,76
DA:79,36
DA:80,12
DA:83,54
DA:85,6
DA:86,8
DA:87,2
DA:90,58
DA:91,24
DA:92,8
DA:95,44
DA:97,6
DA:98,10
DA:99,2
DA:103,120
DA:104,32
LF:40
LH:36
end_of_record
TN:
SF:/Users/forge18/Documents/Repos/lpm/src/lua_version/detector.rs
FN:15,<impl Display for LuaVersion>::fmt
FN:22,LuaVersion::new
FN:36,LuaVersion::parse
FN:78,LuaVersion::version_string
FN:83,LuaVersion::major_minor
FN:88,LuaVersion::is_5_1
FN:93,LuaVersion::is_5_3
FN:98,LuaVersion::is_5_4
FN:103,LuaVersion::mlua_feature
FN:122,LuaVersionDetector::detect
FN:145,LuaVersionDetector::detect_with_command
FNF:11
FNDA:16,<impl Display for LuaVersion>::fmt
FNDA:118,LuaVersion::new
FNDA:170,LuaVersion::parse
FNDA:24,LuaVersion::version_string
FNDA:52,LuaVersion::major_minor
FNDA:22,LuaVersion::is_5_1
FNDA:20,LuaVersion::is_5_3
FNDA:18,LuaVersion::is_5_4
FNDA:20,LuaVersion::mlua_feature
FNDA:70,LuaVersionDetector::detect
FNDA:0,LuaVersionDetector::detect_with_command
DA:15,16
DA:16,48
DA:22,118
DA:36,170
DA:38,510
DA:39,340
DA:41,334
DA:42,340
DA:45,850
DA:47,340
DA:48,0
DA:49,0
DA:50,0
DA:54,326
DA:56,226
DA:58,1086
DA:60,876
DA:63,560
DA:64,6
DA:65,6
DA:66,6
DA:70,150
DA:71,300
DA:72,150
DA:73,150
DA:78,24
DA:79,48
DA:83,52
DA:84,104
DA:88,22
DA:89,44
DA:93,20
DA:94,40
DA:98,18
DA:99,36
DA:103,20
DA:104,40
DA:105,2
DA:106,36
DA:107,2
DA:108,32
DA:109,16
DA:112,0
DA:122,70
DA:123,280
DA:124,0
DA:127,70
DA:128,0
DA:129,0
DA:133,280
DA:134,0
DA:138,350
DA:139,140
DA:145,0
DA:146,0
DA:149,0
DA:151,0
DA:152,0
DA:153,0
DA:154,0
DA:158,0
DA:159,0
DA:162,0
DA:163,0
LF:64
LH:45
end_of_record
TN:
SF:/Users/forge18/Documents/Repos/lpm/src/luarocks/client.rs
FN:18,LuaRocksClient::new
FN:27,LuaRocksClient::fetch_manifest
FN:57,LuaRocksClient::download_rockspec
FN:86,LuaRocksClient::parse_rockspec
FN:91,LuaRocksClient::download_source
FN:117,extract_package_name_from_url
FN:127,extract_version_from_url
FNF:7
FNDA:421,LuaRocksClient::new
FNDA:102,LuaRocksClient::fetch_manifest
FNDA:76,LuaRocksClient::download_rockspec
FNDA:6,LuaRocksClient::parse_rockspec
FNDA:8,LuaRocksClient::download_source
FNDA:46,extract_package_name_from_url
FNDA:46,extract_version_from_url
DA:18,421
DA:20,842
DA:21,842
DA:27,102
DA:29,102
DA:31,204
DA:33,36
DA:34,9
DA:37,84
DA:38,126
DA:39,252
DA:41,42
DA:42,0
DA:45,168
DA:48,168
DA:49,42
DA:53,102
DA:57,76
DA:59,114
DA:60,38
DA:61,38
DA:64,114
DA:65,24
DA:66,6
DA:70,64
DA:71,192
DA:73,26
DA:74,52
DA:77,0
DA:80,0
DA:82,0
DA:86,6
DA:87,12
DA:91,8
DA:93,16
DA:95,12
DA:96,2
DA:100,4
DA:101,12
DA:103,2
DA:104,0
DA:107,8
DA:110,8
DA:112,2
DA:117,46
DA:119,46
DA:121,138
DA:127,46
DA:129,46
DA:131,92
DA:132,92
DA:133,114
LF:52
LH:47
end_of_record
TN:
SF:/Users/forge18/Documents/Repos/lpm/src/luarocks/manifest.rs
FN:48,Manifest::parse_json
FN:93,Manifest::parse_lua
FN:100,Manifest::get_package_versions
FN:105,Manifest::get_latest_version
FN:112,Manifest::get_package_version_strings
FN:120,<impl Default for Manifest>::default
FNF:6
FNDA:72,Manifest::parse_json
FNDA:2,Manifest::parse_lua
FNDA:106,Manifest::get_package_versions
FNDA:6,Manifest::get_latest_version
FNDA:72,Manifest::get_package_version_strings
FNDA:74,<impl Default for Manifest>::default
DA:48,72
DA:49,276
DA:50,90
DA:54,198
DA:57,132
DA:58,60906
DA:59,40560
DA:61,215358
DA:63,325130
DA:65,130050
DA:67,195072
DA:69,65024
DA:73,195072
DA:74,195072
DA:75,65024
DA:76,65024
DA:81,40558
DA:82,81112
DA:86,66
DA:87,66
DA:88,66
DA:93,2
DA:94,2
DA:95,2
DA:100,106
DA:101,318
DA:105,6
DA:106,20
DA:108,4
DA:112,72
DA:113,216
DA:114,184
DA:120,74
DA:122,148
DA:123,74
LF:35
LH:35
end_of_record
TN:
SF:/Users/forge18/Documents/Repos/lpm/src/luarocks/rockspec.rs
FN:57,InstallTable::is_empty
FN:68,Rockspec::parse_lua
FN:73,Rockspec::to_package_manifest
FNF:3
FNDA:6,InstallTable::is_empty
FNDA:10,Rockspec::parse_lua
FNDA:16,Rockspec::to_package_manifest
DA:57,6
DA:58,28
DA:68,10
DA:69,20
DA:73,16
DA:75,32
DA:76,36
DA:79,20
DA:80,22
DA:81,18
DA:82,18
DA:84,18
DA:85,6
DA:87,8
DA:89,24
DA:92,20
DA:97,34
DA:98,14
DA:100,2
DA:101,6
DA:102,4
DA:103,6
DA:104,2
DA:105,2
DA:110,32
DA:111,32
DA:112,32
DA:113,32
DA:114,32
DA:115,72
DA:117,16
DA:118,16
DA:120,32
LF:33
LH:33
end_of_record
TN:
SF:/Users/forge18/Documents/Repos/lpm/src/luarocks/rockspec_parser.rs
FN:10,parse_rockspec
FN:46,extract_string_field
FN:56,parse_source
FN:74,parse_dependencies
FN:91,parse_build
FN:113,parse_install_table
FN:132,parse_install_section
FN:160,parse_modules_table
FN:181,parse_binary_urls
FN:215,extract_table_block
FNF:10
FNDA:22,parse_rockspec
FNDA:240,extract_string_field
FNDA:22,parse_source
FNDA:22,parse_dependencies
FNDA:26,parse_build
FNDA:26,parse_install_table
FNDA:104,parse_install_section
FNDA:26,parse_modules_table
FNDA:16,parse_binary_urls
FNDA:260,extract_table_block
DA:10,22
DA:11,88
DA:12,72
DA:15,54
DA:18,54
DA:21,48
DA:24,80
DA:25,80
DA:26,80
DA:27,80
DA:30,64
DA:32,16
DA:33,32
DA:34,32
DA:35,32
DA:36,32
DA:37,32
DA:38,32
DA:39,32
DA:40,32
DA:41,16
DA:42,16
DA:46,240
DA:47,720
DA:48,240
DA:50,720
DA:51,444
DA:52,444
DA:53,516
DA:56,22
DA:58,88
DA:60,88
DA:61,22
DA:63,88
DA:64,82
DA:67,88
DA:68,82
DA:71,44
DA:74,22
DA:75,88
DA:78,60
DA:79,20
DA:81,40
DA:82,76
DA:83,48
DA:84,48
DA:88,20
DA:91,26
DA:92,104
DA:94,104
DA:95,26
DA:96,26
DA:99,78
DA:102,78
DA:104,26
DA:105,52
DA:106,26
DA:107,26
DA:113,26
DA:116,130
DA:118,104
DA:119,104
DA:120,104
DA:121,104
DA:123,26
DA:124,52
DA:125,52
DA:126,26
DA:127,26
DA:132,104
DA:136,520
DA:139,312
DA:140,104
DA:142,208
DA:143,324
DA:144,24
DA:146,12
DA:147,36
DA:148,12
DA:149,0
DA:151,84
DA:152,0
DA:154,48
DA:157,104
DA:160,26
DA:162,130
DA:165,78
DA:166,26
DA:168,52
DA:169,82
DA:170,28
DA:171,20
DA:175,26
DA:181,16
DA:183,64
DA:184,28
DA:186,48
DA:187,0
DA:191,20
DA:192,12
DA:196,12
DA:197,4
DA:199,8
DA:200,16
DA:201,28
DA:202,20
DA:206,4
DA:215,260
DA:216,780
DA:217,260
DA:218,780
DA:220,366
DA:221,520
DA:222,722
DA:224,318
DA:225,212
DA:226,212
DA:227,530
DA:229,15898
DA:230,5194
DA:231,42
DA:232,146
DA:233,5006
DA:235,5194
DA:238,106
DA:239,2
DA:240,2
DA:241,2
DA:245,312
LF:129
LH:126
end_of_record
TN:
SF:/Users/forge18/Documents/Repos/lpm/src/luarocks/search_api.rs
FN:13,<impl Default for SearchAPI>::default
FN:23,SearchAPI::new
FN:28,SearchAPI::get_latest_version
FN:71,SearchAPI::get_rockspec_url
FN:86,SearchAPI::verify_rockspec_url
FNF:5
FNDA:371,<impl Default for SearchAPI>::default
FNDA:369,SearchAPI::new
FNDA:4,SearchAPI::get_latest_version
FNDA:10,SearchAPI::get_rockspec_url
FNDA:8,SearchAPI::verify_rockspec_url
DA:13,371
DA:15,742
DA:16,371
DA:23,369
DA:24,369
DA:28,4
DA:30,6
DA:31,6
DA:32,4
DA:33,6
DA:35,2
DA:36,2
DA:38,2
DA:39,0
DA:40,0
DA:41,0
DA:45,8
DA:48,6
DA:51,0
DA:52,0
DA:56,0
DA:58,0
DA:60,0
DA:62,0
DA:63,0
DA:66,0
DA:71,10
DA:77,40
DA:78,30
DA:79,10
DA:86,8
DA:87,24
DA:88,4
DA:89,2
DA:91,2
LF:35
LH:24
end_of_record
TN:
SF:/Users/forge18/Documents/Repos/lpm/src/luarocks/version.rs
FN:11,normalize_luarocks_version
FN:42,to_luarocks_version
FNF:2
FNDA:46,normalize_luarocks_version
FNDA:58,to_luarocks_version
DA:11,46
DA:13,230
DA:15,92
DA:16,0
DA:17,0
DA:18,0
DA:22,92
DA:23,92
DA:24,48
DA:26,30
DA:30,138
DA:34,56
DA:35,14
DA:38,42
DA:42,58
DA:45,82
DA:46,40
DA:48,76
LF:18
LH:15
end_of_record
TN:
SF:/Users/forge18/Documents/Repos/lpm/src/main.rs
FN:132,main
FNF:1
FNDA:224,main
DA:132,224
DA:134,112
DA:135,224
DA:140,112
DA:141,0
DA:144,224
DA:146,224
DA:147,100
DA:149,15
DA:150,15
DA:151,15
DA:152,15
DA:153,15
DA:154,15
DA:155,15
DA:156,120
DA:157,20
DA:158,18
DA:159,45
DA:160,4
DA:161,4
DA:162,5
DA:163,12
DA:164,0
DA:166,4
DA:167,4
DA:168,12
DA:169,12
DA:170,15
DA:171,2
DA:172,0
DA:173,3
DA:175,0
DA:176,0
DA:178,27
DA:179,15
DA:180,27
DA:181,0
DA:182,0
DA:183,0
DA:185,0
DA:190,350
DA:191,301
DA:194,224
LF:44
LH:35
end_of_record
TN:
SF:/Users/forge18/Documents/Repos/lpm/src/package/checksum.rs
FN:11,ChecksumRecorder::new
FN:19,ChecksumRecorder::calculate_for_source
FN:33,ChecksumRecorder::calculate_for_file
FN:48,ChecksumRecorder::record_checksum
FNF:4
FNDA:11,ChecksumRecorder::new
FNDA:4,ChecksumRecorder::calculate_for_source
FNDA:6,ChecksumRecorder::calculate_for_file
FNDA:2,ChecksumRecorder::record_checksum
DA:11,11
DA:19,4
DA:20,16
DA:22,4
DA:23,4
DA:24,4
DA:25,2
DA:29,4
DA:33,6
DA:34,6
DA:35,4
DA:36,4
DA:37,2
DA:41,8
DA:48,2
DA:49,8
DA:52,4
DA:54,2
LF:18
LH:18
end_of_record
TN:
SF:/Users/forge18/Documents/Repos/lpm/src/package/conflict_checker.rs
FN:12,ConflictChecker::check_conflicts
FN:45,ConflictChecker::check_version_conflicts
FN:61,ConflictChecker::check_new_dependency
FNF:3
FNDA:17,ConflictChecker::check_conflicts
FNDA:27,ConflictChecker::check_version_conflicts
FNDA:11,ConflictChecker::check_new_dependency
DA:12,17
DA:14,34
DA:17,50
DA:18,22
DA:19,0
DA:20,0
DA:21,0
DA:24,66
DA:28,33
DA:29,14
DA:30,2
DA:31,2
DA:32,2
DA:35,24
DA:39,33
DA:40,24
DA:42,12
DA:45,27
DA:47,54
DA:49,57
DA:50,33
DA:51,40
DA:55,48
DA:57,24
DA:61,11
DA:67,33
DA:68,4
DA:69,4
DA:70,2
DA:71,6
DA:75,27
DA:76,4
DA:77,4
DA:78,2
DA:79,6
DA:84,25
DA:85,4
DA:86,4
DA:87,4
DA:91,4
LF:40
LH:37
end_of_record
TN:
SF:/Users/forge18/Documents/Repos/lpm/src/package/converter.rs
FN:9,convert_rockspec_to_manifest
FNF:1
FNDA:8,convert_rockspec_to_manifest
DA:9,8
DA:15,24
DA:18,24
DA:19,24
DA:20,16
DA:22,16
DA:23,24
DA:24,8
DA:26,24
DA:28,8
LF:10
LH:10
end_of_record
TN:
SF:/Users/forge18/Documents/Repos/lpm/src/package/downloader.rs
FN:40,ParallelDownloader::new
FN:48,ParallelDownloader::download_packages
FN:85,ParallelDownloader::download_single_package
FN:223,ParallelDownloader::download_with_progress
FN:271,create_download_tasks
FNF:5
FNDA:31,ParallelDownloader::new
FNDA:19,ParallelDownloader::download_packages
FNDA:32,ParallelDownloader::download_single_package
FNDA:12,ParallelDownloader::download_with_progress
FNDA:20,create_download_tasks
DA:40,31
DA:42,93
DA:43,31
DA:48,19
DA:53,38
DA:54,38
DA:57,67
DA:58,48
DA:60,20
DA:61,8
DA:65,72
DA:66,72
DA:67,72
DA:68,72
DA:69,120
DA:70,24
DA:75,137
DA:76,60
DA:77,40
DA:81,19
DA:85,32
DA:90,96
DA:91,96
DA:94,128
DA:95,32
DA:96,2
DA:97,4
DA:98,0
DA:100,0
DA:101,0
DA:102,0
DA:103,0
DA:107,0
DA:108,0
DA:113,0
DA:114,0
DA:115,0
DA:116,0
DA:117,0
DA:118,0
DA:119,0
DA:120,0
DA:121,0
DA:122,0
DA:126,0
DA:128,0
DA:132,0
DA:134,2
DA:136,2
DA:137,6
DA:138,6
DA:139,4
DA:140,8
DA:141,8
DA:142,6
DA:143,8
DA:144,6
DA:145,6
DA:147,6
DA:148,6
DA:149,8
DA:150,6
DA:151,6
DA:153,6
DA:154,6
DA:155,6
DA:156,4
DA:157,4
DA:159,2
DA:160,2
DA:165,30
DA:166,30
DA:167,90
DA:168,90
DA:169,60
DA:170,120
DA:171,120
DA:172,90
DA:173,120
DA:174,90
DA:175,90
DA:177,90
DA:178,90
DA:179,120
DA:180,90
DA:181,90
DA:183,90
DA:184,90
DA:185,90
DA:186,60
DA:187,60
DA:189,30
DA:190,30
DA:196,0
DA:197,0
DA:198,0
DA:199,0
DA:200,0
DA:201,0
DA:202,0
DA:203,0
DA:204,0
DA:205,0
DA:210,0
DA:223,12
DA:228,36
DA:231,36
DA:232,24
DA:233,12
DA:234,24
DA:235,12
DA:236,24
DA:240,60
DA:243,24
DA:245,32
DA:246,20
DA:247,20
DA:248,0
DA:250,10
DA:251,30
DA:252,30
DA:257,24
DA:259,12
DA:260,8
DA:261,8
DA:262,8
DA:266,4
DA:271,20
DA:275,40
DA:277,80
DA:278,56
DA:280,78
DA:282,42
DA:283,42
DA:284,42
DA:285,42
DA:286,14
DA:292,20
LF:138
LH:106
end_of_record
TN:
SF:/Users/forge18/Documents/Repos/lpm/src/package/extractor.rs
FN:14,PackageExtractor::new
FN:20,PackageExtractor::extract
FN:51,PackageExtractor::extract_targz
FN:93,PackageExtractor::extract_zip
FNF:4
FNDA:303,PackageExtractor::new
FNDA:24,PackageExtractor::extract
FNDA:22,PackageExtractor::extract_targz
FNDA:10,PackageExtractor::extract_zip
DA:14,303
DA:20,24
DA:22,44
DA:24,64
DA:25,36
DA:27,40
DA:28,72
DA:29,12
DA:30,4
DA:31,4
DA:32,4
DA:37,40
DA:38,80
DA:39,20
DA:40,20
DA:41,20
DA:42,60
DA:43,40
DA:45,20
DA:48,20
DA:51,22
DA:52,66
DA:53,60
DA:54,60
DA:56,80
DA:57,20
DA:58,20
DA:59,20
DA:60,60
DA:61,40
DA:65,20
DA:66,0
DA:68,40
DA:70,80
DA:73,0
DA:74,0
DA:75,0
DA:76,0
DA:77,0
DA:78,0
DA:80,0
DA:83,0
DA:85,0
DA:86,0
DA:90,0
DA:93,10
DA:96,30
DA:97,6
DA:98,42
DA:100,24
DA:101,6
DA:102,6
DA:103,6
DA:104,18
DA:105,12
DA:109,6
DA:110,4
DA:112,12
DA:114,6
DA:115,12
DA:116,6
DA:119,18
DA:120,10
DA:121,12
DA:122,18
DA:123,24
DA:124,4
DA:126,2
DA:129,8
DA:130,2
DA:131,2
DA:135,4
LF:72
LH:60
end_of_record
TN:
SF:/Users/forge18/Documents/Repos/lpm/src/package/installer.rs
FN:27,PackageInstaller::new
FN:49,PackageInstaller::init
FN:57,PackageInstaller::install_package
FN:105,PackageInstaller::install_from_source
FN:139,PackageInstaller::build_with_make
FN:287,PackageInstaller::build_with_cmake
FN:409,PackageInstaller::build_with_command
FN:500,PackageInstaller::build_with_rust
FN:646,PackageInstaller::install_builtin
FN:685,PackageInstaller::get_package_path
FN:690,PackageInstaller::is_installed
FN:695,PackageInstaller::remove_package
FN:712,copy_dir_recursive
FNF:13
FNDA:261,PackageInstaller::new
FNDA:251,PackageInstaller::init
FNDA:0,PackageInstaller::install_package
FNDA:88,PackageInstaller::install_from_source
FNDA:44,PackageInstaller::build_with_make
FNDA:46,PackageInstaller::build_with_cmake
FNDA:30,PackageInstaller::build_with_command
FNDA:44,PackageInstaller::build_with_rust
FNDA:50,PackageInstaller::install_builtin
FNDA:8,PackageInstaller::get_package_path
FNDA:16,PackageInstaller::is_installed
FNDA:12,PackageInstaller::remove_package
FNDA:54,copy_dir_recursive
DA:27,261
DA:28,783
DA:29,783
DA:30,783
DA:31,522
DA:32,1044
DA:33,1044
DA:34,522
DA:35,1044
DA:37,261
DA:38,783
DA:39,522
DA:40,522
DA:41,522
DA:42,522
DA:43,261
DA:44,261
DA:49,251
DA:50,502
DA:51,502
DA:52,502
DA:53,251
DA:57,0
DA:58,0
DA:61,0
DA:62,0
DA:63,0
DA:66,0
DA:67,0
DA:68,0
DA:71,0
DA:72,0
DA:75,0
DA:76,0
DA:77,0
DA:78,0
DA:79,0
DA:80,0
DA:81,0
DA:82,0
DA:85,0
DA:90,0
DA:91,0
DA:94,0
DA:95,0
DA:98,0
DA:100,0
DA:102,0
DA:105,88
DA:111,88
DA:112,172
DA:114,140
DA:116,60
DA:118,80
DA:120,44
DA:122,80
DA:124,28
DA:126,40
DA:128,26
DA:130,80
DA:132,4
DA:133,4
DA:134,4
DA:139,44
DA:147,88
DA:149,88
DA:150,132
DA:152,88
DA:154,44
DA:156,44
DA:157,40
DA:161,12
DA:162,8
DA:165,8
DA:166,8
DA:167,12
DA:168,12
DA:170,8
DA:171,8
DA:172,4
DA:177,0
DA:178,0
DA:179,0
DA:180,0
DA:182,0
DA:184,0
DA:185,0
DA:186,0
DA:187,0
DA:188,0
DA:189,0
DA:190,0
DA:192,0
DA:193,0
DA:196,0
DA:197,0
DA:199,0
DA:205,0
DA:206,0
DA:207,0
DA:208,0
DA:209,0
DA:210,0
DA:211,0
DA:213,0
DA:214,0
DA:217,0
DA:218,0
DA:220,0
DA:226,0
DA:227,0
DA:228,0
DA:229,0
DA:230,0
DA:231,0
DA:232,0
DA:234,0
DA:235,0
DA:238,0
DA:243,0
DA:244,0
DA:245,0
DA:246,0
DA:247,0
DA:248,0
DA:249,0
DA:251,0
DA:252,0
DA:255,0
DA:256,0
DA:258,0
DA:262,0
DA:264,0
DA:265,0
DA:266,0
DA:267,0
DA:268,0
DA:269,0
DA:270,0
DA:272,0
DA:273,0
DA:275,0
DA:280,0
DA:283,0
DA:284,0
DA:287,46
DA:295,92
DA:298,138
DA:299,92
DA:302,92
DA:303,92
DA:304,138
DA:306,46
DA:308,184
DA:310,0
DA:311,0
DA:315,0
DA:316,0
DA:317,0
DA:319,0
DA:321,0
DA:323,0
DA:324,0
DA:328,0
DA:329,0
DA:332,0
DA:333,0
DA:334,0
DA:336,0
DA:337,0
DA:338,0
DA:342,0
DA:343,0
DA:344,0
DA:345,0
DA:347,0
DA:349,0
DA:350,0
DA:351,0
DA:352,0
DA:353,0
DA:354,0
DA:355,0
DA:357,0
DA:358,0
DA:361,0
DA:362,0
DA:364,0
DA:369,0
DA:370,0
DA:371,0
DA:372,0
DA:373,0
DA:374,0
DA:375,0
DA:377,0
DA:378,0
DA:381,0
DA:385,0
DA:386,0
DA:387,0
DA:388,0
DA:389,0
DA:390,0
DA:391,0
DA:393,0
DA:394,0
DA:397,0
DA:402,0
DA:405,0
DA:406,0
DA:409,30
DA:421,60
DA:425,90
DA:426,30
DA:427,36
DA:428,54
DA:429,54
DA:431,36
DA:433,18
DA:435,18
DA:436,0
DA:439,12
DA:440,12
DA:441,12
DA:446,54
DA:447,36
DA:449,36
DA:450,18
DA:451,12
DA:452,10
DA:454,18
DA:456,28
DA:457,0
DA:458,0
DA:459,0
DA:460,0
DA:461,0
DA:462,0
DA:464,0
DA:465,0
DA:468,0
DA:469,0
DA:471,0
DA:476,34
DA:477,24
DA:478,6
DA:479,18
DA:480,6
DA:481,6
DA:482,18
DA:484,12
DA:485,12
DA:488,18
DA:493,12
DA:496,36
DA:497,18
DA:500,44
DA:508,88
DA:511,132
DA:512,44
DA:513,14
DA:514,14
DA:519,60
DA:520,90
DA:521,90
DA:523,60
DA:525,30
DA:527,30
DA:528,30
DA:533,0
DA:535,0
DA:537,0
DA:539,0
DA:543,0
DA:544,0
DA:545,0
DA:546,0
DA:547,0
DA:548,0
DA:549,0
DA:550,0
DA:554,0
DA:555,0
DA:557,0
DA:559,0
DA:560,0
DA:562,0
DA:563,0
DA:564,0
DA:565,0
DA:569,0
DA:570,0
DA:571,0
DA:572,0
DA:573,0
DA:574,0
DA:575,0
DA:576,0
DA:578,0
DA:579,0
DA:581,0
DA:587,0
DA:588,0
DA:589,0
DA:590,0
DA:592,0
DA:593,0
DA:594,0
DA:595,0
DA:596,0
DA:597,0
DA:598,0
DA:599,0
DA:601,0
DA:602,0
DA:605,0
DA:609,0
DA:610,0
DA:611,0
DA:612,0
DA:613,0
DA:614,0
DA:615,0
DA:617,0
DA:618,0
DA:621,0
DA:625,0
DA:626,0
DA:627,0
DA:628,0
DA:629,0
DA:630,0
DA:631,0
DA:633,0
DA:634,0
DA:637,0
DA:642,0
DA:643,0
DA:646,50
DA:652,150
DA:653,100
DA:655,100
DA:657,90
DA:660,64
DA:661,96
DA:662,24
DA:663,8
DA:664,8
DA:665,8
DA:669,48
DA:670,16
DA:671,16
DA:672,48
DA:674,32
DA:675,32
DA:677,48
DA:681,42
DA:685,8
DA:686,16
DA:690,16
DA:691,32
DA:695,12
DA:696,36
DA:697,36
DA:699,12
DA:700,16
DA:703,12
DA:704,8
DA:707,12
DA:712,54
DA:713,268
DA:714,320
DA:715,468
DA:716,312
DA:717,312
DA:718,156
DA:719,624
DA:721,312
DA:722,172
DA:724,140
DA:725,140
DA:727,210
DA:730,50
LF:384
LH:155
end_of_record
TN:
SF:/Users/forge18/Documents/Repos/lpm/src/package/interactive.rs
FN:5,confirm
FN:21,confirm_with_default
FN:43,choose
FNF:3
FNDA:0,confirm
FNDA:0,confirm_with_default
FNDA:0,choose
DA:5,0
DA:6,0
DA:7,0
DA:9,0
DA:11,0
DA:12,0
DA:13,0
DA:14,0
DA:16,0
DA:17,0
DA:21,0
DA:22,0
DA:23,0
DA:24,0
DA:26,0
DA:28,0
DA:29,0
DA:30,0
DA:31,0
DA:33,0
DA:35,0
DA:36,0
DA:38,0
DA:43,0
DA:44,0
DA:45,0
DA:46,0
DA:47,0
DA:50,0
DA:51,0
DA:53,0
DA:55,0
DA:56,0
DA:57,0
DA:58,0
DA:60,0
DA:62,0
DA:63,0
DA:65,0
DA:66,0
DA:68,0
DA:69,0
LF:42
LH:0
end_of_record
TN:
SF:/Users/forge18/Documents/Repos/lpm/src/package/lockfile.rs
FN:17,default_lockfile_version
FN:50,Lockfile::load
FN:64,Lockfile::save
FN:78,Lockfile::new
FN:87,Lockfile::add_package
FN:92,Lockfile::get_package
FN:97,Lockfile::has_package
FN:103,<impl Default for Lockfile>::default
FNF:8
FNDA:0,default_lockfile_version
FNDA:114,Lockfile::load
FNDA:18,Lockfile::save
FNDA:118,Lockfile::new
FNDA:38,Lockfile::add_package
FNDA:18,Lockfile::get_package
FNDA:14,Lockfile::has_package
FNDA:2,<impl Default for Lockfile>::default
DA:17,0
DA:18,0
DA:50,114
DA:51,342
DA:52,114
DA:53,94
DA:56,60
DA:57,64
DA:58,44
DA:60,12
DA:64,18
DA:65,54
DA:68,36
DA:69,54
DA:70,18
DA:71,54
DA:73,56
DA:74,16
DA:78,118
DA:81,118
DA:82,118
DA:87,38
DA:88,152
DA:92,18
DA:93,54
DA:97,14
DA:98,42
DA:103,2
DA:104,2
LF:29
LH:27
end_of_record
TN:
SF:/Users/forge18/Documents/Repos/lpm/src/package/lockfile_builder.rs
FN:19,LockfileBuilder::new
FN:32,LockfileBuilder::build_lockfile
FN:186,LockfileBuilder::build_locked_package
FN:243,LockfileBuilder::update_lockfile
FNF:4
FNDA:88,LockfileBuilder::new
FNDA:26,LockfileBuilder::build_lockfile
FNDA:4,LockfileBuilder::build_locked_package
FNDA:22,LockfileBuilder::update_lockfile
DA:19,88
DA:32,26
DA:38,50
DA:41,50
DA:42,125
DA:43,50
DA:46,75
DA:47,100
DA:50,100
DA:51,2
DA:52,3
DA:54,0
DA:59,4
DA:64,2
DA:65,1
DA:66,0
DA:67,0
DA:70,0
DA:71,0
DA:72,0
DA:73,0
DA:74,0
DA:75,0
DA:76,0
DA:77,0
DA:80,0
DA:81,0
DA:82,0
DA:83,0
DA:84,0
DA:88,1
DA:89,1
DA:90,0
DA:91,0
DA:94,0
DA:95,0
DA:96,0
DA:97,0
DA:98,0
DA:99,0
DA:100,0
DA:101,0
DA:102,0
DA:105,0
DA:106,0
DA:107,0
DA:108,0
DA:109,0
DA:115,3
DA:116,3
DA:117,1
DA:120,1
DA:121,0
DA:122,0
DA:126,0
DA:127,0
DA:129,0
DA:130,0
DA:131,0
DA:136,0
DA:137,0
DA:139,0
DA:140,0
DA:143,0
DA:144,0
DA:146,0
DA:147,0
DA:148,0
DA:149,0
DA:150,0
DA:152,0
DA:156,0
DA:157,0
DA:158,0
DA:159,0
DA:162,0
DA:166,0
DA:167,0
DA:169,0
DA:170,0
DA:171,0
DA:172,0
DA:179,0
DA:182,1
DA:186,4
DA:194,24
DA:195,16
DA:196,10
DA:199,8
DA:202,6
DA:205,14
DA:208,4
DA:209,14
DA:211,12
DA:212,2
DA:213,0
DA:214,0
DA:215,0
DA:217,2
DA:221,8
DA:222,8
DA:223,8
DA:224,6
DA:226,10
DA:230,2
DA:231,6
DA:232,6
DA:233,4
DA:234,4
DA:235,4
DA:236,4
DA:237,2
DA:238,2
DA:243,22
DA:250,36
DA:253,36
DA:254,90
DA:255,36
DA:258,54
DA:259,54
DA:262,72
DA:263,0
DA:264,0
DA:266,0
DA:270,0
DA:271,0
DA:272,0
DA:276,0
DA:279,0
DA:280,0
DA:283,0
DA:284,0
DA:286,0
DA:287,0
DA:293,0
DA:294,0
DA:295,0
DA:298,0
DA:301,0
DA:302,0
DA:303,0
DA:305,0
DA:306,0
DA:309,0
LF:144
LH:55
end_of_record
TN:
SF:/Users/forge18/Documents/Repos/lpm/src/package/packager.rs
FN:19,BinaryPackager::new
FN:27,BinaryPackager::package_target
FN:62,BinaryPackager::create_package_manifest
FN:90,BinaryPackager::create_archive
FN:115,BinaryPackager::create_zip
FN:136,BinaryPackager::create_tar_gz
FN:157,BinaryPackager::package_all_targets
FNF:7
FNDA:18,BinaryPackager::new
FNDA:4,BinaryPackager::package_target
FNDA:8,BinaryPackager::create_package_manifest
FNDA:2,BinaryPackager::create_archive
FNDA:2,BinaryPackager::create_zip
FNDA:4,BinaryPackager::create_tar_gz
FNDA:1,BinaryPackager::package_all_targets
DA:19,18
DA:21,36
DA:27,4
DA:29,16
DA:30,6
DA:31,12
DA:34,4
DA:38,6
DA:39,4
DA:42,4
DA:44,2
DA:45,6
DA:46,6
DA:49,10
DA:52,10
DA:54,6
DA:55,6
DA:56,4
DA:58,2
DA:62,8
DA:68,16
DA:79,24
DA:80,16
DA:83,24
DA:84,24
DA:86,8
DA:90,2
DA:91,8
DA:92,4
DA:95,2
DA:96,0
DA:98,2
DA:101,8
DA:105,0
DA:108,8
DA:111,2
DA:115,2
DA:119,6
DA:121,4
DA:123,2
DA:126,0
DA:127,0
DA:128,0
DA:132,0
DA:136,4
DA:139,16
DA:141,8
DA:143,4
DA:147,4
DA:148,2
DA:149,2
DA:153,2
DA:157,1
DA:158,2
DA:160,2
DA:161,3
DA:162,0
DA:164,0
DA:165,0
DA:166,0
DA:167,0
DA:169,0
DA:170,0
DA:176,0
DA:177,0
DA:178,0
DA:182,0
LF:67
LH:50
end_of_record
TN:
SF:/Users/forge18/Documents/Repos/lpm/src/package/rollback.rs
FN:14,RollbackManager::new
FN:28,RollbackManager::rollback
FN:45,RollbackManager::has_backup
FN:51,with_rollback
FN:77,with_rollback_async
FNF:5
FNDA:39,RollbackManager::new
FNDA:19,RollbackManager::rollback
FNDA:23,RollbackManager::has_backup
FNDA:4,with_rollback
FNDA:21,with_rollback_async
DA:14,39
DA:16,117
DA:19,152
DA:21,38
DA:22,38
DA:23,38
DA:28,19
DA:30,21
DA:31,6
DA:32,4
DA:36,36
DA:37,51
DA:38,34
DA:41,19
DA:45,23
DA:46,88
DA:51,4
DA:56,12
DA:59,4
DA:60,4
DA:61,2
DA:63,4
DA:64,4
DA:65,4
DA:66,0
DA:68,2
DA:71,2
DA:77,21
DA:83,63
DA:86,40
DA:87,14
DA:88,13
DA:90,26
DA:91,26
DA:92,26
DA:93,0
DA:95,13
DA:98,13
LF:38
LH:36
end_of_record
TN:
SF:/Users/forge18/Documents/Repos/lpm/src/package/update_diff.rs
FN:40,UpdateDiff::new
FN:48,UpdateDiff::calculate
FN:144,UpdateDiff::calculate_file_changes
FN:231,UpdateDiff::display
FN:299,UpdateDiff::has_changes
FN:312,<impl Default for UpdateDiff>::default
FNF:6
FNDA:42,UpdateDiff::new
FNDA:18,UpdateDiff::calculate
FNDA:12,UpdateDiff::calculate_file_changes
FNDA:10,UpdateDiff::display
FNDA:10,UpdateDiff::has_changes
FNDA:2,<impl Default for UpdateDiff>::default
DA:40,42
DA:42,42
DA:43,42
DA:48,18
DA:53,36
DA:56,42
DA:57,14
DA:58,18
DA:59,10
DA:60,6
DA:61,6
DA:62,6
DA:63,2
DA:66,6
DA:67,6
DA:68,4
DA:69,2
DA:74,6
DA:75,6
DA:76,4
DA:77,2
DA:82,0
DA:83,0
DA:84,0
DA:89,6
DA:90,6
DA:91,2
DA:97,36
DA:98,12
DA:99,16
DA:100,8
DA:101,6
DA:102,6
DA:103,6
DA:104,4
DA:105,2
DA:110,6
DA:111,6
DA:112,2
DA:116,0
DA:117,0
DA:118,0
DA:124,32
DA:125,56
DA:127,28
DA:128,16
DA:130,12
DA:131,12
DA:132,8
DA:133,4
DA:140,18
DA:144,12
DA:148,36
DA:150,32
DA:151,10
DA:152,4
DA:153,12
DA:155,12
DA:156,8
DA:157,4
DA:158,4
DA:162,4
DA:163,2
DA:165,4
DA:166,4
DA:167,2
DA:168,10
DA:169,6
DA:170,8
DA:171,4
DA:172,4
DA:173,24
DA:177,0
DA:182,4
DA:187,6
DA:190,4
DA:191,2
DA:192,0
DA:194,8
DA:197,4
DA:198,12
DA:200,12
DA:201,8
DA:202,4
DA:203,4
DA:206,4
DA:208,4
DA:209,4
DA:210,6
DA:211,4
DA:212,4
DA:213,2
DA:214,2
DA:215,12
DA:217,2
DA:221,6
DA:222,4
DA:225,2
DA:231,10
DA:232,20
DA:233,20
DA:235,20
DA:236,20
DA:237,20
DA:238,20
DA:240,38
DA:241,14
DA:243,6
DA:244,6
DA:245,6
DA:246,6
DA:247,12
DA:248,6
DA:250,12
DA:251,8
DA:252,4
DA:254,6
DA:255,4
DA:256,2
DA:258,6
DA:259,4
DA:260,2
DA:265,20
DA:266,10
DA:267,10
DA:272,10
DA:273,4
DA:274,6
DA:275,4
DA:276,2
DA:277,4
DA:278,8
DA:279,2
DA:282,2
DA:283,4
DA:284,8
DA:285,2
DA:288,2
DA:289,4
DA:290,8
DA:291,2
DA:299,10
DA:300,26
DA:301,4
DA:302,6
DA:312,2
DA:313,2
LF:147
LH:139
end_of_record
TN:
SF:/Users/forge18/Documents/Repos/lpm/src/package/validator.rs
FN:11,ManifestValidator::validate
FN:27,ManifestValidator::validate_name
FN:57,ManifestValidator::validate_version_format
FN:85,ManifestValidator::validate_lua_version
FN:102,ManifestValidator::validate_dependencies
FN:130,ManifestValidator::validate_dev_dependencies
FN:137,ManifestValidator::validate_build_config
FN:179,ManifestValidator::validate_scripts
FNF:8
FNDA:42,ManifestValidator::validate
FNDA:62,ManifestValidator::validate_name
FNDA:56,ManifestValidator::validate_version_format
FNDA:50,ManifestValidator::validate_lua_version
FNDA:76,ManifestValidator::validate_dependencies
FNDA:34,ManifestValidator::validate_dev_dependencies
FNDA:48,ManifestValidator::validate_build_config
FNDA:44,ManifestValidator::validate_scripts
DA:11,42
DA:13,90
DA:16,72
DA:17,74
DA:18,68
DA:19,68
DA:20,68
DA:21,70
DA:22,64
DA:24,32
DA:27,62
DA:29,124
DA:30,2
DA:31,2
DA:36,60
DA:37,60
DA:38,1438
DA:40,2
DA:41,2
DA:42,2
DA:47,220
DA:48,8
DA:49,8
DA:50,8
DA:54,50
DA:57,56
DA:59,112
DA:60,2
DA:64,270
DA:65,54
DA:66,4
DA:67,4
DA:68,4
DA:73,304
DA:74,532
DA:75,6
DA:76,6
DA:77,6
DA:82,44
DA:85,50
DA:86,100
DA:87,2
DA:93,48
DA:94,4
DA:95,4
DA:99,44
DA:102,76
DA:103,152
DA:105,102
DA:107,30
DA:108,0
DA:109,0
DA:110,0
DA:113,40
DA:116,22
DA:119,26
DA:120,2
DA:121,2
DA:122,2
DA:127,72
DA:130,34
DA:134,68
DA:137,48
DA:140,68
DA:142,20
DA:143,48
DA:145,2
DA:146,2
DA:147,2
DA:154,18
DA:155,20
DA:156,6
DA:157,2
DA:158,2
DA:159,2
DA:165,24
DA:166,4
DA:167,4
DA:168,4
DA:169,4
DA:170,4
DA:176,40
DA:179,44
DA:180,70
DA:181,24
DA:182,2
DA:185,20
DA:186,2
DA:187,2
DA:188,2
DA:193,16
DA:194,8
DA:195,16
DA:196,16
DA:197,8
DA:198,8
DA:200,24
DA:201,6
DA:202,6
DA:203,6
DA:208,34
LF:101
LH:98
end_of_record
TN:
SF:/Users/forge18/Documents/Repos/lpm/src/package/verifier.rs
FN:12,PackageVerifier::new
FN:17,PackageVerifier::verify_all
FN:35,PackageVerifier::verify_package
FN:85,PackageVerifier::verify_file
FN:120,VerificationResult::new
FN:127,VerificationResult::add_success
FN:131,VerificationResult::add_failure
FN:135,VerificationResult::is_success
FN:139,VerificationResult::total_verified
FN:145,<impl Default for VerificationResult>::default
FNF:10
FNDA:20,PackageVerifier::new
FNDA:4,PackageVerifier::verify_all
FNDA:12,PackageVerifier::verify_package
FNDA:8,PackageVerifier::verify_file
FNDA:18,VerificationResult::new
FNDA:8,VerificationResult::add_success
FNDA:12,VerificationResult::add_failure
FNDA:14,VerificationResult::is_success
FNDA:14,VerificationResult::total_verified
FNDA:2,<impl Default for VerificationResult>::default
DA:12,20
DA:17,4
DA:22,8
DA:24,16
DA:25,16
DA:26,0
DA:27,28
DA:31,4
DA:35,12
DA:42,24
DA:44,12
DA:45,2
DA:46,2
DA:47,2
DA:52,18
DA:53,12
DA:55,6
DA:56,6
DA:57,6
DA:62,4
DA:63,4
DA:64,4
DA:65,2
DA:66,2
DA:71,6
DA:74,2
DA:75,0
DA:76,0
DA:77,0
DA:81,2
DA:85,8
DA:86,8
DA:87,2
DA:88,2
DA:92,6
DA:93,4
DA:94,4
DA:95,2
DA:99,12
DA:101,4
DA:102,2
DA:103,2
DA:104,2
DA:108,2
DA:120,18
DA:122,18
DA:123,18
DA:127,8
DA:128,24
DA:131,12
DA:132,36
DA:135,14
DA:136,28
DA:139,14
DA:140,42
DA:145,2
DA:146,2
LF:57
LH:53
end_of_record
TN:
SF:/Users/forge18/Documents/Repos/lpm/src/publish/packager.rs
FN:18,PublishPackager::new
FN:31,PublishPackager::package
FN:59,PublishPackager::copy_lua_files
FN:88,PublishPackager::copy_rust_binaries
FN:118,PublishPackager::copy_directory
FN:148,PublishPackager::create_archive
FN:171,PublishPackager::create_zip
FN:191,PublishPackager::create_tar_gz
FNF:8
FNDA:30,PublishPackager::new
FNDA:6,PublishPackager::package
FNDA:16,PublishPackager::copy_lua_files
FNDA:2,PublishPackager::copy_rust_binaries
FNDA:40,PublishPackager::copy_directory
FNDA:6,PublishPackager::create_archive
FNDA:0,PublishPackager::create_zip
FNDA:6,PublishPackager::create_tar_gz
DA:18,30
DA:20,60
DA:31,6
DA:32,12
DA:33,18
DA:34,18
DA:37,6
DA:38,4
DA:40,12
DA:43,18
DA:46,10
DA:47,0
DA:51,30
DA:53,18
DA:55,6
DA:59,16
DA:61,80
DA:63,144
DA:64,192
DA:65,94
DA:66,120
DA:67,176
DA:68,336
DA:74,64
DA:75,64
DA:76,32
DA:77,96
DA:78,42
DA:79,10
DA:80,6
DA:84,16
DA:88,2
DA:89,4
DA:90,4
DA:91,4
DA:94,6
DA:95,4
DA:96,4
DA:97,2
DA:98,2
DA:101,0
DA:102,0
DA:104,0
DA:106,0
DA:107,0
DA:108,0
DA:109,0
DA:111,2
DA:114,2
DA:118,40
DA:122,80
DA:124,256
DA:125,350
DA:126,182
DA:127,522
DA:129,414
DA:130,120
DA:131,120
DA:132,60
DA:133,240
DA:136,120
DA:137,120
DA:140,180
DA:144,38
DA:148,6
DA:149,24
DA:150,12
DA:153,6
DA:154,0
DA:156,6
DA:159,24
DA:162,0
DA:164,24
DA:167,6
DA:171,0
DA:174,0
DA:176,0
DA:178,0
DA:181,0
DA:182,0
DA:183,0
DA:187,0
DA:191,6
DA:194,24
DA:196,12
DA:198,6
DA:202,6
DA:203,0
DA:204,0
DA:208,6
LF:90
LH:70
end_of_record
TN:
SF:/Users/forge18/Documents/Repos/lpm/src/publish/publisher.rs
FN:18,Publisher::new
FN:26,Publisher::publish
FN:71,Publisher::upload_to_luarocks
FNF:3
FNDA:58,Publisher::new
FNDA:34,Publisher::publish
FNDA:14,Publisher::upload_to_luarocks
DA:18,58
DA:20,116
DA:26,34
DA:28,32
DA:29,61
DA:32,12
DA:33,3
DA:36,0
DA:37,0
DA:40,0
DA:43,0
DA:44,0
DA:45,0
DA:46,0
DA:48,0
DA:49,0
DA:52,0
DA:53,0
DA:56,0
DA:57,0
DA:58,0
DA:61,0
DA:62,0
DA:63,0
DA:65,0
DA:67,0
DA:71,14
DA:79,28
DA:86,40
DA:87,14
DA:88,20
DA:89,36
DA:90,12
DA:91,12
DA:93,24
DA:94,24
DA:95,24
DA:96,12
DA:97,24
DA:99,16
DA:100,16
DA:101,16
DA:102,8
DA:103,8
DA:105,24
DA:107,16
DA:108,8
DA:109,8
DA:110,8
DA:111,8
DA:114,8
DA:116,24
DA:118,16
DA:119,8
DA:120,8
DA:121,8
DA:122,8
DA:125,8
DA:127,16
DA:128,24
DA:129,24
DA:130,16
DA:131,16
DA:133,16
DA:134,24
DA:135,24
DA:136,24
DA:138,8
DA:139,8
DA:141,8
DA:142,24
DA:143,32
DA:144,8
DA:145,8
DA:146,8
DA:150,0
LF:76
LH:56
end_of_record
TN:
SF:/Users/forge18/Documents/Repos/lpm/src/publish/rockspec_generator.rs
FN:11,RockspecGenerator::generate
FN:98,RockspecGenerator::format_dependency
FN:138,escape_lua_string
FNF:3
FNDA:22,RockspecGenerator::generate
FNDA:22,RockspecGenerator::format_dependency
FNDA:16,escape_lua_string
DA:11,22
DA:13,88
DA:15,44
DA:18,66
DA:19,66
DA:20,44
DA:23,38
DA:24,40
DA:28,30
DA:29,12
DA:33,30
DA:34,12
DA:38,66
DA:39,44
DA:42,66
DA:43,66
DA:44,66
DA:45,44
DA:48,22
DA:49,12
DA:50,22
DA:52,24
DA:53,18
DA:55,12
DA:56,8
DA:60,66
DA:61,30
DA:62,8
DA:63,8
DA:64,6
DA:65,6
DA:66,18
DA:68,24
DA:69,12
DA:70,4
DA:71,4
DA:74,6
DA:76,8
DA:77,4
DA:79,6
DA:80,4
DA:83,2
DA:84,2
DA:85,2
DA:90,28
DA:92,60
DA:94,20
DA:98,22
DA:99,62
DA:100,4
DA:104,54
DA:106,18
DA:107,4
DA:108,12
DA:109,4
DA:111,4
DA:113,12
DA:114,4
DA:116,4
DA:118,12
DA:119,4
DA:121,4
DA:122,12
DA:123,4
DA:125,2
DA:126,6
DA:127,2
DA:129,0
DA:130,0
DA:131,0
DA:138,16
DA:139,96
LF:72
LH:69
end_of_record
TN:
SF:/Users/forge18/Documents/Repos/lpm/src/publish/validator.rs
FN:13,PublishValidator::validate
FN:36,PublishValidator::validate_has_lua_files
FN:84,PublishValidator::validate_rust_build
FN:109,PublishValidator::validate_metadata
FNF:4
FNDA:40,PublishValidator::validate
FNDA:30,PublishValidator::validate_has_lua_files
FNDA:4,PublishValidator::validate_rust_build
FNDA:17,PublishValidator::validate_metadata
DA:13,40
DA:15,90
DA:18,71
DA:21,23
DA:22,4
DA:23,14
DA:28,34
DA:30,34
DA:32,17
DA:36,30
DA:37,150
DA:38,60
DA:40,147
DA:41,272
DA:42,86
DA:43,62
DA:44,78
DA:45,0
DA:47,78
DA:48,104
DA:49,7
DA:50,7
DA:56,68
DA:57,146
DA:58,72
DA:59,0
DA:61,72
DA:62,129
DA:63,12
DA:64,12
DA:69,68
DA:70,19
DA:74,30
DA:75,11
DA:76,11
DA:80,19
DA:84,4
DA:89,28
DA:91,4
DA:92,4
DA:93,4
DA:94,2
DA:99,4
DA:100,0
DA:101,0
DA:105,2
DA:109,17
DA:110,34
DA:111,0
DA:112,0
DA:116,34
DA:117,0
DA:118,0
DA:123,38
DA:124,4
DA:128,39
DA:129,5
DA:132,17
LF:58
LH:50
end_of_record
TN:
SF:/Users/forge18/Documents/Repos/lpm/src/resolver/dependency_graph.rs
FN:21,DependencyGraph::new
FN:28,DependencyGraph::add_node
FN:41,DependencyGraph::add_dependency
FN:54,DependencyGraph::get_node
FN:59,DependencyGraph::node_names
FN:64,DependencyGraph::set_resolved_version
FN:77,DependencyGraph::detect_circular_dependencies
FN:105,DependencyGraph::dfs_detect_cycles
FN:136,DependencyGraph::get_all_dependencies
FN:156,<impl Default for DependencyGraph>::default
FNF:10
FNDA:102,DependencyGraph::new
FNDA:83,DependencyGraph::add_node
FNDA:16,DependencyGraph::add_dependency
FNDA:10,DependencyGraph::get_node
FNDA:0,DependencyGraph::node_names
FNDA:4,DependencyGraph::set_resolved_version
FNDA:34,DependencyGraph::detect_circular_dependencies
FNDA:18,DependencyGraph::dfs_detect_cycles
FNDA:6,DependencyGraph::get_all_dependencies
FNDA:2,<impl Default for DependencyGraph>::default
DA:21,102
DA:23,102
DA:28,83
DA:29,166
DA:30,166
DA:31,83
DA:32,166
DA:33,166
DA:34,83
DA:35,83
DA:41,16
DA:42,46
DA:43,42
DA:44,14
DA:46,2
DA:47,2
DA:48,2
DA:54,10
DA:55,30
DA:59,0
DA:60,0
DA:64,4
DA:65,10
DA:66,2
DA:67,2
DA:69,2
DA:70,2
DA:71,2
DA:77,34
DA:78,68
DA:79,68
DA:80,68
DA:81,68
DA:83,86
DA:84,36
DA:85,28
DA:86,14
DA:87,14
DA:88,14
DA:89,14
DA:90,14
DA:95,68
DA:96,32
DA:98,2
DA:99,2
DA:100,2
DA:105,18
DA:113,72
DA:114,72
DA:115,72
DA:117,54
DA:118,34
DA:119,16
DA:120,28
DA:121,12
DA:123,12
DA:124,8
DA:125,6
DA:130,54
DA:131,36
DA:132,18
DA:136,6
DA:137,12
DA:138,24
DA:140,26
DA:141,28
DA:142,16
DA:143,12
DA:144,20
DA:145,12
DA:151,6
DA:156,2
DA:157,2
LF:73
LH:71
end_of_record
TN:
SF:/Users/forge18/Documents/Repos/lpm/src/resolver/dependency_resolver.rs
FN:18,DependencyResolver::new
FN:30,DependencyResolver::resolve
FN:123,DependencyResolver::get_available_versions
FN:147,DependencyResolver::select_version
FN:165,DependencyResolver::resolve_conflicts
FN:201,parse_dependency_string
FN:229,get_rockspec
FNF:7
FNDA:88,DependencyResolver::new
FNDA:51,DependencyResolver::resolve
FNDA:59,DependencyResolver::get_available_versions
FNDA:18,DependencyResolver::select_version
FNDA:12,DependencyResolver::resolve_conflicts
FNDA:34,parse_dependency_string
FNDA:0,get_rockspec
DA:18,88
DA:30,51
DA:34,102
DA:35,102
DA:38,190
DA:39,45
DA:40,143
DA:41,2
DA:43,225
DA:47,98
DA:48,196
DA:49,196
DA:50,98
DA:53,147
DA:55,94
DA:56,180
DA:57,0
DA:59,90
DA:62,98
DA:64,135
DA:65,129
DA:66,0
DA:68,172
DA:71,172
DA:72,0
DA:73,0
DA:74,0
DA:75,0
DA:80,0
DA:81,0
DA:82,0
DA:83,0
DA:87,0
DA:88,0
DA:89,0
DA:90,0
DA:92,0
DA:94,0
DA:96,0
DA:97,0
DA:98,0
DA:99,0
DA:100,0
DA:102,0
DA:106,0
DA:108,0
DA:110,0
DA:111,0
DA:117,12
DA:119,6
DA:123,59
DA:125,236
DA:127,118
DA:128,49
DA:129,49
DA:130,49
DA:134,20
DA:135,54
DA:137,66
DA:138,66
DA:142,68
DA:143,10
DA:147,18
DA:152,68
DA:153,96
DA:154,14
DA:158,4
DA:159,4
DA:160,4
DA:165,12
DA:170,24
DA:171,2
DA:174,10
DA:175,2
DA:179,32
DA:182,18
DA:183,66
DA:184,8
DA:187,4
DA:192,2
DA:193,2
DA:194,2
DA:201,34
DA:202,102
DA:205,64
DA:206,90
DA:207,90
DA:210,90
DA:211,18
DA:213,48
DA:216,90
DA:217,60
DA:218,30
DA:221,4
DA:222,8
DA:223,4
DA:229,0
DA:235,0
DA:236,0
DA:237,0
LF:100
LH:70
end_of_record
TN:
SF:/Users/forge18/Documents/Repos/lpm/src/security/advisory.rs
FN:14,AdvisoryDatabase::new
FN:21,AdvisoryDatabase::load
FN:39,AdvisoryDatabase::load_builtin_advisories
FN:58,AdvisoryDatabase::add_advisory
FN:66,AdvisoryDatabase::check_package
FN:81,AdvisoryDatabase::get_advisories
FN:89,AdvisoryDatabase::has_vulnerabilities
FN:100,AdvisoryDatabase::load_from_osv
FN:139,AdvisoryDatabase::parse_osv_vulnerability
FN:225,AdvisoryDatabase::load_from_osv_batch
FN:239,<impl Default for AdvisoryDatabase>::default
FNF:11
FNDA:40,AdvisoryDatabase::new
FNDA:10,AdvisoryDatabase::load
FNDA:10,AdvisoryDatabase::load_builtin_advisories
FNDA:16,AdvisoryDatabase::add_advisory
FNDA:12,AdvisoryDatabase::check_package
FNDA:10,AdvisoryDatabase::get_advisories
FNDA:6,AdvisoryDatabase::has_vulnerabilities
FNDA:12,AdvisoryDatabase::load_from_osv
FNDA:8,AdvisoryDatabase::parse_osv_vulnerability
FNDA:12,AdvisoryDatabase::load_from_osv_batch
FNDA:2,<impl Default for AdvisoryDatabase>::default
DA:14,40
DA:16,40
DA:21,10
DA:22,20
DA:25,20
DA:32,10
DA:39,10
DA:58,16
DA:59,32
DA:60,48
DA:62,32
DA:66,12
DA:67,24
DA:69,34
DA:70,34
DA:71,44
DA:72,16
DA:77,12
DA:81,10
DA:82,10
DA:83,20
DA:84,18
DA:89,6
DA:90,18
DA:100,12
DA:103,12
DA:104,12
DA:105,6
DA:106,6
DA:107,6
DA:108,6
DA:112,18
DA:114,18
DA:116,6
DA:117,6
DA:119,12
DA:120,0
DA:122,0
DA:123,0
DA:126,0
DA:127,0
DA:128,0
DA:129,0
DA:135,6
DA:139,8
DA:144,30
DA:145,12
DA:147,18
DA:149,12
DA:151,18
DA:152,12
DA:155,12
DA:157,14
DA:158,14
DA:159,10
DA:160,4
DA:161,6
DA:162,4
DA:163,0
DA:164,0
DA:166,12
DA:170,18
DA:173,12
DA:175,10
DA:176,10
DA:177,10
DA:178,10
DA:179,10
DA:180,10
DA:181,10
DA:182,8
DA:183,4
DA:184,4
DA:185,4
DA:186,2
DA:190,0
DA:194,12
DA:196,10
DA:197,8
DA:198,2
DA:199,12
DA:200,6
DA:201,2
DA:206,18
DA:207,4
DA:209,2
DA:212,6
DA:213,18
DA:214,12
DA:215,12
DA:216,12
DA:217,18
DA:218,18
DA:219,6
DA:220,6
DA:225,12
DA:226,18
DA:227,24
DA:228,0
DA:229,0
DA:230,0
DA:234,6
DA:239,2
DA:240,2
LF:104
LH:91
end_of_record
TN:
SF:/Users/forge18/Documents/Repos/lpm/src/security/audit.rs
FN:14,SecurityAuditor::new
FN:22,SecurityAuditor::new_with_osv
FN:32,SecurityAuditor::audit_project
FN:38,SecurityAuditor::audit_project_with_osv
FN:52,SecurityAuditor::audit
FN:79,SecurityAuditor::check_package
FN:84,SecurityAuditor::get_advisories
FN:90,format_report
FNF:8
FNDA:4,SecurityAuditor::new
FNDA:8,SecurityAuditor::new_with_osv
FNDA:2,SecurityAuditor::audit_project
FNDA:4,SecurityAuditor::audit_project_with_osv
FNDA:4,SecurityAuditor::audit
FNDA:4,SecurityAuditor::check_package
FNDA:6,SecurityAuditor::get_advisories
FNDA:14,format_report
DA:14,4
DA:15,8
DA:16,4
DA:22,8
DA:23,8
DA:26,12
DA:28,4
DA:32,2
DA:33,4
DA:34,6
DA:38,4
DA:40,0
DA:41,8
DA:42,2
DA:45,0
DA:47,0
DA:48,0
DA:52,4
DA:54,16
DA:55,2
DA:58,4
DA:59,2
DA:62,2
DA:63,0
DA:66,0
DA:67,0
DA:68,0
DA:70,0
DA:71,0
DA:75,2
DA:79,4
DA:80,16
DA:84,6
DA:85,18
DA:90,14
DA:93,28
DA:95,28
DA:96,8
DA:97,8
DA:98,2
DA:102,36
DA:103,36
DA:106,36
DA:108,48
DA:109,48
DA:110,48
DA:111,12
DA:112,12
DA:114,24
DA:117,36
DA:120,36
DA:121,12
DA:122,12
DA:124,12
DA:125,6
DA:129,32
DA:130,20
DA:132,32
DA:133,20
DA:135,28
DA:136,10
DA:139,36
DA:140,48
DA:141,36
DA:144,56
DA:145,16
DA:146,16
DA:148,16
DA:149,32
DA:150,32
DA:154,16
DA:155,16
DA:160,64
DA:162,24
DA:163,12
DA:166,24
DA:167,12
DA:170,64
DA:172,16
DA:173,16
DA:174,22
DA:175,18
DA:179,48
DA:183,48
DA:184,44
DA:185,40
DA:186,24
DA:188,12
DA:190,48
DA:191,12
DA:192,12
DA:197,12
LF:92
LH:82
end_of_record
TN:
SF:/Users/forge18/Documents/Repos/lpm/src/security/osv.rs
FN:45,<impl Default for OsvApi>::default
FN:55,OsvApi::new
FN:61,OsvApi::query_package
FNF:3
FNDA:22,<impl Default for OsvApi>::default
FNDA:20,OsvApi::new
FNDA:32,OsvApi::query_package
DA:45,22
DA:47,44
DA:48,22
DA:55,20
DA:56,20
DA:61,32
DA:63,32
DA:68,16
DA:71,48
DA:72,48
DA:73,32
DA:74,48
DA:75,48
DA:77,16
DA:78,16
DA:81,16
DA:82,2
DA:85,56
DA:87,14
DA:88,14
DA:90,14
DA:91,14
DA:92,14
DA:93,26
DA:95,24
DA:96,12
DA:97,12
DA:98,32
DA:99,16
DA:100,22
DA:101,40
DA:102,10
DA:103,4
DA:104,6
DA:105,2
DA:106,4
DA:107,2
DA:109,2
DA:113,24
DA:115,12
DA:116,36
DA:117,36
DA:118,24
DA:119,24
DA:120,24
DA:121,24
DA:122,12
DA:123,12
DA:126,14
LF:49
LH:49
end_of_record
TN:
SF:/Users/forge18/Documents/Repos/lpm/src/security/vulnerability.rs
FN:18,Severity::as_str
FN:27,Severity::emoji
FN:60,Vulnerability::affects_version
FN:93,VulnerabilityReport::new
FN:101,VulnerabilityReport::add
FN:105,VulnerabilityReport::is_empty
FN:109,VulnerabilityReport::count_by_severity
FN:117,VulnerabilityReport::has_critical
FN:123,VulnerabilityReport::has_high
FNF:9
FNDA:24,Severity::as_str
FNDA:40,Severity::emoji
FNDA:24,Vulnerability::affects_version
FNDA:34,VulnerabilityReport::new
FNDA:28,VulnerabilityReport::add
FNDA:20,VulnerabilityReport::is_empty
FNDA:14,VulnerabilityReport::count_by_severity
FNDA:18,VulnerabilityReport::has_critical
FNDA:12,VulnerabilityReport::has_high
DA:18,24
DA:19,24
DA:20,4
DA:21,6
DA:22,6
DA:23,8
DA:27,40
DA:28,40
DA:29,6
DA:30,10
DA:31,10
DA:32,14
DA:60,24
DA:64,48
DA:65,46
DA:66,66
DA:71,2
DA:72,0
DA:73,4
DA:74,4
DA:76,0
DA:80,2
DA:93,34
DA:95,34
DA:101,28
DA:102,84
DA:105,20
DA:106,40
DA:109,14
DA:110,28
DA:111,80
DA:112,66
DA:114,14
DA:117,18
DA:118,18
DA:120,46
DA:123,12
DA:124,12
DA:126,28
LF:39
LH:37
end_of_record
TN:
SF:/Users/forge18/Documents/Repos/lpm/src/workspace/finder.rs
FN:12,WorkspaceFinder::find_workspace_root
FN:38,WorkspaceFinder::find_package_manifests
FN:56,WorkspaceFinder::is_in_workspace
FNF:3
FNDA:12,WorkspaceFinder::find_workspace_root
FNDA:6,WorkspaceFinder::find_package_manifests
FNDA:4,WorkspaceFinder::is_in_workspace
DA:12,12
DA:13,36
DA:17,46
DA:18,6
DA:22,80
DA:23,44
DA:24,2
DA:28,38
DA:29,102
DA:30,4
DA:34,4
DA:38,6
DA:41,12
DA:43,32
DA:44,6
DA:45,46
DA:47,38
DA:48,18
DA:52,6
DA:56,4
DA:57,16
LF:21
LH:21
end_of_record
TN:
SF:/Users/forge18/Documents/Repos/lpm/src/workspace/workspace_config.rs
FN:38,Workspace::load
FN:53,Workspace::load_config
FN:80,Workspace::load_workspace_yaml
FN:101,Workspace::load_from_package_yaml
FN:133,Workspace::find_packages
FN:218,Workspace::get_package
FN:223,Workspace::package_names
FN:231,Workspace::shared_dependencies
FN:258,Workspace::is_workspace
FN:266,<impl Default for WorkspaceConfig>::default
FNF:10
FNDA:0,Workspace::load
FNDA:10,Workspace::load_config
FNDA:4,Workspace::load_workspace_yaml
FNDA:30,Workspace::load_from_package_yaml
FNDA:12,Workspace::find_packages
FNDA:4,Workspace::get_package
FNDA:2,Workspace::package_names
FNDA:4,Workspace::shared_dependencies
FNDA:30,Workspace::is_workspace
FNDA:8,<impl Default for WorkspaceConfig>::default
DA:38,0
DA:40,0
DA:43,0
DA:45,0
DA:46,0
DA:47,0
DA:48,0
DA:53,10
DA:55,30
DA:56,10
DA:57,8
DA:61,18
DA:62,6
DA:63,6
DA:64,2
DA:70,4
DA:71,4
DA:72,12
DA:73,8
DA:74,4
DA:75,20
DA:80,4
DA:90,12
DA:91,12
DA:92,10
DA:94,2
DA:95,2
DA:96,2
DA:101,30
DA:116,90
DA:117,120
DA:118,30
DA:120,36
DA:121,6
DA:122,6
DA:123,6
DA:126,24
DA:127,24
DA:133,12
DA:139,24
DA:142,36
DA:144,12
DA:146,30
DA:147,20
DA:149,0
DA:152,40
DA:153,10
DA:155,62
DA:156,10
DA:157,10
DA:158,94
DA:160,74
DA:161,32
DA:162,16
DA:163,32
DA:165,64
DA:166,64
DA:172,64
DA:174,0
DA:175,0
DA:176,0
DA:177,0
DA:178,0
DA:188,8
DA:189,2
DA:190,2
DA:191,4
DA:193,8
DA:194,10
DA:200,8
DA:202,0
DA:203,0
DA:204,0
DA:205,0
DA:206,0
DA:214,12
DA:218,4
DA:219,12
DA:223,2
DA:224,8
DA:231,4
DA:232,12
DA:234,22
DA:236,30
DA:237,18
DA:238,24
DA:240,24
DA:244,14
DA:245,6
DA:246,8
DA:248,8
DA:253,20
DA:254,4
DA:258,30
DA:259,30
DA:260,28
DA:261,78
DA:266,8
DA:268,24
DA:269,16
LF:100
LH:82
end_of_record
